3/17/2025, 3:54:20 PM - Status Code: 404 - Error: No cards found for this user
3/17/2025, 3:58:14 PM - Status Code: 401 - Error: access denied. no token provided
3/17/2025, 4:03:40 PM - Status Code: 404 - Error: No cards found for this user
3/17/2025, 4:03:42 PM - Status Code: 404 - Error: No cards found for this user
3/17/2025, 4:03:47 PM - Status Code: 401 - Error: access denied. no token provided
3/17/2025, 4:04:00 PM - Status Code: 404 - Error: No cards found for this user
3/17/2025, 4:04:17 PM - Status Code: 404 - Error: No cards found for this user
3/17/2025, 4:04:27 PM - Status Code: 404 - Error: No cards found for this user
3/17/2025, 4:05:36 PM - Status Code: 404 - Error: No cards found for this user
3/17/2025, 4:05:40 PM - Status Code: 404 - Error: No cards found for this user
3/17/2025, 4:06:04 PM - Status Code: 404 - Error: No cards found for this user
3/17/2025, 4:08:14 PM - Status Code: 404 - Error: No cards found for this user
3/17/2025, 4:08:15 PM - Status Code: 404 - Error: No cards found for this user
3/17/2025, 4:08:16 PM - Status Code: 404 - Error: No cards found for this user
3/17/2025, 4:08:16 PM - Status Code: 404 - Error: No cards found for this user
3/17/2025, 4:08:16 PM - Status Code: 404 - Error: No cards found for this user
3/17/2025, 4:08:18 PM - Status Code: 404 - Error: No cards found for this user
3/17/2025, 8:59:38 PM - Status Code: 400 - Error: invalid email or password
3/17/2025, 8:59:39 PM - Status Code: 400 - Error: invalid email or password
3/17/2025, 8:59:40 PM - Status Code: 400 - Error: invalid email or password
3/17/2025, 8:59:42 PM - Status Code: 400 - Error: invalid email or password
3/17/2025, 8:59:43 PM - Status Code: 400 - Error: invalid email or password
3/17/2025, 8:59:44 PM - Status Code: 400 - Error: invalid email or password
3/17/2025, 9:01:46 PM - Status Code: 400 - Error: Error: Cannot find module './failedAttempts'
Require stack:
- D:\bserver-client\bcards-server-plus-client\server\routes\users.js
- D:\bserver-client\bcards-server-plus-client\server\app.js
3/17/2025, 9:01:46 PM - Status Code: 400 - Error: {"code":"MODULE_NOT_FOUND","requireStack":["D:\\bserver-client\\bcards-server-plus-client\\server\\routes\\users.js","D:\\bserver-client\\bcards-server-plus-client\\server\\app.js"]}
3/17/2025, 9:01:49 PM - Status Code: 400 - Error: Error: Cannot find module './failedAttempts'
Require stack:
- D:\bserver-client\bcards-server-plus-client\server\routes\users.js
- D:\bserver-client\bcards-server-plus-client\server\app.js
3/17/2025, 9:01:49 PM - Status Code: 400 - Error: {"code":"MODULE_NOT_FOUND","requireStack":["D:\\bserver-client\\bcards-server-plus-client\\server\\routes\\users.js","D:\\bserver-client\\bcards-server-plus-client\\server\\app.js"]}
3/17/2025, 9:01:51 PM - Status Code: 400 - Error: {"code":"MODULE_NOT_FOUND","requireStack":["D:\\bserver-client\\bcards-server-plus-client\\server\\routes\\users.js","D:\\bserver-client\\bcards-server-plus-client\\server\\app.js"]}
3/17/2025, 9:01:51 PM - Status Code: 400 - Error: Error: Cannot find module './failedAttempts'
Require stack:
- D:\bserver-client\bcards-server-plus-client\server\routes\users.js
- D:\bserver-client\bcards-server-plus-client\server\app.js
3/17/2025, 9:02:25 PM - Status Code: 400 - Error: Invalid email or password
3/17/2025, 9:02:26 PM - Status Code: 400 - Error: Invalid email or password
3/17/2025, 9:02:55 PM - Status Code: 400 - Error: Invalid email or password
3/17/2025, 9:02:56 PM - Status Code: 400 - Error: Invalid email or password
3/17/2025, 9:02:57 PM - Status Code: 400 - Error: Invalid email or password
3/17/2025, 9:03:03 PM - Status Code: 400 - Error: Invalid email or password
3/17/2025, 9:03:04 PM - Status Code: 400 - Error: Invalid email or password
3/17/2025, 9:03:05 PM - Status Code: 400 - Error: Invalid email or password
3/17/2025, 9:03:06 PM - Status Code: 400 - Error: Invalid email or password
3/17/2025, 9:03:07 PM - Status Code: 400 - Error: Invalid email or password
3/17/2025, 9:03:07 PM - Status Code: 400 - Error: Invalid email or password
3/17/2025, 9:03:07 PM - Status Code: 400 - Error: Invalid email or password
3/17/2025, 9:03:07 PM - Status Code: 400 - Error: Invalid email or password
3/17/2025, 9:03:08 PM - Status Code: 400 - Error: Invalid email or password
3/17/2025, 9:03:08 PM - Status Code: 400 - Error: Invalid email or password
3/17/2025, 9:03:08 PM - Status Code: 400 - Error: Invalid email or password
3/17/2025, 9:03:08 PM - Status Code: 400 - Error: Invalid email or password
3/17/2025, 9:03:08 PM - Status Code: 400 - Error: Invalid email or password
3/17/2025, 9:03:08 PM - Status Code: 400 - Error: Invalid email or password
3/17/2025, 9:03:08 PM - Status Code: 400 - Error: Invalid email or password
3/17/2025, 9:03:09 PM - Status Code: 400 - Error: Invalid email or password
3/17/2025, 9:03:09 PM - Status Code: 400 - Error: Invalid email or password
3/17/2025, 9:03:24 PM - Status Code: 400 - Error: Invalid email or password
3/17/2025, 9:05:20 PM - Status Code: 400 - Error: Invalid email or password
3/17/2025, 9:05:21 PM - Status Code: 400 - Error: Invalid email or password
3/17/2025, 9:05:22 PM - Status Code: 400 - Error: Invalid email or password
3/17/2025, 9:05:23 PM - Status Code: 400 - Error: Invalid email or password
3/17/2025, 9:05:24 PM - Status Code: 400 - Error: Invalid email or password
3/17/2025, 9:05:25 PM - Status Code: 400 - Error: Invalid email or password
3/17/2025, 9:05:25 PM - Status Code: 400 - Error: Invalid email or password
3/17/2025, 9:05:25 PM - Status Code: 400 - Error: Invalid email or password
3/17/2025, 9:05:25 PM - Status Code: 400 - Error: Invalid email or password
3/17/2025, 9:05:25 PM - Status Code: 400 - Error: Invalid email or password
3/17/2025, 9:05:26 PM - Status Code: 400 - Error: Invalid email or password
3/17/2025, 9:05:26 PM - Status Code: 400 - Error: Invalid email or password
3/17/2025, 9:05:26 PM - Status Code: 400 - Error: Invalid email or password
3/17/2025, 9:05:26 PM - Status Code: 400 - Error: Invalid email or password
3/17/2025, 9:05:26 PM - Status Code: 400 - Error: Invalid email or password
3/17/2025, 9:05:27 PM - Status Code: 400 - Error: Invalid email or password
3/17/2025, 9:05:27 PM - Status Code: 400 - Error: Invalid email or password
3/17/2025, 9:05:27 PM - Status Code: 400 - Error: Invalid email or password
3/17/2025, 9:59:09 PM - Status Code: 404 - Error: No cards found for this user
3/17/2025, 10:22:21 PM - Status Code: 404 - Error: No cards found for this user
3/17/2025, 10:23:13 PM - Status Code: 404 - Error: No cards found for this user
3/17/2025, 10:24:13 PM - Status Code: 404 - Error: No cards found for this user
3/17/2025, 10:47:29 PM - Status Code: 401 - Error: access denied. no token provided
