3/14/2025, 2:38:24 PM - Status Code: 404 - Error: User not found
3/14/2025, 2:38:39 PM - Status Code: 404 - Error: User not found
3/14/2025, 2:39:10 PM - Status Code: 404 - Error: User not found
3/14/2025, 2:39:15 PM - Status Code: 404 - Error: User not found
3/14/2025, 2:41:23 PM - Status Code: 404 - Error: User not found
3/14/2025, 2:42:45 PM - Status Code: 401 - Error: You do not have permission to delete this user
3/14/2025, 2:43:44 PM - Status Code: 400 - Error: "isBusiness" is required
3/14/2025, 2:43:48 PM - Status Code: 400 - Error: "isBusiness" is required
3/14/2025, 2:43:49 PM - Status Code: 400 - Error: "isBusiness" is required
3/14/2025, 2:44:01 PM - Status Code: 404 - Error: wrong email or password
3/14/2025, 2:44:11 PM - Status Code: 404 - Error: wrong email or password
3/14/2025, 2:44:36 PM - Status Code: 404 - Error: wrong email or password
3/14/2025, 2:44:42 PM - Status Code: 404 - Error: wrong email or password
3/14/2025, 2:44:51 PM - Status Code: 404 - Error: wrong email or password
3/14/2025, 2:46:37 PM - Status Code: 404 - Error: User not found
3/14/2025, 2:49:48 PM - Status Code: 404 - Error: User not found
3/14/2025, 2:50:42 PM - Status Code: 409 - Error: The card already exists
3/14/2025, 2:51:29 PM - Status Code: 404 - Error: Card not found
3/14/2025, 2:54:23 PM - Status Code: 409 - Error: The card already exists
3/14/2025, 3:00:04 PM - Status Code: 409 - Error: The card already exists
3/14/2025, 3:08:57 PM - Status Code: 409 - Error: The card already exists
3/14/2025, 8:25:58 PM - Status Code: 400 - Error: "isBusiness" is required
3/14/2025, 8:36:33 PM - Status Code: 409 - Error: The card already exists
3/14/2025, 8:41:46 PM - Status Code: 409 - Error: The card already exists
3/14/2025, 8:46:01 PM - Status Code: 404 - Error: User not found
3/14/2025, 8:48:12 PM - Status Code: 409 - Error: The card already exists
3/14/2025, 8:50:23 PM - Status Code: 404 - Error: User not found
3/14/2025, 8:50:43 PM - Status Code: 404 - Error: User not found
3/14/2025, 8:50:55 PM - Status Code: 400 - Error: Cannot read properties of null (reading 'deletedCount')
3/14/2025, 8:51:08 PM - Status Code: 404 - Error: User not found
3/14/2025, 10:04:18 PM - Status Code: 404 - Error: No cards found for this user
3/14/2025, 10:20:11 PM - Status Code: 401 - Error: access denied. no token provided
3/14/2025, 10:20:15 PM - Status Code: 401 - Error: access denied. no token provided
3/14/2025, 10:20:44 PM - Status Code: 401 - Error: access denied. no token provided
3/14/2025, 10:20:50 PM - Status Code: 401 - Error: access denied. no token provided
3/14/2025, 10:21:07 PM - Status Code: 401 - Error: access denied. no token provided
3/14/2025, 10:21:15 PM - Status Code: 401 - Error: access denied. no token provided
3/14/2025, 10:24:12 PM - Status Code: 401 - Error: access denied. no token provided
3/14/2025, 10:25:57 PM - Status Code: 401 - Error: access denied. no token provided
3/14/2025, 10:30:52 PM - Status Code: 400 - Error: no cards to provide
3/14/2025, 10:30:57 PM - Status Code: 400 - Error: no cards to provide
3/15/2025, 12:41:10 AM - Status Code: 404 - Error: No cards found for this user
3/15/2025, 12:41:32 AM - Status Code: 409 - Error: The card already exists
3/15/2025, 12:49:01 AM - Status Code: 404 - Error: No cards found for this user
3/15/2025, 1:08:39 AM - Status Code: 401 - Error: access denied. no token provided
3/15/2025, 1:10:13 AM - Status Code: 401 - Error: access denied. no token provided
3/15/2025, 1:19:44 AM - Status Code: 401 - Error: access denied. no token provided
3/15/2025, 1:21:43 AM - Status Code: 401 - Error: access denied. no token provided
3/15/2025, 1:22:12 AM - Status Code: 401 - Error: access denied. no token provided
3/15/2025, 1:22:15 AM - Status Code: 401 - Error: access denied. no token provided
3/15/2025, 1:23:37 AM - Status Code: 401 - Error: access denied. no token provided
3/15/2025, 1:23:38 AM - Status Code: 401 - Error: access denied. no token provided
3/15/2025, 1:28:14 AM - Status Code: 401 - Error: access denied. no token provided
3/15/2025, 1:32:36 AM - Status Code: 401 - Error: access denied. no token provided
3/15/2025, 1:33:29 AM - Status Code: 401 - Error: access denied. no token provided
3/15/2025, 1:33:38 AM - Status Code: 404 - Error: No cards found for this user
3/15/2025, 1:33:45 AM - Status Code: 401 - Error: access denied. no token provided
3/15/2025, 1:35:00 AM - Status Code: 401 - Error: access denied. no token provided
