3/17/2025, 10:17:11 PM - Status Code: 404 - Error: No cards found for this user
3/17/2025, 10:17:16 PM - Status Code: 404 - Error: No cards found for this user
GET /api/cards - Status: 200
GET /api/cards - Status: 200
GET /api/cards - Status: 200
GET /api/cards - Status: 200
GET /api/cards - Status: 200
GET /api/cards - Status: 200
GET /api/cards/67d1dec2c580e971ad0742d9 - Status: 200
GET /api/cards/67d1dec2c580e971ad0742d9 - Status: 200
GET /api/cards/67d1dec2c580e971ad0742d9 - Status: 200
GET /api/cards/67d1dec2c580e971ad0742d9 - Status: 200
GET /api/cards - Status: 200
GET /api/cards - Status: 200
GET /api/cards - Status: 200
GET /api/cards - Status: 200
GET /api/cards/67d4b0c17001f65612d44d8d - Status: 200
GET /api/cards/67d4b0c17001f65612d44d8d - Status: 200
GET /api/cards - Status: 200
GET /api/cards - Status: 200
GET /api/cards/67d4b0c17001f65612d44d8d - Status: 200
GET /api/cards/67d4b0c17001f65612d44d8d - Status: 200
DELETE /api/cards/67d4b0c17001f65612d44d8d - Status: 200
GET /api/cards - Status: 200
GET /api/cards - Status: 200
GET /api/cards - Status: 200
GET /api/cards - Status: 200
GET /api/cards - Status: 200
GET /api/cards - Status: 200
GET /api/cards/67d4b0bb7001f65612d44d81 - Status: 200
GET /api/cards/67d4b0bb7001f65612d44d81 - Status: 200
GET /api/cards/67d4b0bb7001f65612d44d81 - Status: 200
GET /api/cards/67d4b0bb7001f65612d44d81 - Status: 200
GET /api/cards/67d4b0c37001f65612d44d93 - Status: 200
GET /api/cards/67d4b0c37001f65612d44d93 - Status: 200
GET /api/cards?likes=67cb92d8f57a16c0e822ce86 - Status: 200
GET /api/cards?likes=67cb92d8f57a16c0e822ce86 - Status: 200
GET /api/cards - Status: 200
GET /api/cards - Status: 200
GET /api/cards - Status: 200
GET /api/cards - Status: 200
POST /api/users/login - Status: 200
GET /api/cards - Status: 200
GET /api/cards - Status: 200
GET /api/cards/my-cards - Status: 200
GET /api/cards/my-cards - Status: 200
GET /api/cards - Status: 200
GET /api/cards - Status: 200
GET /api/cards - Status: 200
GET /api/cards - Status: 200
POST /api/users/login - Status: 200
GET /api/cards - Status: 200
GET /api/cards - Status: 200
GET /api/cards/my-cards - Status: 200
GET /api/cards/my-cards - Status: 200
GET /api/cards - Status: 200
GET /api/cards - Status: 200
GET /api/cards/my-cards - Status: 200
GET /api/cards/my-cards - Status: 200
GET /api/cards - Status: 200
GET /api/cards - Status: 200
GET /api/cards/my-cards - Status: 200
GET /api/cards/my-cards - Status: 200
GET /api/cards - Status: 200
GET /api/cards - Status: 200
GET /api/cards?likes=67cb92d8f57a16c0e822ce86 - Status: 200
GET /api/cards?likes=67cb92d8f57a16c0e822ce86 - Status: 200
GET /api/cards/my-cards - Status: 200
GET /api/cards/my-cards - Status: 200
GET /api/cards/my-cards - Status: 200
GET /api/cards/my-cards - Status: 200
GET /api/cards/my-cards - Status: 200
GET /api/cards/my-cards - Status: 200
GET /api/cards - Status: 200
GET /api/cards - Status: 200
POST /api/users/login - Status: 200
GET /api/cards - Status: 200
GET /api/cards - Status: 200
GET /api/cards - Status: 200
GET /api/cards - Status: 200
GET /api/cards - Status: 200
GET /api/cards - Status: 200
GET /api/cards - Status: 200
GET /api/cards - Status: 200
GET /api/cards - Status: 200
GET /api/cards - Status: 200
GET /api/cards - Status: 200
GET /api/cards - Status: 200
GET /api/cards - Status: 200
GET /api/cards - Status: 200
GET /api/cards - Status: 200
GET /api/cards - Status: 200
GET /api/cards - Status: 200
GET /api/cards - Status: 200
POST /api/users/login - Status: 200
GET /api/cards - Status: 200
GET /api/cards - Status: 200
GET /api/cards - Status: 200
GET /api/cards - Status: 200
GET /api/cards - Status: 200
GET /api/cards - Status: 200
GET /api/cards - Status: 200
GET /api/cards - Status: 200
GET /api/cards - Status: 200
GET /api/cards - Status: 200
GET /api/cards - Status: 200
GET /api/cards - Status: 200
GET /api/cards - Status: 200
GET /api/cards - Status: 200
GET /api/cards - Status: 200
GET /api/cards - Status: 200
GET /api/cards/my-cards - Status: 200
GET /api/cards/my-cards - Status: 200
GET /api/cards?likes=67cb92d8f57a16c0e822ce86 - Status: 200
GET /api/cards?likes=67cb92d8f57a16c0e822ce86 - Status: 200
GET /api/cards - Status: 200
GET /api/cards - Status: 200
GET /api/cards - Status: 200
GET /api/cards - Status: 200
GET /api/cards - Status: 200
GET /api/cards - Status: 200
GET /api/cards - Status: 200
GET /api/cards - Status: 200
GET /api/cards - Status: 200
GET /api/cards - Status: 200
GET /api/cards - Status: 200
GET /api/cards - Status: 200
GET /api/cards - Status: 200
GET /api/cards - Status: 200
GET /api/cards - Status: 200
GET /api/cards - Status: 200
GET /api/cards - Status: 200
GET /api/cards - Status: 200
GET /api/cards - Status: 200
GET /api/cards - Status: 200
GET /api/cards - Status: 200
GET /api/cards - Status: 200
GET /api/cards - Status: 200
GET /api/cards - Status: 200
GET /api/cards - Status: 200
GET /api/cards - Status: 200
GET /api/cards - Status: 200
GET /api/cards - Status: 200
GET /api/cards - Status: 200
GET /api/cards - Status: 200
GET /api/cards - Status: 200
GET /api/cards - Status: 200
GET /api/cards - Status: 200
GET /api/cards - Status: 200
GET /api/cards - Status: 200
GET /api/cards - Status: 200
POST /api/users/login - Status: 200
GET /api/cards - Status: 200
GET /api/cards - Status: 200
GET /api/cards - Status: 200
GET /api/cards - Status: 200
GET /api/cards - Status: 200
GET /api/cards - Status: 200
GET /api/cards - Status: 200
GET /api/cards - Status: 200
GET /api/cards - Status: 200
GET /api/cards - Status: 200
GET /api/cards - Status: 200
GET /api/cards - Status: 200
GET /api/cards - Status: 200
GET /api/cards - Status: 200
GET /api/cards - Status: 200
GET /api/cards - Status: 200
GET /api/cards - Status: 200
GET /api/cards - Status: 200
GET /api/cards - Status: 200
GET /api/cards - Status: 200
