3/21/2025, 12:14:22 AM | GET / | Status: 200 | 37ms
_______________________
3/21/2025, 12:14:22 AM | GET / | Status: 200 | 44ms
_______________________
3/21/2025, 12:14:22 AM | GET / | Status: 200 | 10ms
_______________________
3/21/2025, 12:14:22 AM | GET / | Status: 200 | 15ms
_______________________
3/21/2025, 12:14:22 AM | GET /67db69fa0e99cde89723b073 | Status: 200 | 8ms
_______________________
3/21/2025, 12:14:22 AM | GET /67db69fa0e99cde89723b073 | Status: 200 | 8ms
_______________________
3/21/2025, 12:14:47 AM | GET / | Status: 200 | 37ms
_______________________
3/21/2025, 12:14:47 AM | GET / | Status: 200 | 42ms
_______________________
3/21/2025, 12:14:47 AM | GET / | Status: 200 | 13ms
_______________________
3/21/2025, 12:14:47 AM | GET / | Status: 200 | 16ms
_______________________
3/21/2025, 12:14:47 AM | GET /67db69fa0e99cde89723b073 | Status: 200 | 8ms
_______________________
3/21/2025, 12:14:47 AM | GET /67db69fa0e99cde89723b073 | Status: 200 | 8ms
_______________________
3/21/2025, 12:14:53 AM | GET / | Status: 200 | 11ms
_______________________
3/21/2025, 12:14:53 AM | GET / | Status: 200 | 12ms
_______________________
3/21/2025, 12:14:53 AM | GET / | Status: 200 | 10ms
_______________________
3/21/2025, 12:14:53 AM | GET / | Status: 200 | 12ms
_______________________
3/21/2025, 12:14:53 AM | GET /67db69fa0e99cde89723b073 | Status: 200 | 5ms
_______________________
3/21/2025, 12:14:53 AM | GET /67db69fa0e99cde89723b073 | Status: 200 | 6ms
_______________________
3/21/2025, 12:15:07 AM | GET / | Status: 200 | 9ms
_______________________
3/21/2025, 12:15:07 AM | GET / | Status: 200 | 11ms
_______________________
3/21/2025, 12:15:13 AM | DELETE /67d4b0a37001f65612d44d57 | Status: 200 | 18ms
_______________________
3/21/2025, 12:30:34 AM | GET / | Status: 200 | 35ms
_______________________
3/21/2025, 12:30:34 AM | GET / | Status: 200 | 40ms
_______________________
3/21/2025, 12:30:52 AM | POST /login | Status: 200 | 122ms
_______________________
3/21/2025, 12:30:53 AM | GET / | Status: 200 | 31ms
_______________________
3/21/2025, 12:30:53 AM | GET / | Status: 200 | 37ms
_______________________
3/21/2025, 12:34:46 AM | POST /login | Status: 200 | 137ms
_______________________
3/21/2025, 12:34:46 AM | GET / | Status: 200 | 19ms
_______________________
3/21/2025, 12:34:46 AM | GET / | Status: 200 | 24ms
_______________________
3/21/2025, 12:41:41 AM | POST /login | Status: 200 | 141ms
_______________________
3/21/2025, 12:41:41 AM | GET / | Status: 200 | 19ms
_______________________
3/21/2025, 12:41:41 AM | GET / | Status: 200 | 25ms
_______________________
3/21/2025, 12:45:30 AM | POST /login | Status: 200 | 149ms
_______________________
3/21/2025, 12:45:30 AM | GET / | Status: 200 | 19ms
_______________________
3/21/2025, 12:45:30 AM | GET / | Status: 200 | 23ms
_______________________
3/21/2025, 12:46:22 AM | POST /login | Status: 200 | 141ms
_______________________
3/21/2025, 12:46:22 AM | GET / | Status: 200 | 20ms
_______________________
3/21/2025, 12:46:22 AM | GET / | Status: 200 | 24ms
_______________________
3/21/2025, 12:47:52 AM | POST /login | Status: 200 | 146ms
_______________________
3/21/2025, 12:47:52 AM | GET / | Status: 200 | 19ms
_______________________
3/21/2025, 12:47:52 AM | GET / | Status: 200 | 24ms
_______________________
3/21/2025, 12:50:16 AM | POST /login | Status: 200 | 131ms
_______________________
3/21/2025, 12:50:16 AM | GET / | Status: 200 | 20ms
_______________________
3/21/2025, 12:50:16 AM | GET / | Status: 200 | 25ms
_______________________
3/21/2025, 12:52:21 AM | POST /login | Status: 200 | 153ms
_______________________
3/21/2025, 12:52:21 AM | GET / | Status: 200 | 20ms
_______________________
3/21/2025, 12:52:21 AM | GET / | Status: 200 | 26ms
_______________________
3/21/2025, 12:54:49 AM | POST /login | Status: 200 | 143ms
_______________________
3/21/2025, 12:54:49 AM | GET / | Status: 200 | 20ms
_______________________
3/21/2025, 12:54:49 AM | GET / | Status: 200 | 25ms
_______________________
3/21/2025, 12:58:31 AM | POST /login | Status: 200 | 146ms
_______________________
3/21/2025, 12:58:31 AM | GET / | Status: 200 | 20ms
_______________________
3/21/2025, 12:58:31 AM | GET / | Status: 200 | 27ms
_______________________
3/21/2025, 12:58:54 AM | GET / | Status: 200 | 47ms
_______________________
3/21/2025, 12:58:54 AM | GET / | Status: 200 | 51ms
_______________________
3/21/2025, 12:59:38 AM | POST /login | Status: 200 | 109ms
_______________________
3/21/2025, 12:59:39 AM | GET / | Status: 200 | 9ms
_______________________
3/21/2025, 12:59:39 AM | GET / | Status: 200 | 12ms
_______________________
3/21/2025, 1:03:24 AM | POST /login | Status: 200 | 147ms
_______________________
3/21/2025, 1:03:24 AM | GET / | Status: 200 | 17ms
_______________________
3/21/2025, 1:03:24 AM | GET / | Status: 200 | 22ms
_______________________
3/21/2025, 1:05:39 AM | POST /login | Status: 200 | 141ms
_______________________
3/21/2025, 1:05:39 AM | GET / | Status: 200 | 20ms
_______________________
3/21/2025, 1:05:39 AM | GET / | Status: 200 | 24ms
_______________________
3/21/2025, 1:07:24 AM | POST /login | Status: 200 | 145ms
_______________________
3/21/2025, 1:07:24 AM | GET / | Status: 200 | 21ms
_______________________
3/21/2025, 1:07:24 AM | GET / | Status: 200 | 24ms
_______________________
3/21/2025, 1:11:43 AM | POST /login | Status: 200 | 148ms
_______________________
3/21/2025, 1:11:43 AM | GET / | Status: 200 | 17ms
_______________________
3/21/2025, 1:11:43 AM | GET / | Status: 200 | 22ms
_______________________
3/21/2025, 1:13:21 AM | POST /login | Status: 200 | 136ms
_______________________
3/21/2025, 1:13:21 AM | GET / | Status: 200 | 18ms
_______________________
3/21/2025, 1:13:21 AM | GET / | Status: 200 | 22ms
_______________________
3/21/2025, 1:14:02 AM | POST /login | Status: 200 | 133ms
_______________________
3/21/2025, 1:14:02 AM | GET / | Status: 200 | 16ms
_______________________
3/21/2025, 1:14:02 AM | GET / | Status: 200 | 21ms
_______________________
3/21/2025, 1:15:39 AM | POST /login | Status: 200 | 141ms
_______________________
3/21/2025, 1:15:39 AM | GET / | Status: 200 | 17ms
_______________________
3/21/2025, 1:15:39 AM | GET / | Status: 200 | 22ms
_______________________
3/21/2025, 1:39:10 AM | POST /login | Status: 200 | 136ms
_______________________
3/21/2025, 1:39:11 AM | GET / | Status: 200 | 73ms
_______________________
3/21/2025, 1:39:11 AM | GET / | Status: 200 | 79ms
_______________________
3/21/2025, 1:41:58 AM | POST /login | Status: 200 | 121ms
_______________________
3/21/2025, 1:42:42 AM | POST /login | Status: 200 | 81ms
_______________________
3/21/2025, 1:43:01 AM | POST /login | Status: 200 | 147ms
_______________________
3/21/2025, 1:43:12 AM | POST /login | Status: 200 | 121ms
_______________________
3/21/2025, 1:43:33 AM | POST /login | Status: 200 | 119ms
_______________________
3/21/2025, 1:52:46 AM | POST /login | Status: 200 | 118ms
_______________________
3/21/2025, 1:53:00 AM | POST /login | Status: 200 | 84ms
_______________________
3/21/2025, 1:53:15 AM | POST /login | Status: 200 | 118ms
_______________________
3/21/2025, 1:55:47 AM | POST /login | Status: 200 | 117ms
_______________________
3/21/2025, 1:55:57 AM | POST /login | Status: 200 | 83ms
_______________________
3/21/2025, 1:57:48 AM | POST /login | Status: 200 | 134ms
_______________________
3/21/2025, 1:58:25 AM | POST /login | Status: 200 | 137ms
_______________________
3/21/2025, 1:58:47 AM | POST /login | Status: 200 | 141ms
_______________________
