3/19/2025, 10:55:17 PM | PATCH /67d4b27a7001f65612d44e23 | Status: 200 | 10ms
_______________________
3/19/2025, 10:55:17 PM | PATCH /67d4b27a7001f65612d44e23 | Status: 200 | 10ms
_______________________
3/19/2025, 10:55:17 PM | GET /?likes=67cb92d8f57a16c0e822ce86 | Status: 200 | 5ms
_______________________
3/19/2025, 10:55:17 PM | GET /?likes=67cb92d8f57a16c0e822ce86 | Status: 200 | 7ms
_______________________
3/19/2025, 10:55:24 PM | GET / | Status: 200 | 8ms
_______________________
3/19/2025, 10:55:24 PM | GET / | Status: 200 | 10ms
_______________________
3/19/2025, 10:55:26 PM | PATCH /67d4b27a7001f65612d44e23 | Status: 200 | 8ms
_______________________
3/19/2025, 10:55:26 PM | PATCH /67d4b27a7001f65612d44e23 | Status: 200 | 9ms
_______________________
3/19/2025, 10:55:30 PM | GET /?likes=67cb92d8f57a16c0e822ce86 | Status: 200 | 8ms
_______________________
3/19/2025, 10:55:30 PM | GET /?likes=67cb92d8f57a16c0e822ce86 | Status: 200 | 11ms
_______________________
3/19/2025, 10:56:15 PM | GET /?likes=67cb92d8f57a16c0e822ce86 | Status: 200 | 6ms
_______________________
3/19/2025, 10:56:15 PM | GET /?likes=67cb92d8f57a16c0e822ce86 | Status: 200 | 8ms
_______________________
3/19/2025, 10:56:35 PM | GET /?likes=67cb92d8f57a16c0e822ce86 | Status: 200 | 6ms
_______________________
3/19/2025, 10:56:35 PM | GET /?likes=67cb92d8f57a16c0e822ce86 | Status: 200 | 7ms
_______________________
3/19/2025, 10:56:43 PM | GET / | Status: 200 | 7ms
_______________________
3/19/2025, 10:56:43 PM | GET / | Status: 200 | 8ms
_______________________
3/19/2025, 10:58:30 PM | GET / | Status: 200 | 7ms
_______________________
3/19/2025, 10:58:30 PM | GET / | Status: 200 | 8ms
_______________________
3/19/2025, 10:58:37 PM | GET / | Status: 200 | 6ms
_______________________
3/19/2025, 10:58:37 PM | GET / | Status: 200 | 7ms
_______________________
3/19/2025, 10:58:42 PM | GET / | Status: 200 | 7ms
_______________________
3/19/2025, 10:58:42 PM | GET / | Status: 200 | 8ms
_______________________
3/19/2025, 10:58:52 PM | GET / | Status: 200 | 7ms
_______________________
3/19/2025, 10:58:52 PM | GET / | Status: 200 | 8ms
_______________________
3/19/2025, 10:58:59 PM | GET / | Status: 200 | 6ms
_______________________
3/19/2025, 10:58:59 PM | GET / | Status: 200 | 7ms
_______________________
3/19/2025, 10:59:05 PM | GET /?page=1&limit=50 | Status: 200 | 9ms
_______________________
3/19/2025, 10:59:05 PM | GET /?page=1&limit=50 | Status: 200 | 10ms
_______________________
3/19/2025, 10:59:08 PM | GET /67d04ecd2e88a42126da8938 | Status: 200 | 6ms
_______________________
3/19/2025, 10:59:08 PM | GET /67d04ecd2e88a42126da8938 | Status: 200 | 6ms
_______________________
3/19/2025, 11:01:37 PM | GET /67d04ecd2e88a42126da8938 | Status: 200 | 4ms
_______________________
3/19/2025, 11:01:37 PM | GET /67d04ecd2e88a42126da8938 | Status: 200 | 4ms
_______________________
3/19/2025, 11:01:38 PM | GET /67d04ecd2e88a42126da8938 | Status: 200 | 4ms
_______________________
3/19/2025, 11:01:38 PM | GET /67d04ecd2e88a42126da8938 | Status: 200 | 5ms
_______________________
3/19/2025, 11:01:49 PM | GET /67d04ecd2e88a42126da8938 | Status: 200 | 4ms
_______________________
3/19/2025, 11:01:49 PM | GET /67d04ecd2e88a42126da8938 | Status: 200 | 5ms
_______________________
3/19/2025, 11:03:15 PM | GET /67d04ecd2e88a42126da8938 | Status: 200 | 4ms
_______________________
3/19/2025, 11:03:15 PM | GET /67d04ecd2e88a42126da8938 | Status: 200 | 4ms
_______________________
3/19/2025, 11:03:16 PM | GET /67d04ecd2e88a42126da8938 | Status: 200 | 3ms
_______________________
3/19/2025, 11:03:16 PM | GET /67d04ecd2e88a42126da8938 | Status: 200 | 4ms
_______________________
3/19/2025, 11:03:20 PM | GET /67d04ecd2e88a42126da8938 | Status: 200 | 4ms
_______________________
3/19/2025, 11:03:20 PM | GET /67d04ecd2e88a42126da8938 | Status: 200 | 4ms
_______________________
3/19/2025, 11:03:35 PM | GET /67d04ecd2e88a42126da8938 | Status: 200 | 4ms
_______________________
3/19/2025, 11:03:35 PM | GET /67d04ecd2e88a42126da8938 | Status: 200 | 4ms
_______________________
3/19/2025, 11:03:47 PM | GET /67d04ecd2e88a42126da8938 | Status: 200 | 4ms
_______________________
3/19/2025, 11:03:47 PM | GET /67d04ecd2e88a42126da8938 | Status: 200 | 4ms
_______________________
3/19/2025, 11:05:26 PM | GET /67d04ecd2e88a42126da8938 | Status: 200 | 4ms
_______________________
3/19/2025, 11:05:26 PM | GET /67d04ecd2e88a42126da8938 | Status: 200 | 4ms
_______________________
3/19/2025, 11:05:30 PM | GET /67d04ecd2e88a42126da8938 | Status: 200 | 4ms
_______________________
3/19/2025, 11:05:30 PM | GET /67d04ecd2e88a42126da8938 | Status: 200 | 4ms
_______________________
3/19/2025, 11:05:36 PM | GET /67d04ecd2e88a42126da8938 | Status: 200 | 5ms
_______________________
3/19/2025, 11:05:36 PM | GET /67d04ecd2e88a42126da8938 | Status: 200 | 6ms
_______________________
3/19/2025, 11:05:44 PM | GET /67d04ecd2e88a42126da8938 | Status: 200 | 4ms
_______________________
3/19/2025, 11:05:44 PM | GET /67d04ecd2e88a42126da8938 | Status: 200 | 4ms
_______________________
3/19/2025, 11:07:01 PM | GET /67d04ecd2e88a42126da8938 | Status: 200 | 4ms
_______________________
3/19/2025, 11:07:01 PM | GET /67d04ecd2e88a42126da8938 | Status: 200 | 4ms
_______________________
3/19/2025, 11:07:05 PM | GET /67d04ecd2e88a42126da8938 | Status: 200 | 4ms
_______________________
3/19/2025, 11:07:05 PM | GET /67d04ecd2e88a42126da8938 | Status: 200 | 4ms
_______________________
3/19/2025, 11:07:10 PM | GET /67d04ecd2e88a42126da8938 | Status: 200 | 3ms
_______________________
3/19/2025, 11:07:10 PM | GET /67d04ecd2e88a42126da8938 | Status: 200 | 4ms
_______________________
3/19/2025, 11:07:33 PM | GET /67d04ecd2e88a42126da8938 | Status: 200 | 4ms
_______________________
3/19/2025, 11:07:33 PM | GET /67d04ecd2e88a42126da8938 | Status: 200 | 4ms
_______________________
3/19/2025, 11:07:47 PM | GET /?page=1&limit=50 | Status: 200 | 5ms
_______________________
3/19/2025, 11:07:47 PM | GET /?page=1&limit=50 | Status: 200 | 5ms
_______________________
3/19/2025, 11:07:53 PM | GET /?page=1&limit=50 | Status: 200 | 4ms
_______________________
3/19/2025, 11:07:53 PM | GET /?page=1&limit=50 | Status: 200 | 5ms
_______________________
3/19/2025, 11:08:01 PM | GET /?page=1&limit=50 | Status: 200 | 4ms
_______________________
3/19/2025, 11:08:01 PM | GET /?page=1&limit=50 | Status: 200 | 5ms
_______________________
3/19/2025, 11:09:37 PM | GET /?page=1&limit=50 | Status: 200 | 4ms
_______________________
3/19/2025, 11:09:37 PM | GET /?page=1&limit=50 | Status: 200 | 5ms
_______________________
3/19/2025, 11:10:02 PM | GET /?page=1&limit=50 | Status: 200 | 4ms
_______________________
3/19/2025, 11:10:02 PM | GET /?page=1&limit=50 | Status: 200 | 5ms
_______________________
3/19/2025, 11:10:03 PM | GET /?page=1&limit=50 | Status: 200 | 5ms
_______________________
3/19/2025, 11:10:03 PM | GET /?page=1&limit=50 | Status: 200 | 4ms
_______________________
3/19/2025, 11:10:05 PM | GET /?page=1&limit=50 | Status: 200 | 5ms
_______________________
3/19/2025, 11:10:05 PM | GET /?page=1&limit=50 | Status: 200 | 5ms
_______________________
3/19/2025, 11:11:03 PM | GET /?page=1&limit=50 | Status: 200 | 4ms
_______________________
3/19/2025, 11:11:03 PM | GET /?page=1&limit=50 | Status: 200 | 5ms
_______________________
3/19/2025, 11:11:08 PM | GET /67d04ecd2e88a42126da8938 | Status: 200 | 5ms
_______________________
3/19/2025, 11:11:08 PM | GET /67d04ecd2e88a42126da8938 | Status: 200 | 5ms
_______________________
3/19/2025, 11:11:12 PM | GET /67d04ecd2e88a42126da8938 | Status: 200 | 3ms
_______________________
3/19/2025, 11:11:12 PM | GET /67d04ecd2e88a42126da8938 | Status: 200 | 4ms
_______________________
3/19/2025, 11:11:12 PM | GET /?page=1&limit=50 | Status: 200 | 5ms
_______________________
3/19/2025, 11:11:12 PM | GET /?page=1&limit=50 | Status: 200 | 6ms
_______________________
3/19/2025, 11:11:15 PM | DELETE /67cf7364d21fbe9b1fd84607 | Status: 200 | 7ms
_______________________
3/19/2025, 11:11:17 PM | GET /?page=1&limit=50 | Status: 200 | 7ms
_______________________
3/19/2025, 11:11:17 PM | GET /?page=1&limit=50 | Status: 200 | 8ms
_______________________
3/19/2025, 11:12:30 PM | GET /?page=1&limit=50 | Status: 200 | 4ms
_______________________
3/19/2025, 11:12:30 PM | GET /?page=1&limit=50 | Status: 200 | 4ms
_______________________
3/19/2025, 11:12:34 PM | GET /?page=1&limit=50 | Status: 200 | 4ms
_______________________
3/19/2025, 11:12:34 PM | GET /?page=1&limit=50 | Status: 200 | 4ms
_______________________
3/19/2025, 11:12:36 PM | DELETE /67d04ecd2e88a42126da8938 | Status: 200 | 4ms
_______________________
3/19/2025, 11:12:39 PM | GET /?page=1&limit=50 | Status: 200 | 6ms
_______________________
3/19/2025, 11:12:39 PM | GET /?page=1&limit=50 | Status: 200 | 6ms
_______________________
3/19/2025, 11:12:52 PM | GET /?page=1&limit=50 | Status: 200 | 4ms
_______________________
3/19/2025, 11:12:52 PM | GET /?page=1&limit=50 | Status: 200 | 4ms
_______________________
3/19/2025, 11:12:55 PM | DELETE /67cf72edd21fbe9b1fd845f2 | Status: 200 | 4ms
_______________________
3/19/2025, 11:14:31 PM | GET /?page=1&limit=50 | Status: 200 | 4ms
_______________________
3/19/2025, 11:14:31 PM | GET /?page=1&limit=50 | Status: 200 | 4ms
_______________________
3/19/2025, 11:14:35 PM | GET /?page=1&limit=50 | Status: 200 | 4ms
_______________________
3/19/2025, 11:14:35 PM | GET /?page=1&limit=50 | Status: 200 | 4ms
_______________________
3/19/2025, 11:14:47 PM | GET /?page=1&limit=50 | Status: 200 | 4ms
_______________________
3/19/2025, 11:14:47 PM | GET /?page=1&limit=50 | Status: 200 | 4ms
_______________________
3/19/2025, 11:14:50 PM | GET /?page=1&limit=50 | Status: 200 | 3ms
_______________________
3/19/2025, 11:14:50 PM | GET /?page=1&limit=50 | Status: 200 | 4ms
_______________________
3/19/2025, 11:15:17 PM | GET /?page=1&limit=50 | Status: 200 | 4ms
_______________________
3/19/2025, 11:15:17 PM | GET /?page=1&limit=50 | Status: 200 | 4ms
_______________________
3/19/2025, 11:15:35 PM | GET /?page=1&limit=50 | Status: 200 | 4ms
_______________________
3/19/2025, 11:15:35 PM | GET /?page=1&limit=50 | Status: 200 | 4ms
_______________________
3/19/2025, 11:15:37 PM | GET /?page=1&limit=50 | Status: 200 | 5ms
_______________________
3/19/2025, 11:15:37 PM | GET /?page=1&limit=50 | Status: 200 | 5ms
_______________________
3/19/2025, 11:16:09 PM | GET /?page=1&limit=50 | Status: 200 | 4ms
_______________________
3/19/2025, 11:16:09 PM | GET /?page=1&limit=50 | Status: 200 | 4ms
_______________________
3/19/2025, 11:16:17 PM | GET /?page=1&limit=50 | Status: 200 | 4ms
_______________________
3/19/2025, 11:16:17 PM | GET /?page=1&limit=50 | Status: 200 | 4ms
_______________________
3/19/2025, 11:16:19 PM | DELETE /67ccc0c906c04b6d5779a49e | Status: 200 | 4ms
_______________________
3/19/2025, 11:16:21 PM | GET /?page=1&limit=50 | Status: 200 | 6ms
_______________________
3/19/2025, 11:16:21 PM | GET /?page=1&limit=50 | Status: 200 | 6ms
_______________________
3/19/2025, 11:16:36 PM | GET /?page=1&limit=50 | Status: 200 | 4ms
_______________________
3/19/2025, 11:16:36 PM | GET /?page=1&limit=50 | Status: 200 | 4ms
_______________________
3/19/2025, 11:16:43 PM | GET /?page=1&limit=50 | Status: 200 | 4ms
_______________________
3/19/2025, 11:16:43 PM | GET /?page=1&limit=50 | Status: 200 | 4ms
_______________________
3/19/2025, 11:16:53 PM | GET /?page=1&limit=50 | Status: 200 | 4ms
_______________________
3/19/2025, 11:16:53 PM | GET /?page=1&limit=50 | Status: 200 | 4ms
_______________________
3/19/2025, 11:16:55 PM | GET /?page=1&limit=50 | Status: 200 | 3ms
_______________________
3/19/2025, 11:16:55 PM | GET /?page=1&limit=50 | Status: 200 | 4ms
_______________________
3/19/2025, 11:16:59 PM | GET /?page=1&limit=50 | Status: 200 | 3ms
_______________________
3/19/2025, 11:16:59 PM | GET /?page=1&limit=50 | Status: 200 | 3ms
_______________________
3/19/2025, 11:16:59 PM | GET /?page=1&limit=50 | Status: 200 | 4ms
_______________________
3/19/2025, 11:16:59 PM | GET /?page=1&limit=50 | Status: 200 | 4ms
_______________________
3/19/2025, 11:17:11 PM | GET /?page=1&limit=50 | Status: 200 | 5ms
_______________________
3/19/2025, 11:17:11 PM | GET /?page=1&limit=50 | Status: 200 | 5ms
_______________________
3/19/2025, 11:17:14 PM | GET /?page=1&limit=50 | Status: 200 | 4ms
_______________________
3/19/2025, 11:17:14 PM | GET /?page=1&limit=50 | Status: 200 | 4ms
_______________________
3/19/2025, 11:17:18 PM | GET /?page=1&limit=50 | Status: 200 | 4ms
_______________________
3/19/2025, 11:17:18 PM | GET /?page=1&limit=50 | Status: 200 | 5ms
_______________________
3/19/2025, 11:18:22 PM | POST / | Status: 200 | 207ms
_______________________
3/19/2025, 11:18:35 PM | GET /?page=1&limit=50 | Status: 200 | 4ms
_______________________
3/19/2025, 11:18:35 PM | GET /?page=1&limit=50 | Status: 200 | 4ms
_______________________
3/19/2025, 11:18:41 PM | POST / | Status: 200 | 120ms
_______________________
3/19/2025, 11:18:45 PM | POST / | Status: 200 | 83ms
_______________________
3/19/2025, 11:18:49 PM | POST / | Status: 200 | 85ms
_______________________
3/19/2025, 11:18:52 PM | POST / | Status: 200 | 83ms
_______________________
3/19/2025, 11:18:54 PM | GET /?page=1&limit=50 | Status: 200 | 8ms
_______________________
3/19/2025, 11:18:54 PM | GET /?page=1&limit=50 | Status: 200 | 7ms
_______________________
3/19/2025, 11:18:56 PM | DELETE /67db34bc21786b9b95e8148a | Status: 200 | 5ms
_______________________
3/19/2025, 11:19:00 PM | GET /?page=1&limit=50 | Status: 200 | 5ms
_______________________
3/19/2025, 11:19:00 PM | GET /?page=1&limit=50 | Status: 200 | 6ms
_______________________
3/19/2025, 11:19:43 PM | GET /?page=1&limit=50 | Status: 200 | 5ms
_______________________
3/19/2025, 11:19:43 PM | GET /?page=1&limit=50 | Status: 200 | 6ms
_______________________
3/19/2025, 11:21:06 PM | GET /?page=1&limit=50 | Status: 200 | 4ms
_______________________
3/19/2025, 11:21:06 PM | GET /?page=1&limit=50 | Status: 200 | 5ms
_______________________
3/19/2025, 11:21:12 PM | GET /?page=1&limit=50 | Status: 200 | 5ms
_______________________
3/19/2025, 11:21:12 PM | GET /?page=1&limit=50 | Status: 200 | 5ms
_______________________
3/19/2025, 11:21:23 PM | DELETE /67db34b921786b9b95e81486 | Status: 200 | 4ms
_______________________
3/19/2025, 11:21:24 PM | GET /?page=1&limit=50 | Status: 200 | 5ms
_______________________
3/19/2025, 11:21:24 PM | GET /?page=1&limit=50 | Status: 200 | 5ms
_______________________
3/19/2025, 11:24:00 PM | GET /?page=1&limit=50 | Status: 200 | 5ms
_______________________
3/19/2025, 11:24:00 PM | GET /?page=1&limit=50 | Status: 200 | 6ms
_______________________
3/19/2025, 11:24:11 PM | GET /?page=1&limit=50 | Status: 200 | 5ms
_______________________
3/19/2025, 11:24:11 PM | GET /?page=1&limit=50 | Status: 200 | 5ms
_______________________
3/19/2025, 11:24:14 PM | GET /?page=1&limit=50 | Status: 200 | 4ms
_______________________
3/19/2025, 11:24:14 PM | GET /?page=1&limit=50 | Status: 200 | 4ms
_______________________
3/19/2025, 11:24:19 PM | GET /?page=1&limit=50 | Status: 200 | 6ms
_______________________
3/19/2025, 11:24:19 PM | GET /?page=1&limit=50 | Status: 200 | 7ms
_______________________
3/19/2025, 11:24:35 PM | GET /?page=1&limit=50 | Status: 200 | 5ms
_______________________
3/19/2025, 11:24:35 PM | GET /?page=1&limit=50 | Status: 200 | 5ms
_______________________
3/19/2025, 11:24:54 PM | GET /?page=1&limit=50 | Status: 200 | 5ms
_______________________
3/19/2025, 11:24:54 PM | GET /?page=1&limit=50 | Status: 200 | 5ms
_______________________
3/19/2025, 11:25:06 PM | GET / | Status: 200 | 7ms
_______________________
3/19/2025, 11:25:06 PM | GET / | Status: 200 | 9ms
_______________________
3/19/2025, 11:25:14 PM | DELETE /67d1dec2c580e971ad0742d9 | Status: 200 | 6ms
_______________________
3/19/2025, 11:25:19 PM | GET / | Status: 200 | 6ms
_______________________
3/19/2025, 11:25:19 PM | GET / | Status: 200 | 8ms
_______________________
3/19/2025, 11:25:22 PM | GET / | Status: 200 | 11ms
_______________________
3/19/2025, 11:25:22 PM | GET / | Status: 200 | 12ms
_______________________
3/19/2025, 11:25:22 PM | GET /67d9c4a6f74d082918ae4751 | Status: 200 | 4ms
_______________________
3/19/2025, 11:25:22 PM | GET / | Status: 200 | 10ms
_______________________
3/19/2025, 11:25:22 PM | GET / | Status: 200 | 11ms
_______________________
3/19/2025, 11:25:22 PM | GET /67d9c4a6f74d082918ae4751 | Status: 200 | 5ms
_______________________
3/19/2025, 11:25:22 PM | GET /67d9c4a6f74d082918ae4751 | Status: 200 | 2ms
_______________________
3/19/2025, 11:25:22 PM | GET /67d9c4a6f74d082918ae4751 | Status: 200 | 2ms
_______________________
3/19/2025, 11:25:24 PM | GET / | Status: 200 | 7ms
_______________________
3/19/2025, 11:25:24 PM | GET / | Status: 200 | 10ms
_______________________
3/19/2025, 11:25:30 PM | GET / | Status: 200 | 6ms
_______________________
3/19/2025, 11:25:30 PM | GET / | Status: 200 | 7ms
_______________________
3/19/2025, 11:25:30 PM | GET /67d4b0a07001f65612d44d51 | Status: 200 | 2ms
_______________________
3/19/2025, 11:25:30 PM | GET /67d4b0a07001f65612d44d51 | Status: 200 | 3ms
_______________________
3/19/2025, 11:25:30 PM | GET / | Status: 200 | 9ms
_______________________
3/19/2025, 11:25:30 PM | GET / | Status: 200 | 10ms
_______________________
3/19/2025, 11:25:30 PM | GET /67d4b0a07001f65612d44d51 | Status: 200 | 2ms
_______________________
3/19/2025, 11:25:30 PM | GET /67d4b0a07001f65612d44d51 | Status: 200 | 3ms
_______________________
3/19/2025, 11:25:32 PM | DELETE /67d4b0a07001f65612d44d51 | Status: 200 | 18ms
_______________________
3/19/2025, 11:25:32 PM | GET / | Status: 200 | 11ms
_______________________
3/19/2025, 11:25:32 PM | GET / | Status: 200 | 13ms
_______________________
3/19/2025, 11:25:58 PM | GET / | Status: 200 | 6ms
_______________________
3/19/2025, 11:25:58 PM | GET / | Status: 200 | 8ms
_______________________
3/19/2025, 11:25:59 PM | GET / | Status: 200 | 6ms
_______________________
3/19/2025, 11:25:59 PM | GET / | Status: 200 | 7ms
_______________________
3/19/2025, 11:26:13 PM | GET / | Status: 200 | 6ms
_______________________
3/19/2025, 11:26:13 PM | GET / | Status: 200 | 7ms
_______________________
3/19/2025, 11:26:43 PM | GET /?page=1&limit=50 | Status: 200 | 4ms
_______________________
3/19/2025, 11:26:43 PM | GET /?page=1&limit=50 | Status: 200 | 4ms
_______________________
3/19/2025, 11:26:47 PM | GET /?page=1&limit=50 | Status: 200 | 4ms
_______________________
3/19/2025, 11:26:47 PM | GET /?page=1&limit=50 | Status: 200 | 4ms
_______________________
3/19/2025, 11:26:51 PM | GET /?page=1&limit=50 | Status: 200 | 3ms
_______________________
3/19/2025, 11:26:51 PM | GET /?page=1&limit=50 | Status: 200 | 4ms
_______________________
3/19/2025, 11:26:56 PM | GET /?page=1&limit=50 | Status: 200 | 4ms
_______________________
3/19/2025, 11:26:56 PM | GET /?page=1&limit=50 | Status: 200 | 4ms
_______________________
3/19/2025, 11:27:10 PM | GET /?page=1&limit=50 | Status: 200 | 3ms
_______________________
3/19/2025, 11:27:10 PM | GET /?page=1&limit=50 | Status: 200 | 4ms
_______________________
3/19/2025, 11:27:32 PM | GET /?page=1&limit=50 | Status: 200 | 4ms
_______________________
3/19/2025, 11:27:32 PM | GET /?page=1&limit=50 | Status: 200 | 4ms
_______________________
3/19/2025, 11:27:40 PM | DELETE /67db34b521786b9b95e81482 | Status: 200 | 5ms
_______________________
3/19/2025, 11:27:42 PM | GET /?page=1&limit=50 | Status: 200 | 5ms
_______________________
3/19/2025, 11:27:42 PM | GET /?page=1&limit=50 | Status: 200 | 6ms
_______________________
3/19/2025, 11:27:46 PM | GET / | Status: 200 | 7ms
_______________________
3/19/2025, 11:27:46 PM | GET / | Status: 200 | 8ms
_______________________
3/19/2025, 11:27:47 PM | GET /?likes=67cb92d8f57a16c0e822ce86 | Status: 200 | 5ms
_______________________
3/19/2025, 11:27:47 PM | GET /?likes=67cb92d8f57a16c0e822ce86 | Status: 200 | 7ms
_______________________
3/19/2025, 11:27:48 PM | GET /my-cards | Status: 200 | 4ms
_______________________
3/19/2025, 11:27:48 PM | GET /my-cards | Status: 200 | 3ms
_______________________
3/19/2025, 11:27:52 PM | PATCH /67d9c4a6f74d082918ae4751 | Status: 200 | 7ms
_______________________
3/19/2025, 11:27:52 PM | PATCH /67d9c4a6f74d082918ae4751 | Status: 200 | 8ms
_______________________
3/19/2025, 11:27:53 PM | GET / | Status: 200 | 7ms
_______________________
3/19/2025, 11:27:53 PM | GET / | Status: 200 | 8ms
_______________________
3/19/2025, 11:27:58 PM | PATCH /67d4b0c57001f65612d44d99 | Status: 200 | 6ms
_______________________
3/19/2025, 11:27:58 PM | PATCH /67d4b0c57001f65612d44d99 | Status: 200 | 6ms
_______________________
3/19/2025, 11:28:04 PM | DELETE /67d4b0b47001f65612d44d75 | Status: 200 | 5ms
_______________________
3/19/2025, 11:28:49 PM | GET / | Status: 200 | 5ms
_______________________
3/19/2025, 11:28:49 PM | GET / | Status: 200 | 6ms
_______________________
3/19/2025, 11:29:14 PM | GET / | Status: 200 | 6ms
_______________________
3/19/2025, 11:29:14 PM | GET / | Status: 200 | 7ms
_______________________
3/19/2025, 11:29:19 PM | GET / | Status: 200 | 5ms
_______________________
3/19/2025, 11:29:19 PM | GET / | Status: 200 | 7ms
_______________________
3/19/2025, 11:29:23 PM | GET / | Status: 200 | 6ms
_______________________
3/19/2025, 11:29:23 PM | GET / | Status: 200 | 7ms
_______________________
3/19/2025, 11:29:26 PM | DELETE /67d4b0bb7001f65612d44d81 | Status: 200 | 6ms
_______________________
3/19/2025, 11:32:08 PM | GET /my-cards | Status: 200 | 4ms
_______________________
3/19/2025, 11:32:08 PM | GET /my-cards | Status: 200 | 5ms
_______________________
3/19/2025, 11:32:11 PM | GET / | Status: 200 | 4ms
_______________________
3/19/2025, 11:32:11 PM | GET / | Status: 200 | 6ms
_______________________
3/19/2025, 11:32:11 PM | GET /67d9c4a6f74d082918ae4751 | Status: 200 | 6ms
_______________________
3/19/2025, 11:32:11 PM | GET / | Status: 200 | 8ms
_______________________
3/19/2025, 11:32:11 PM | GET /67d9c4a6f74d082918ae4751 | Status: 200 | 6ms
_______________________
3/19/2025, 11:32:11 PM | GET / | Status: 200 | 10ms
_______________________
3/19/2025, 11:32:11 PM | GET /67d9c4a6f74d082918ae4751 | Status: 200 | 6ms
_______________________
3/19/2025, 11:32:11 PM | GET /67d9c4a6f74d082918ae4751 | Status: 200 | 6ms
_______________________
3/19/2025, 11:32:16 PM | PUT /67d9c4a6f74d082918ae4751 | Status: 200 | 24ms
_______________________
3/19/2025, 11:32:16 PM | PUT /67d9c4a6f74d082918ae4751 | Status: 200 | 25ms
_______________________
3/19/2025, 11:32:20 PM | GET / | Status: 200 | 6ms
_______________________
3/19/2025, 11:32:20 PM | GET / | Status: 200 | 4ms
_______________________
3/19/2025, 11:32:20 PM | GET / | Status: 200 | 4ms
_______________________
3/19/2025, 11:32:20 PM | GET / | Status: 200 | 5ms
_______________________
3/19/2025, 11:32:20 PM | GET /67d9c4a6f74d082918ae4751 | Status: 200 | 2ms
_______________________
3/19/2025, 11:32:20 PM | GET /67d9c4a6f74d082918ae4751 | Status: 200 | 3ms
_______________________
3/19/2025, 11:32:26 PM | GET / | Status: 200 | 5ms
_______________________
3/19/2025, 11:32:26 PM | GET / | Status: 200 | 6ms
_______________________
3/19/2025, 11:32:31 PM | GET / | Status: 200 | 5ms
_______________________
3/19/2025, 11:32:31 PM | GET / | Status: 200 | 6ms
_______________________
3/19/2025, 11:32:31 PM | GET / | Status: 200 | 8ms
_______________________
3/19/2025, 11:32:31 PM | GET / | Status: 200 | 9ms
_______________________
3/19/2025, 11:32:31 PM | GET /67d4b27a7001f65612d44e23 | Status: 200 | 8ms
_______________________
3/19/2025, 11:32:31 PM | GET /67d4b27a7001f65612d44e23 | Status: 200 | 8ms
_______________________
3/19/2025, 11:32:31 PM | GET /67d4b27a7001f65612d44e23 | Status: 200 | 3ms
_______________________
3/19/2025, 11:32:31 PM | GET /67d4b27a7001f65612d44e23 | Status: 200 | 3ms
_______________________
3/19/2025, 11:33:05 PM | GET / | Status: 200 | 5ms
_______________________
3/19/2025, 11:33:05 PM | GET / | Status: 200 | 6ms
_______________________
3/19/2025, 11:33:09 PM | GET /?likes=67cb92d8f57a16c0e822ce86 | Status: 200 | 6ms
_______________________
3/19/2025, 11:33:09 PM | GET /?likes=67cb92d8f57a16c0e822ce86 | Status: 200 | 7ms
_______________________
3/19/2025, 11:33:12 PM | GET /my-cards | Status: 200 | 4ms
_______________________
3/19/2025, 11:33:12 PM | GET /my-cards | Status: 200 | 5ms
_______________________
3/19/2025, 11:33:14 PM | GET / | Status: 200 | 5ms
_______________________
3/19/2025, 11:33:14 PM | GET / | Status: 200 | 6ms
_______________________
3/19/2025, 11:33:24 PM | GET / | Status: 200 | 5ms
_______________________
3/19/2025, 11:33:24 PM | GET / | Status: 200 | 6ms
_______________________
3/19/2025, 11:34:03 PM | GET / | Status: 200 | 283ms
_______________________
3/19/2025, 11:34:03 PM | GET / | Status: 200 | 287ms
_______________________
3/19/2025, 11:34:09 PM | POST /login | Status: 200 | 218ms
_______________________
3/19/2025, 11:34:09 PM | GET / | Status: 200 | 257ms
_______________________
3/19/2025, 11:34:09 PM | GET / | Status: 200 | 259ms
_______________________
3/19/2025, 11:34:34 PM | PATCH /67d829b96838d35eb9c48f5a | Status: 200 | 272ms
_______________________
3/19/2025, 11:34:34 PM | PATCH /67d829b96838d35eb9c48f5a | Status: 200 | 272ms
_______________________
3/19/2025, 11:34:35 PM | PATCH /67d829b96838d35eb9c48f5a | Status: 200 | 270ms
_______________________
3/19/2025, 11:34:35 PM | PATCH /67d829b96838d35eb9c48f5a | Status: 200 | 270ms
_______________________
3/19/2025, 11:34:35 PM | PATCH /67d4b27a7001f65612d44e23 | Status: 200 | 255ms
_______________________
3/19/2025, 11:34:35 PM | PATCH /67d4b27a7001f65612d44e23 | Status: 200 | 256ms
_______________________
3/19/2025, 11:34:38 PM | PATCH /67d4b0cf7001f65612d44db1 | Status: 200 | 261ms
_______________________
3/19/2025, 11:34:38 PM | PATCH /67d4b0cf7001f65612d44db1 | Status: 200 | 261ms
_______________________
3/19/2025, 11:34:39 PM | GET /?likes=67cb92d8f57a16c0e822ce86 | Status: 200 | 254ms
_______________________
3/19/2025, 11:34:39 PM | GET /?likes=67cb92d8f57a16c0e822ce86 | Status: 200 | 255ms
_______________________
3/19/2025, 11:34:40 PM | GET /?likes=67cb92d8f57a16c0e822ce86 | Status: 200 | 256ms
_______________________
3/19/2025, 11:34:40 PM | GET /?likes=67cb92d8f57a16c0e822ce86 | Status: 200 | 258ms
_______________________
3/19/2025, 11:34:40 PM | PATCH /67d4b0cf7001f65612d44db1 | Status: 200 | 265ms
_______________________
3/19/2025, 11:34:40 PM | PATCH /67d4b0cf7001f65612d44db1 | Status: 200 | 265ms
_______________________
3/19/2025, 11:34:41 PM | GET /?likes=67cb92d8f57a16c0e822ce86 | Status: 200 | 249ms
_______________________
3/19/2025, 11:34:41 PM | GET /?likes=67cb92d8f57a16c0e822ce86 | Status: 200 | 250ms
_______________________
3/19/2025, 11:34:41 PM | PATCH /67d4b0cf7001f65612d44db1 | Status: 200 | 256ms
_______________________
3/19/2025, 11:34:41 PM | PATCH /67d4b0cf7001f65612d44db1 | Status: 200 | 257ms
_______________________
3/19/2025, 11:34:43 PM | GET /?likes=67cb92d8f57a16c0e822ce86 | Status: 200 | 262ms
_______________________
3/19/2025, 11:34:43 PM | GET /?likes=67cb92d8f57a16c0e822ce86 | Status: 200 | 264ms
_______________________
3/19/2025, 11:34:43 PM | PATCH /67d4b0d27001f65612d44db7 | Status: 200 | 263ms
_______________________
3/19/2025, 11:34:43 PM | PATCH /67d4b0d27001f65612d44db7 | Status: 200 | 263ms
_______________________
3/19/2025, 11:34:46 PM | GET /?likes=67cb92d8f57a16c0e822ce86 | Status: 200 | 252ms
_______________________
3/19/2025, 11:34:46 PM | GET /?likes=67cb92d8f57a16c0e822ce86 | Status: 200 | 253ms
_______________________
3/19/2025, 11:34:46 PM | PATCH /67d4b0cf7001f65612d44db1 | Status: 200 | 255ms
_______________________
3/19/2025, 11:34:46 PM | PATCH /67d4b0cf7001f65612d44db1 | Status: 200 | 255ms
_______________________
3/19/2025, 11:34:48 PM | GET / | Status: 200 | 265ms
_______________________
3/19/2025, 11:34:48 PM | GET / | Status: 200 | 267ms
_______________________
3/19/2025, 11:34:49 PM | PATCH /67d4b0d27001f65612d44db7 | Status: 200 | 256ms
_______________________
3/19/2025, 11:34:49 PM | PATCH /67d4b0d27001f65612d44db7 | Status: 200 | 257ms
_______________________
3/19/2025, 11:34:51 PM | PATCH /67d4b0cb7001f65612d44da5 | Status: 200 | 258ms
_______________________
3/19/2025, 11:34:51 PM | PATCH /67d4b0cb7001f65612d44da5 | Status: 200 | 258ms
_______________________
3/19/2025, 11:34:53 PM | PATCH /67d4b0c57001f65612d44d99 | Status: 200 | 258ms
_______________________
3/19/2025, 11:34:53 PM | PATCH /67d4b0c57001f65612d44d99 | Status: 200 | 259ms
_______________________
3/19/2025, 11:34:53 PM | GET /?likes=67cb92d8f57a16c0e822ce86 | Status: 200 | 254ms
_______________________
3/19/2025, 11:34:53 PM | GET /?likes=67cb92d8f57a16c0e822ce86 | Status: 200 | 255ms
_______________________
3/19/2025, 11:34:57 PM | GET / | Status: 200 | 253ms
_______________________
3/19/2025, 11:34:57 PM | GET / | Status: 200 | 255ms
_______________________
3/19/2025, 11:34:58 PM | GET /my-cards | Status: 200 | 126ms
_______________________
3/19/2025, 11:34:58 PM | GET /my-cards | Status: 200 | 126ms
_______________________
3/19/2025, 11:35:22 PM | GET / | Status: 200 | 251ms
_______________________
3/19/2025, 11:35:22 PM | GET / | Status: 200 | 253ms
_______________________
3/19/2025, 11:35:35 PM | GET /?page=1&limit=50 | Status: 200 | 130ms
_______________________
3/19/2025, 11:35:35 PM | GET /?page=1&limit=50 | Status: 200 | 131ms
_______________________
3/19/2025, 11:35:38 PM | GET / | Status: 200 | 253ms
_______________________
3/19/2025, 11:35:38 PM | GET / | Status: 200 | 255ms
_______________________
3/19/2025, 11:35:41 PM | GET /?page=1&limit=50 | Status: 200 | 129ms
_______________________
3/19/2025, 11:35:41 PM | GET /?page=1&limit=50 | Status: 200 | 129ms
_______________________
3/19/2025, 11:35:43 PM | GET /67d04ecd2e88a42126da8938 | Status: 200 | 134ms
_______________________
3/19/2025, 11:35:43 PM | GET /67d04ecd2e88a42126da8938 | Status: 200 | 133ms
_______________________
3/19/2025, 11:36:33 PM | POST /login | Status: 200 | 105ms
_______________________
3/19/2025, 11:36:33 PM | GET / | Status: 200 | 18ms
_______________________
3/19/2025, 11:36:33 PM | GET / | Status: 200 | 21ms
_______________________
3/19/2025, 11:37:17 PM | GET / | Status: 200 | 10ms
_______________________
3/19/2025, 11:37:17 PM | GET / | Status: 200 | 12ms
_______________________
3/19/2025, 11:37:17 PM | GET / | Status: 200 | 13ms
_______________________
3/19/2025, 11:37:17 PM | GET / | Status: 200 | 14ms
_______________________
3/19/2025, 11:37:17 PM | GET /67d9c4a6f74d082918ae4751 | Status: 200 | 14ms
_______________________
3/19/2025, 11:37:17 PM | GET /67d9c4a6f74d082918ae4751 | Status: 200 | 15ms
_______________________
3/19/2025, 11:37:17 PM | GET /67d9c4a6f74d082918ae4751 | Status: 200 | 4ms
_______________________
3/19/2025, 11:37:17 PM | GET /67d9c4a6f74d082918ae4751 | Status: 200 | 4ms
_______________________
3/19/2025, 11:37:22 PM | GET / | Status: 200 | 12ms
_______________________
3/19/2025, 11:37:22 PM | GET / | Status: 200 | 11ms
_______________________
3/19/2025, 11:38:05 PM | GET /?page=1&limit=50 | Status: 200 | 8ms
_______________________
3/19/2025, 11:38:05 PM | GET /?page=1&limit=50 | Status: 200 | 8ms
_______________________
3/19/2025, 11:38:18 PM | DELETE /67db34b121786b9b95e8147e | Status: 200 | 7ms
_______________________
3/19/2025, 11:38:21 PM | GET /?page=1&limit=50 | Status: 200 | 6ms
_______________________
3/19/2025, 11:38:21 PM | GET /?page=1&limit=50 | Status: 200 | 6ms
_______________________
3/19/2025, 11:38:36 PM | DELETE /67db349e21786b9b95e81479 | Status: 200 | 5ms
_______________________
3/19/2025, 11:38:39 PM | GET /?page=1&limit=50 | Status: 200 | 5ms
_______________________
3/19/2025, 11:38:39 PM | GET /?page=1&limit=50 | Status: 200 | 6ms
_______________________
3/19/2025, 11:38:43 PM | POST / | Status: 200 | 104ms
_______________________
3/19/2025, 11:38:50 PM | POST / | Status: 200 | 88ms
_______________________
3/19/2025, 11:38:52 PM | POST / | Status: 200 | 89ms
_______________________
3/19/2025, 11:38:55 PM | POST / | Status: 200 | 86ms
_______________________
3/19/2025, 11:38:58 PM | POST / | Status: 200 | 90ms
_______________________
3/19/2025, 11:39:01 PM | POST / | Status: 200 | 87ms
_______________________
3/19/2025, 11:39:04 PM | POST / | Status: 200 | 88ms
_______________________
3/19/2025, 11:39:07 PM | POST / | Status: 200 | 89ms
_______________________
3/19/2025, 11:39:09 PM | POST / | Status: 200 | 86ms
_______________________
3/19/2025, 11:39:12 PM | POST / | Status: 200 | 89ms
_______________________
3/19/2025, 11:39:22 PM | POST / | Status: 200 | 84ms
_______________________
3/19/2025, 11:39:25 PM | GET /?page=1&limit=50 | Status: 200 | 8ms
_______________________
3/19/2025, 11:39:25 PM | GET /?page=1&limit=50 | Status: 200 | 11ms
_______________________
3/19/2025, 11:39:35 PM | POST / | Status: 200 | 110ms
_______________________
3/19/2025, 11:39:37 PM | POST / | Status: 200 | 85ms
_______________________
3/19/2025, 11:39:40 PM | POST / | Status: 200 | 85ms
_______________________
3/19/2025, 11:39:42 PM | POST / | Status: 200 | 88ms
_______________________
3/19/2025, 11:39:44 PM | POST / | Status: 200 | 84ms
_______________________
3/19/2025, 11:39:46 PM | POST / | Status: 200 | 86ms
_______________________
3/19/2025, 11:39:49 PM | POST / | Status: 200 | 86ms
_______________________
3/19/2025, 11:39:51 PM | POST / | Status: 200 | 87ms
_______________________
3/19/2025, 11:39:53 PM | POST / | Status: 200 | 84ms
_______________________
3/19/2025, 11:39:56 PM | POST / | Status: 200 | 84ms
_______________________
3/19/2025, 11:39:58 PM | POST / | Status: 200 | 87ms
_______________________
3/19/2025, 11:40:01 PM | POST / | Status: 200 | 85ms
_______________________
3/19/2025, 11:40:03 PM | POST / | Status: 200 | 85ms
_______________________
3/19/2025, 11:40:06 PM | POST / | Status: 200 | 83ms
_______________________
3/19/2025, 11:40:08 PM | POST / | Status: 200 | 84ms
_______________________
3/19/2025, 11:40:10 PM | POST / | Status: 200 | 89ms
_______________________
3/19/2025, 11:40:13 PM | POST / | Status: 200 | 84ms
_______________________
3/19/2025, 11:40:16 PM | POST / | Status: 200 | 83ms
_______________________
3/19/2025, 11:40:19 PM | POST / | Status: 200 | 85ms
_______________________
3/19/2025, 11:40:24 PM | POST / | Status: 200 | 86ms
_______________________
3/19/2025, 11:40:26 PM | GET /?page=1&limit=50 | Status: 200 | 13ms
_______________________
3/19/2025, 11:40:26 PM | GET /?page=1&limit=50 | Status: 200 | 16ms
_______________________
3/19/2025, 11:41:48 PM | GET /?page=1&limit=50 | Status: 200 | 11ms
_______________________
3/19/2025, 11:41:48 PM | GET /?page=1&limit=50 | Status: 200 | 13ms
_______________________
3/19/2025, 11:42:32 PM | GET /?page=1&limit=20 | Status: 200 | 11ms
_______________________
3/19/2025, 11:42:32 PM | GET /?page=1&limit=20 | Status: 200 | 14ms
_______________________
3/19/2025, 11:42:42 PM | GET /?page=1&limit=10 | Status: 200 | 10ms
_______________________
3/19/2025, 11:42:42 PM | GET /?page=1&limit=10 | Status: 200 | 12ms
_______________________
3/19/2025, 11:43:19 PM | GET /?page=1&limit=10 | Status: 200 | 9ms
_______________________
3/19/2025, 11:43:19 PM | GET /?page=1&limit=10 | Status: 200 | 11ms
_______________________
3/19/2025, 11:43:24 PM | GET /?page=1&limit=10 | Status: 200 | 8ms
_______________________
3/19/2025, 11:43:24 PM | GET /?page=1&limit=10 | Status: 200 | 10ms
_______________________
3/19/2025, 11:43:33 PM | GET /?page=1&limit=10 | Status: 200 | 10ms
_______________________
3/19/2025, 11:43:33 PM | GET /?page=1&limit=10 | Status: 200 | 13ms
_______________________
3/19/2025, 11:44:42 PM | GET /67db39808119364bed58b25c | Status: 200 | 5ms
_______________________
3/19/2025, 11:44:42 PM | GET /67db39808119364bed58b25c | Status: 200 | 5ms
_______________________
3/19/2025, 11:45:09 PM | GET /67db39808119364bed58b25c | Status: 200 | 11ms
_______________________
3/19/2025, 11:45:09 PM | GET /67db39808119364bed58b25c | Status: 200 | 12ms
_______________________
3/19/2025, 11:45:19 PM | GET /67db39808119364bed58b25c | Status: 200 | 9ms
_______________________
3/19/2025, 11:45:19 PM | GET /67db39808119364bed58b25c | Status: 200 | 9ms
_______________________
3/19/2025, 11:45:46 PM | GET /67db39808119364bed58b25c | Status: 200 | 3ms
_______________________
3/19/2025, 11:45:46 PM | GET /67db39808119364bed58b25c | Status: 200 | 4ms
_______________________
3/19/2025, 11:45:48 PM | GET /67db39808119364bed58b25c | Status: 200 | 5ms
_______________________
3/19/2025, 11:45:48 PM | GET /67db39808119364bed58b25c | Status: 200 | 4ms
_______________________
3/19/2025, 11:46:56 PM | GET /67db39808119364bed58b25c | Status: 200 | 4ms
_______________________
3/19/2025, 11:46:56 PM | GET /67db39808119364bed58b25c | Status: 200 | 4ms
_______________________
3/19/2025, 11:47:47 PM | GET /67db39808119364bed58b25c | Status: 200 | 4ms
_______________________
3/19/2025, 11:47:47 PM | GET /67db39808119364bed58b25c | Status: 200 | 4ms
_______________________
3/19/2025, 11:47:49 PM | GET /67db39808119364bed58b25c | Status: 200 | 4ms
_______________________
3/19/2025, 11:47:49 PM | GET /67db39808119364bed58b25c | Status: 200 | 5ms
_______________________
3/19/2025, 11:47:52 PM | DELETE /67db39808119364bed58b25c | Status: 200 | 6ms
_______________________
3/19/2025, 11:48:15 PM | GET /?page=1&limit=10 | Status: 200 | 10ms
_______________________
3/19/2025, 11:48:15 PM | GET /?page=1&limit=10 | Status: 200 | 12ms
_______________________
3/19/2025, 11:48:17 PM | GET /67db397d8119364bed58b258 | Status: 200 | 3ms
_______________________
3/19/2025, 11:48:17 PM | GET /67db397d8119364bed58b258 | Status: 200 | 3ms
_______________________
3/19/2025, 11:48:20 PM | DELETE /67db397d8119364bed58b258 | Status: 200 | 4ms
_______________________
3/19/2025, 11:48:25 PM | GET /?page=1&limit=10 | Status: 200 | 9ms
_______________________
3/19/2025, 11:48:25 PM | GET /?page=1&limit=10 | Status: 200 | 10ms
_______________________
3/19/2025, 11:48:31 PM | GET /67db398a8119364bed58b260 | Status: 200 | 3ms
_______________________
3/19/2025, 11:48:31 PM | GET /67db398a8119364bed58b260 | Status: 200 | 3ms
_______________________
3/19/2025, 11:48:56 PM | DELETE /67db398a8119364bed58b260 | Status: 200 | 4ms
_______________________
3/19/2025, 11:49:13 PM | GET /?page=1&limit=10 | Status: 200 | 8ms
_______________________
3/19/2025, 11:49:13 PM | GET /?page=1&limit=10 | Status: 200 | 10ms
_______________________
3/19/2025, 11:49:18 PM | DELETE /67db397b8119364bed58b254 | Status: 200 | 5ms
_______________________
3/19/2025, 11:49:19 PM | GET /?page=1&limit=10 | Status: 200 | 11ms
_______________________
3/19/2025, 11:49:19 PM | GET /?page=1&limit=10 | Status: 200 | 13ms
_______________________
3/19/2025, 11:49:23 PM | GET /67db39998119364bed58b269 | Status: 200 | 5ms
_______________________
3/19/2025, 11:49:23 PM | GET /67db39998119364bed58b269 | Status: 200 | 5ms
_______________________
3/19/2025, 11:49:43 PM | GET /67db39998119364bed58b269 | Status: 200 | 4ms
_______________________
3/19/2025, 11:49:43 PM | GET /67db39998119364bed58b269 | Status: 200 | 5ms
_______________________
3/19/2025, 11:49:46 PM | GET /67db39998119364bed58b269 | Status: 200 | 4ms
_______________________
3/19/2025, 11:49:46 PM | GET /67db39998119364bed58b269 | Status: 200 | 5ms
_______________________
3/19/2025, 11:49:48 PM | GET /67db39998119364bed58b269 | Status: 200 | 4ms
_______________________
3/19/2025, 11:49:48 PM | GET /67db39998119364bed58b269 | Status: 200 | 4ms
_______________________
3/19/2025, 11:49:51 PM | GET /67db39998119364bed58b269 | Status: 200 | 3ms
_______________________
3/19/2025, 11:49:51 PM | GET /67db39998119364bed58b269 | Status: 200 | 4ms
_______________________
3/19/2025, 11:50:01 PM | GET /67db39998119364bed58b269 | Status: 200 | 5ms
_______________________
3/19/2025, 11:50:01 PM | GET /67db39998119364bed58b269 | Status: 200 | 5ms
_______________________
3/19/2025, 11:50:03 PM | GET /67db39998119364bed58b269 | Status: 200 | 4ms
_______________________
3/19/2025, 11:50:03 PM | GET /67db39998119364bed58b269 | Status: 200 | 4ms
_______________________
3/19/2025, 11:50:05 PM | GET /67db39998119364bed58b269 | Status: 200 | 4ms
_______________________
3/19/2025, 11:50:05 PM | GET /67db39998119364bed58b269 | Status: 200 | 5ms
_______________________
3/19/2025, 11:50:06 PM | GET /67db39998119364bed58b269 | Status: 200 | 3ms
_______________________
3/19/2025, 11:50:06 PM | GET /67db39998119364bed58b269 | Status: 200 | 4ms
_______________________
3/19/2025, 11:50:10 PM | GET /?page=1&limit=10 | Status: 200 | 9ms
_______________________
3/19/2025, 11:50:10 PM | GET /?page=1&limit=10 | Status: 200 | 10ms
_______________________
3/19/2025, 11:50:12 PM | GET /67db39998119364bed58b269 | Status: 200 | 5ms
_______________________
3/19/2025, 11:50:12 PM | GET /67db39998119364bed58b269 | Status: 200 | 4ms
_______________________
3/19/2025, 11:50:15 PM | GET /?page=1&limit=10 | Status: 200 | 10ms
_______________________
3/19/2025, 11:50:15 PM | GET /?page=1&limit=10 | Status: 200 | 12ms
_______________________
3/19/2025, 11:50:18 PM | GET /?page=1&limit=10 | Status: 200 | 11ms
_______________________
3/19/2025, 11:50:18 PM | GET /?page=1&limit=10 | Status: 200 | 13ms
_______________________
3/19/2025, 11:50:26 PM | GET /?page=1&limit=10 | Status: 200 | 8ms
_______________________
3/19/2025, 11:50:26 PM | GET /?page=1&limit=10 | Status: 200 | 9ms
_______________________
3/19/2025, 11:50:34 PM | GET /?page=1&limit=10 | Status: 200 | 9ms
_______________________
3/19/2025, 11:50:34 PM | GET /?page=1&limit=10 | Status: 200 | 11ms
_______________________
3/19/2025, 11:50:43 PM | GET /?page=1&limit=10 | Status: 200 | 8ms
_______________________
3/19/2025, 11:50:43 PM | GET /?page=1&limit=10 | Status: 200 | 9ms
_______________________
3/19/2025, 11:50:46 PM | GET /67db39998119364bed58b269 | Status: 200 | 3ms
_______________________
3/19/2025, 11:50:46 PM | GET /67db39998119364bed58b269 | Status: 200 | 4ms
_______________________
3/19/2025, 11:50:48 PM | DELETE /67db39998119364bed58b269 | Status: 200 | 5ms
_______________________
3/19/2025, 11:50:48 PM | GET /?page=1&limit=10 | Status: 200 | 8ms
_______________________
3/19/2025, 11:50:48 PM | GET /?page=1&limit=10 | Status: 200 | 11ms
_______________________
3/19/2025, 11:52:13 PM | GET /?page=1&limit=10 | Status: 200 | 8ms
_______________________
3/19/2025, 11:52:13 PM | GET /?page=1&limit=10 | Status: 200 | 9ms
_______________________
3/19/2025, 11:52:21 PM | GET /?page=1&limit=10 | Status: 200 | 8ms
_______________________
3/19/2025, 11:52:21 PM | GET /?page=1&limit=10 | Status: 200 | 9ms
_______________________
3/19/2025, 11:52:27 PM | GET /?page=1&limit=10 | Status: 200 | 8ms
_______________________
3/19/2025, 11:52:27 PM | GET /?page=1&limit=10 | Status: 200 | 10ms
_______________________
3/19/2025, 11:52:56 PM | GET /?page=1&limit=10 | Status: 200 | 7ms
_______________________
3/19/2025, 11:52:56 PM | GET /?page=1&limit=10 | Status: 200 | 9ms
_______________________
3/19/2025, 11:53:25 PM | DELETE /67db399c8119364bed58b26d | Status: 200 | 4ms
_______________________
3/19/2025, 11:53:27 PM | GET /?page=1&limit=10 | Status: 200 | 9ms
_______________________
3/19/2025, 11:53:27 PM | GET /?page=1&limit=10 | Status: 200 | 11ms
_______________________
3/19/2025, 11:53:29 PM | GET /67db399e8119364bed58b271 | Status: 200 | 5ms
_______________________
3/19/2025, 11:53:29 PM | GET /67db399e8119364bed58b271 | Status: 200 | 5ms
_______________________
3/19/2025, 11:53:31 PM | DELETE /67db399e8119364bed58b271 | Status: 200 | 4ms
_______________________
3/19/2025, 11:53:31 PM | GET /?page=1&limit=10 | Status: 200 | 11ms
_______________________
3/19/2025, 11:53:31 PM | GET /?page=1&limit=10 | Status: 200 | 10ms
_______________________
3/19/2025, 11:53:48 PM | GET /?page=1&limit=10 | Status: 200 | 7ms
_______________________
3/19/2025, 11:53:48 PM | GET /?page=1&limit=10 | Status: 200 | 9ms
_______________________
3/19/2025, 11:53:49 PM | GET /?page=1&limit=10 | Status: 200 | 8ms
_______________________
3/19/2025, 11:53:49 PM | GET /?page=1&limit=10 | Status: 200 | 9ms
_______________________
3/19/2025, 11:53:52 PM | GET /?page=1&limit=10 | Status: 200 | 9ms
_______________________
3/19/2025, 11:53:52 PM | GET /?page=1&limit=10 | Status: 200 | 10ms
_______________________
3/19/2025, 11:53:54 PM | GET /67db39a08119364bed58b275 | Status: 200 | 4ms
_______________________
3/19/2025, 11:53:54 PM | GET /67db39a08119364bed58b275 | Status: 200 | 4ms
_______________________
3/19/2025, 11:53:57 PM | DELETE /67db39a08119364bed58b275 | Status: 200 | 4ms
_______________________
3/19/2025, 11:53:57 PM | GET /?page=1&limit=10 | Status: 200 | 7ms
_______________________
3/19/2025, 11:53:57 PM | GET /?page=1&limit=10 | Status: 200 | 8ms
_______________________
3/19/2025, 11:54:00 PM | GET /67db39a28119364bed58b279 | Status: 200 | 4ms
_______________________
3/19/2025, 11:54:00 PM | GET /67db39a28119364bed58b279 | Status: 200 | 4ms
_______________________
3/19/2025, 11:54:01 PM | DELETE /67db39a28119364bed58b279 | Status: 200 | 3ms
_______________________
3/19/2025, 11:54:01 PM | GET /?page=1&limit=10 | Status: 200 | 8ms
_______________________
3/19/2025, 11:54:01 PM | GET /?page=1&limit=10 | Status: 200 | 9ms
_______________________
3/19/2025, 11:55:42 PM | GET /?page=1&limit=10 | Status: 200 | 9ms
_______________________
3/19/2025, 11:55:42 PM | GET /?page=1&limit=10 | Status: 200 | 10ms
_______________________
3/19/2025, 11:55:48 PM | GET /67db39a58119364bed58b27d | Status: 200 | 6ms
_______________________
3/19/2025, 11:55:48 PM | GET /67db39a58119364bed58b27d | Status: 200 | 6ms
_______________________
3/19/2025, 11:55:49 PM | DELETE /67db39a58119364bed58b27d | Status: 200 | 4ms
_______________________
3/19/2025, 11:55:49 PM | GET /?page=1&limit=10 | Status: 200 | 6ms
_______________________
3/19/2025, 11:55:49 PM | GET /?page=1&limit=10 | Status: 200 | 8ms
_______________________
3/19/2025, 11:56:10 PM | GET /?page=1&limit=10 | Status: 200 | 6ms
_______________________
3/19/2025, 11:56:10 PM | GET /?page=1&limit=10 | Status: 200 | 7ms
_______________________
3/19/2025, 11:56:14 PM | GET /?page=1&limit=10 | Status: 200 | 15ms
_______________________
3/19/2025, 11:56:14 PM | GET /?page=1&limit=10 | Status: 200 | 16ms
_______________________
3/19/2025, 11:56:17 PM | GET /?page=1&limit=10 | Status: 200 | 7ms
_______________________
3/19/2025, 11:56:17 PM | GET /?page=1&limit=10 | Status: 200 | 8ms
_______________________
3/19/2025, 11:56:22 PM | GET /67db39c38119364bed58b2ad | Status: 200 | 4ms
_______________________
3/19/2025, 11:56:22 PM | GET /67db39c38119364bed58b2ad | Status: 200 | 3ms
_______________________
3/19/2025, 11:56:24 PM | DELETE /67db39c38119364bed58b2ad | Status: 200 | 4ms
_______________________
3/19/2025, 11:56:24 PM | GET /?page=1&limit=10 | Status: 200 | 6ms
_______________________
3/19/2025, 11:56:24 PM | GET /?page=1&limit=10 | Status: 200 | 7ms
_______________________
3/19/2025, 11:56:56 PM | GET /?page=1&limit=10 | Status: 200 | 5ms
_______________________
3/19/2025, 11:56:56 PM | GET /?page=1&limit=10 | Status: 200 | 7ms
_______________________
3/19/2025, 11:57:06 PM | GET /?page=1&limit=10 | Status: 200 | 7ms
_______________________
3/19/2025, 11:57:06 PM | GET /?page=1&limit=10 | Status: 200 | 8ms
_______________________
3/19/2025, 11:57:20 PM | GET /?page=1&limit=10 | Status: 200 | 7ms
_______________________
3/19/2025, 11:57:20 PM | GET /?page=1&limit=10 | Status: 200 | 8ms
_______________________
3/19/2025, 11:57:24 PM | GET /?page=1&limit=10 | Status: 200 | 7ms
_______________________
3/19/2025, 11:57:24 PM | GET /?page=1&limit=10 | Status: 200 | 8ms
_______________________
3/19/2025, 11:57:32 PM | GET /?page=1&limit=10 | Status: 200 | 7ms
_______________________
3/19/2025, 11:57:32 PM | GET /?page=1&limit=10 | Status: 200 | 8ms
_______________________
3/19/2025, 11:57:48 PM | GET /?page=1&limit=10 | Status: 200 | 6ms
_______________________
3/19/2025, 11:57:48 PM | GET /?page=1&limit=10 | Status: 200 | 7ms
_______________________
3/19/2025, 11:57:50 PM | GET /?page=1&limit=10 | Status: 200 | 6ms
_______________________
3/19/2025, 11:57:50 PM | GET /?page=1&limit=10 | Status: 200 | 6ms
_______________________
3/19/2025, 11:57:58 PM | GET /?page=1&limit=10 | Status: 200 | 6ms
_______________________
3/19/2025, 11:57:58 PM | GET /?page=1&limit=10 | Status: 200 | 7ms
_______________________
3/19/2025, 11:58:05 PM | GET /?page=1&limit=10 | Status: 200 | 7ms
_______________________
3/19/2025, 11:58:05 PM | GET /?page=1&limit=10 | Status: 200 | 8ms
_______________________
3/19/2025, 11:58:16 PM | GET /?page=1&limit=10 | Status: 200 | 8ms
_______________________
3/19/2025, 11:58:16 PM | GET /?page=1&limit=10 | Status: 200 | 9ms
_______________________
3/19/2025, 11:58:33 PM | GET /?page=1&limit=10 | Status: 200 | 7ms
_______________________
3/19/2025, 11:58:33 PM | GET /?page=1&limit=10 | Status: 200 | 8ms
_______________________
3/19/2025, 11:58:36 PM | GET /?page=1&limit=10 | Status: 200 | 6ms
_______________________
3/19/2025, 11:58:36 PM | GET /?page=1&limit=10 | Status: 200 | 7ms
_______________________
3/19/2025, 11:58:47 PM | GET /?page=1&limit=10 | Status: 200 | 5ms
_______________________
3/19/2025, 11:58:47 PM | GET /?page=1&limit=10 | Status: 200 | 6ms
_______________________
3/19/2025, 11:58:49 PM | GET /?page=1&limit=10 | Status: 200 | 6ms
_______________________
3/19/2025, 11:58:49 PM | GET /?page=1&limit=10 | Status: 200 | 7ms
_______________________
3/19/2025, 11:59:01 PM | GET /?page=1&limit=10 | Status: 200 | 7ms
_______________________
3/19/2025, 11:59:01 PM | GET /?page=1&limit=10 | Status: 200 | 9ms
_______________________
3/19/2025, 11:59:12 PM | GET /?page=1&limit=10 | Status: 200 | 6ms
_______________________
3/19/2025, 11:59:12 PM | GET /?page=1&limit=10 | Status: 200 | 7ms
_______________________
3/19/2025, 11:59:17 PM | GET /?page=1&limit=10 | Status: 200 | 5ms
_______________________
3/19/2025, 11:59:17 PM | GET /?page=1&limit=10 | Status: 200 | 7ms
_______________________
3/19/2025, 11:59:23 PM | GET /?page=1&limit=10 | Status: 200 | 6ms
_______________________
3/19/2025, 11:59:23 PM | GET /?page=1&limit=10 | Status: 200 | 7ms
_______________________
3/19/2025, 11:59:48 PM | GET /?page=1&limit=10 | Status: 200 | 7ms
_______________________
3/19/2025, 11:59:48 PM | GET /?page=1&limit=10 | Status: 200 | 8ms
_______________________
3/19/2025, 11:59:55 PM | GET /?page=1&limit=10 | Status: 200 | 7ms
_______________________
3/19/2025, 11:59:55 PM | GET /?page=1&limit=10 | Status: 200 | 8ms
_______________________
3/20/2025, 12:00:00 AM | GET /?page=1&limit=10 | Status: 200 | 6ms
_______________________
3/20/2025, 12:00:00 AM | GET /?page=1&limit=10 | Status: 200 | 7ms
_______________________
3/20/2025, 12:00:05 AM | GET /?page=1&limit=10 | Status: 200 | 6ms
_______________________
3/20/2025, 12:00:05 AM | GET /?page=1&limit=10 | Status: 200 | 7ms
_______________________
3/20/2025, 12:00:09 AM | GET /?page=1&limit=10 | Status: 200 | 5ms
_______________________
3/20/2025, 12:00:09 AM | GET /?page=1&limit=10 | Status: 200 | 6ms
_______________________
3/20/2025, 12:00:52 AM | GET /?page=1&limit=10 | Status: 200 | 6ms
_______________________
3/20/2025, 12:00:52 AM | GET /?page=1&limit=10 | Status: 200 | 7ms
_______________________
3/20/2025, 12:01:01 AM | GET /?page=1&limit=10 | Status: 200 | 5ms
_______________________
3/20/2025, 12:01:01 AM | GET /?page=1&limit=10 | Status: 200 | 6ms
_______________________
3/20/2025, 12:01:03 AM | GET /?page=1&limit=10 | Status: 200 | 6ms
_______________________
3/20/2025, 12:01:03 AM | GET /?page=1&limit=10 | Status: 200 | 8ms
_______________________
3/20/2025, 12:01:04 AM | GET /?page=1&limit=10 | Status: 200 | 6ms
_______________________
3/20/2025, 12:01:04 AM | GET /?page=1&limit=10 | Status: 200 | 6ms
_______________________
3/20/2025, 12:01:06 AM | GET /?page=1&limit=10 | Status: 200 | 6ms
_______________________
3/20/2025, 12:01:06 AM | GET /?page=1&limit=10 | Status: 200 | 8ms
_______________________
3/20/2025, 12:01:07 AM | GET /?page=1&limit=10 | Status: 200 | 5ms
_______________________
3/20/2025, 12:01:07 AM | GET /?page=1&limit=10 | Status: 200 | 5ms
_______________________
3/20/2025, 12:01:11 AM | GET /?page=1&limit=10 | Status: 200 | 6ms
_______________________
3/20/2025, 12:01:11 AM | GET /?page=1&limit=10 | Status: 200 | 6ms
_______________________
3/20/2025, 12:01:13 AM | GET /?page=1&limit=10 | Status: 200 | 5ms
_______________________
3/20/2025, 12:01:13 AM | GET /?page=1&limit=10 | Status: 200 | 6ms
_______________________
3/20/2025, 12:01:17 AM | GET /?page=1&limit=10 | Status: 200 | 6ms
_______________________
3/20/2025, 12:01:17 AM | GET /?page=1&limit=10 | Status: 200 | 8ms
_______________________
3/20/2025, 12:02:02 AM | GET /?page=1&limit=10 | Status: 200 | 6ms
_______________________
3/20/2025, 12:02:02 AM | GET /?page=1&limit=10 | Status: 200 | 7ms
_______________________
3/20/2025, 12:02:05 AM | GET /?page=1&limit=10 | Status: 200 | 5ms
_______________________
3/20/2025, 12:02:05 AM | GET /?page=1&limit=10 | Status: 200 | 6ms
_______________________
3/20/2025, 12:02:06 AM | GET /?page=1&limit=10 | Status: 200 | 6ms
_______________________
3/20/2025, 12:02:06 AM | GET /?page=1&limit=10 | Status: 200 | 6ms
_______________________
3/20/2025, 12:02:38 AM | GET /?page=1&limit=10 | Status: 200 | 6ms
_______________________
3/20/2025, 12:02:38 AM | GET /?page=1&limit=10 | Status: 200 | 7ms
_______________________
3/20/2025, 12:02:40 AM | GET /?page=1&limit=10 | Status: 200 | 6ms
_______________________
3/20/2025, 12:02:40 AM | GET /?page=1&limit=10 | Status: 200 | 7ms
_______________________
3/20/2025, 12:02:44 AM | GET /?page=1&limit=10 | Status: 200 | 5ms
_______________________
3/20/2025, 12:02:44 AM | GET /?page=1&limit=10 | Status: 200 | 6ms
_______________________
3/20/2025, 12:02:48 AM | GET /?page=1&limit=10 | Status: 200 | 5ms
_______________________
3/20/2025, 12:02:48 AM | GET /?page=1&limit=10 | Status: 200 | 6ms
_______________________
3/20/2025, 12:02:50 AM | GET /?page=1&limit=10 | Status: 200 | 5ms
_______________________
3/20/2025, 12:02:50 AM | GET /?page=1&limit=10 | Status: 200 | 6ms
_______________________
3/20/2025, 12:02:53 AM | GET /?page=1&limit=10 | Status: 200 | 6ms
_______________________
3/20/2025, 12:02:53 AM | GET /?page=1&limit=10 | Status: 200 | 7ms
_______________________
3/20/2025, 12:03:20 AM | GET /?page=1&limit=10 | Status: 200 | 7ms
_______________________
3/20/2025, 12:03:20 AM | GET /?page=1&limit=10 | Status: 200 | 8ms
_______________________
3/20/2025, 12:03:21 AM | GET /?page=1&limit=10 | Status: 200 | 6ms
_______________________
3/20/2025, 12:03:21 AM | GET /?page=1&limit=10 | Status: 200 | 7ms
_______________________
3/20/2025, 12:03:36 AM | GET /?page=1&limit=10 | Status: 200 | 7ms
_______________________
3/20/2025, 12:03:36 AM | GET /?page=1&limit=10 | Status: 200 | 8ms
_______________________
3/20/2025, 12:03:49 AM | GET /?page=1&limit=10 | Status: 200 | 5ms
_______________________
3/20/2025, 12:03:49 AM | GET /?page=1&limit=10 | Status: 200 | 6ms
_______________________
3/20/2025, 12:03:54 AM | GET /?page=1&limit=10 | Status: 200 | 5ms
_______________________
3/20/2025, 12:03:54 AM | GET /?page=1&limit=10 | Status: 200 | 6ms
_______________________
3/20/2025, 12:03:59 AM | GET /?page=1&limit=10 | Status: 200 | 7ms
_______________________
3/20/2025, 12:03:59 AM | GET /?page=1&limit=10 | Status: 200 | 8ms
_______________________
3/20/2025, 12:04:00 AM | GET /?page=1&limit=10 | Status: 200 | 7ms
_______________________
3/20/2025, 12:04:00 AM | GET /?page=1&limit=10 | Status: 200 | 8ms
_______________________
3/20/2025, 12:04:05 AM | GET /?page=1&limit=10 | Status: 200 | 5ms
_______________________
3/20/2025, 12:04:05 AM | GET /?page=1&limit=10 | Status: 200 | 6ms
_______________________
3/20/2025, 12:04:07 AM | GET /?page=1&limit=10 | Status: 200 | 6ms
_______________________
3/20/2025, 12:04:07 AM | GET /?page=1&limit=10 | Status: 200 | 5ms
_______________________
3/20/2025, 12:04:09 AM | GET /?page=1&limit=10 | Status: 200 | 6ms
_______________________
3/20/2025, 12:04:09 AM | GET /?page=1&limit=10 | Status: 200 | 7ms
_______________________
3/20/2025, 12:04:12 AM | GET /?page=1&limit=10 | Status: 200 | 6ms
_______________________
3/20/2025, 12:04:12 AM | GET /?page=1&limit=10 | Status: 200 | 6ms
_______________________
3/20/2025, 12:04:14 AM | GET /?page=1&limit=10 | Status: 200 | 5ms
_______________________
3/20/2025, 12:04:14 AM | GET /?page=1&limit=10 | Status: 200 | 6ms
_______________________
3/20/2025, 12:04:16 AM | GET /?page=1&limit=10 | Status: 200 | 6ms
_______________________
3/20/2025, 12:04:16 AM | GET /?page=1&limit=10 | Status: 200 | 7ms
_______________________
3/20/2025, 12:04:18 AM | GET /?page=1&limit=10 | Status: 200 | 6ms
_______________________
3/20/2025, 12:04:18 AM | GET /?page=1&limit=10 | Status: 200 | 6ms
_______________________
3/20/2025, 12:04:24 AM | GET /?page=1&limit=10 | Status: 200 | 5ms
_______________________
3/20/2025, 12:04:24 AM | GET /?page=1&limit=10 | Status: 200 | 6ms
_______________________
3/20/2025, 12:04:26 AM | GET /?page=1&limit=10 | Status: 200 | 7ms
_______________________
3/20/2025, 12:04:26 AM | GET /?page=1&limit=10 | Status: 200 | 8ms
_______________________
3/20/2025, 12:11:56 AM | GET /?page=1&limit=10 | Status: 200 | 6ms
_______________________
3/20/2025, 12:11:56 AM | GET /?page=1&limit=10 | Status: 200 | 7ms
_______________________
3/20/2025, 12:12:00 AM | GET /?page=1&limit=10 | Status: 200 | 5ms
_______________________
3/20/2025, 12:12:00 AM | GET /?page=1&limit=10 | Status: 200 | 6ms
_______________________
3/20/2025, 12:12:09 AM | GET /?page=1&limit=10 | Status: 200 | 5ms
_______________________
3/20/2025, 12:12:09 AM | GET /?page=1&limit=10 | Status: 200 | 6ms
_______________________
3/20/2025, 12:12:10 AM | GET /?page=1&limit=10 | Status: 200 | 5ms
_______________________
3/20/2025, 12:12:10 AM | GET /?page=1&limit=10 | Status: 200 | 6ms
_______________________
3/20/2025, 12:12:14 AM | GET /?page=1&limit=10 | Status: 200 | 6ms
_______________________
3/20/2025, 12:12:14 AM | GET /?page=1&limit=10 | Status: 200 | 6ms
_______________________
3/20/2025, 12:12:16 AM | GET /?page=1&limit=10 | Status: 200 | 6ms
_______________________
3/20/2025, 12:12:16 AM | GET /?page=1&limit=10 | Status: 200 | 7ms
_______________________
3/20/2025, 12:12:34 AM | GET /?page=1&limit=10 | Status: 200 | 5ms
_______________________
3/20/2025, 12:12:34 AM | GET /?page=1&limit=10 | Status: 200 | 6ms
_______________________
3/20/2025, 12:12:38 AM | GET /?page=1&limit=10 | Status: 200 | 5ms
_______________________
3/20/2025, 12:12:38 AM | GET /?page=1&limit=10 | Status: 200 | 6ms
_______________________
3/20/2025, 12:12:42 AM | GET /?page=1&limit=10 | Status: 200 | 7ms
_______________________
3/20/2025, 12:12:42 AM | GET /?page=1&limit=10 | Status: 200 | 8ms
_______________________
3/20/2025, 12:12:46 AM | GET /?page=1&limit=10 | Status: 200 | 6ms
_______________________
3/20/2025, 12:12:46 AM | GET /?page=1&limit=10 | Status: 200 | 6ms
_______________________
3/20/2025, 12:13:51 AM | GET /67cb92d8f57a16c0e822ce86 | Status: 200 | 5ms
_______________________
3/20/2025, 12:13:51 AM | GET /67cb92d8f57a16c0e822ce86 | Status: 200 | 5ms
_______________________
3/20/2025, 12:13:53 AM | GET /?page=1&limit=10 | Status: 200 | 6ms
_______________________
3/20/2025, 12:13:53 AM | GET /?page=1&limit=10 | Status: 200 | 7ms
_______________________
3/20/2025, 12:14:08 AM | GET /?page=1&limit=10 | Status: 200 | 6ms
_______________________
3/20/2025, 12:14:08 AM | GET /?page=1&limit=10 | Status: 200 | 7ms
_______________________
3/20/2025, 12:14:12 AM | GET /?page=1&limit=10 | Status: 200 | 6ms
_______________________
3/20/2025, 12:14:12 AM | GET /?page=1&limit=10 | Status: 200 | 7ms
_______________________
3/20/2025, 12:15:09 AM | GET /?page=1&limit=10 | Status: 200 | 7ms
_______________________
3/20/2025, 12:15:09 AM | GET /?page=1&limit=10 | Status: 200 | 8ms
_______________________
3/20/2025, 12:15:21 AM | GET /67db39a78119364bed58b281 | Status: 200 | 4ms
_______________________
3/20/2025, 12:15:21 AM | GET /67db39a78119364bed58b281 | Status: 200 | 4ms
_______________________
3/20/2025, 12:17:26 AM | GET /?page=1&limit=10 | Status: 200 | 7ms
_______________________
3/20/2025, 12:17:26 AM | GET /?page=1&limit=10 | Status: 200 | 8ms
_______________________
3/20/2025, 12:17:28 AM | GET /67db39978119364bed58b265 | Status: 200 | 4ms
_______________________
3/20/2025, 12:17:28 AM | GET /67db39978119364bed58b265 | Status: 200 | 5ms
_______________________
3/20/2025, 12:18:21 AM | GET /67db39978119364bed58b265 | Status: 200 | 3ms
_______________________
3/20/2025, 12:18:21 AM | GET /67db39978119364bed58b265 | Status: 200 | 3ms
_______________________
3/20/2025, 12:19:56 AM | POST /login | Status: 200 | 80ms
_______________________
3/20/2025, 12:20:23 AM | GET /?page=1&limit=10 | Status: 200 | 7ms
_______________________
3/20/2025, 12:20:23 AM | GET /?page=1&limit=10 | Status: 200 | 8ms
_______________________
3/20/2025, 12:20:29 AM | GET /67db39758119364bed58b24c | Status: 200 | 4ms
_______________________
3/20/2025, 12:20:29 AM | GET /67db39758119364bed58b24c | Status: 200 | 4ms
_______________________
3/20/2025, 12:20:57 AM | GET /67db39758119364bed58b24c | Status: 200 | 5ms
_______________________
3/20/2025, 12:20:57 AM | GET /67db39758119364bed58b24c | Status: 200 | 5ms
_______________________
3/20/2025, 12:20:58 AM | GET /67db39758119364bed58b24c | Status: 200 | 4ms
_______________________
3/20/2025, 12:20:58 AM | GET /67db39758119364bed58b24c | Status: 200 | 4ms
_______________________
3/20/2025, 12:21:00 AM | GET /?page=1&limit=10 | Status: 200 | 5ms
_______________________
3/20/2025, 12:21:00 AM | GET /?page=1&limit=10 | Status: 200 | 6ms
_______________________
3/20/2025, 12:21:12 AM | POST / | Status: 200 | 83ms
_______________________
3/20/2025, 12:21:16 AM | GET /?page=1&limit=10 | Status: 200 | 7ms
_______________________
3/20/2025, 12:21:16 AM | GET /?page=1&limit=10 | Status: 200 | 8ms
_______________________
3/20/2025, 12:21:59 AM | GET /?page=1&limit=10 | Status: 200 | 5ms
_______________________
3/20/2025, 12:21:59 AM | GET /?page=1&limit=10 | Status: 200 | 6ms
_______________________
3/20/2025, 12:22:00 AM | GET /?page=1&limit=10 | Status: 200 | 5ms
_______________________
3/20/2025, 12:22:00 AM | GET /?page=1&limit=10 | Status: 200 | 6ms
_______________________
3/20/2025, 12:22:01 AM | GET /?page=1&limit=10 | Status: 200 | 7ms
_______________________
3/20/2025, 12:22:01 AM | GET /?page=1&limit=10 | Status: 200 | 8ms
_______________________
3/20/2025, 12:22:09 AM | GET /?page=1&limit=10 | Status: 200 | 7ms
_______________________
3/20/2025, 12:22:09 AM | GET /?page=1&limit=10 | Status: 200 | 8ms
_______________________
3/20/2025, 12:22:18 AM | GET /?page=1&limit=10 | Status: 200 | 7ms
_______________________
3/20/2025, 12:22:18 AM | GET /?page=1&limit=10 | Status: 200 | 8ms
_______________________
3/20/2025, 12:22:23 AM | GET /?page=1&limit=10 | Status: 200 | 6ms
_______________________
3/20/2025, 12:22:23 AM | GET /?page=1&limit=10 | Status: 200 | 7ms
_______________________
3/20/2025, 12:22:26 AM | GET /?page=1&limit=10 | Status: 200 | 7ms
_______________________
3/20/2025, 12:22:26 AM | GET /?page=1&limit=10 | Status: 200 | 8ms
_______________________
3/20/2025, 12:22:33 AM | GET /?page=1&limit=10 | Status: 200 | 7ms
_______________________
3/20/2025, 12:22:33 AM | GET /?page=1&limit=10 | Status: 200 | 8ms
_______________________
3/20/2025, 12:22:39 AM | GET /?page=1&limit=10 | Status: 200 | 6ms
_______________________
3/20/2025, 12:22:39 AM | GET /?page=1&limit=10 | Status: 200 | 7ms
_______________________
3/20/2025, 12:22:45 AM | GET /?page=1&limit=10 | Status: 200 | 7ms
_______________________
3/20/2025, 12:22:45 AM | GET /?page=1&limit=10 | Status: 200 | 8ms
_______________________
3/20/2025, 12:22:54 AM | GET /?page=1&limit=10 | Status: 200 | 5ms
_______________________
3/20/2025, 12:22:54 AM | GET /?page=1&limit=10 | Status: 200 | 7ms
_______________________
3/20/2025, 12:22:55 AM | GET /?page=1&limit=10 | Status: 200 | 5ms
_______________________
3/20/2025, 12:22:55 AM | GET /?page=1&limit=10 | Status: 200 | 6ms
_______________________
3/20/2025, 12:22:57 AM | GET /?page=1&limit=10 | Status: 200 | 5ms
_______________________
3/20/2025, 12:22:57 AM | GET /?page=1&limit=10 | Status: 200 | 6ms
_______________________
3/20/2025, 12:23:09 AM | GET /?page=1&limit=10 | Status: 200 | 5ms
_______________________
3/20/2025, 12:23:09 AM | GET /?page=1&limit=10 | Status: 200 | 6ms
_______________________
3/20/2025, 12:23:30 AM | GET /67db43588119364bed58b352 | Status: 200 | 4ms
_______________________
3/20/2025, 12:23:30 AM | GET /67db43588119364bed58b352 | Status: 200 | 4ms
_______________________
3/20/2025, 12:23:43 AM | GET /67db43588119364bed58b352 | Status: 200 | 3ms
_______________________
3/20/2025, 12:23:43 AM | GET /67db43588119364bed58b352 | Status: 200 | 3ms
_______________________
3/20/2025, 12:25:00 AM | GET /67db43588119364bed58b352 | Status: 200 | 4ms
_______________________
3/20/2025, 12:25:00 AM | GET /67db43588119364bed58b352 | Status: 200 | 4ms
_______________________
3/20/2025, 12:25:01 AM | GET /67db43588119364bed58b352 | Status: 200 | 3ms
_______________________
3/20/2025, 12:25:01 AM | GET /67db43588119364bed58b352 | Status: 200 | 4ms
_______________________
3/20/2025, 12:25:02 AM | GET /67db43588119364bed58b352 | Status: 200 | 4ms
_______________________
3/20/2025, 12:25:02 AM | GET /67db43588119364bed58b352 | Status: 200 | 4ms
_______________________
3/20/2025, 12:26:52 AM | GET /67db43588119364bed58b352 | Status: 200 | 4ms
_______________________
3/20/2025, 12:26:52 AM | GET /67db43588119364bed58b352 | Status: 200 | 4ms
_______________________
3/20/2025, 12:26:55 AM | GET /67db43588119364bed58b352 | Status: 200 | 4ms
_______________________
3/20/2025, 12:26:55 AM | GET /67db43588119364bed58b352 | Status: 200 | 4ms
_______________________
3/20/2025, 12:26:59 AM | GET /67db43588119364bed58b352 | Status: 200 | 4ms
_______________________
3/20/2025, 12:26:59 AM | GET /67db43588119364bed58b352 | Status: 200 | 3ms
_______________________
3/20/2025, 12:27:00 AM | GET /67db43588119364bed58b352 | Status: 200 | 3ms
_______________________
3/20/2025, 12:27:00 AM | GET /67db43588119364bed58b352 | Status: 200 | 4ms
_______________________
3/20/2025, 12:27:05 AM | GET /67db43588119364bed58b352 | Status: 200 | 3ms
_______________________
3/20/2025, 12:27:05 AM | GET /67db43588119364bed58b352 | Status: 200 | 4ms
_______________________
3/20/2025, 12:27:20 AM | GET /67db43588119364bed58b352 | Status: 200 | 5ms
_______________________
3/20/2025, 12:27:20 AM | GET /67db43588119364bed58b352 | Status: 200 | 5ms
_______________________
3/20/2025, 12:27:22 AM | GET /67db43588119364bed58b352 | Status: 200 | 3ms
_______________________
3/20/2025, 12:27:22 AM | GET /67db43588119364bed58b352 | Status: 200 | 4ms
_______________________
3/20/2025, 12:27:26 AM | GET /67db43588119364bed58b352 | Status: 200 | 3ms
_______________________
3/20/2025, 12:27:26 AM | GET /67db43588119364bed58b352 | Status: 200 | 4ms
_______________________
3/20/2025, 12:27:30 AM | GET /67db43588119364bed58b352 | Status: 200 | 3ms
_______________________
3/20/2025, 12:27:30 AM | GET /67db43588119364bed58b352 | Status: 200 | 3ms
_______________________
3/20/2025, 12:27:33 AM | GET /67db43588119364bed58b352 | Status: 200 | 5ms
_______________________
3/20/2025, 12:27:33 AM | GET /67db43588119364bed58b352 | Status: 200 | 5ms
_______________________
3/20/2025, 12:27:35 AM | GET /67db43588119364bed58b352 | Status: 200 | 4ms
_______________________
3/20/2025, 12:27:35 AM | GET /67db43588119364bed58b352 | Status: 200 | 4ms
_______________________
3/20/2025, 12:27:58 AM | GET /67db43588119364bed58b352 | Status: 200 | 4ms
_______________________
3/20/2025, 12:27:58 AM | GET /67db43588119364bed58b352 | Status: 200 | 4ms
_______________________
3/20/2025, 12:28:12 AM | GET /67db43588119364bed58b352 | Status: 200 | 4ms
_______________________
3/20/2025, 12:28:12 AM | GET /67db43588119364bed58b352 | Status: 200 | 5ms
_______________________
3/20/2025, 12:28:28 AM | GET /67db43588119364bed58b352 | Status: 200 | 3ms
_______________________
3/20/2025, 12:28:28 AM | GET /67db43588119364bed58b352 | Status: 200 | 3ms
_______________________
3/20/2025, 12:28:31 AM | GET /67db43588119364bed58b352 | Status: 200 | 4ms
_______________________
3/20/2025, 12:28:31 AM | GET /67db43588119364bed58b352 | Status: 200 | 4ms
_______________________
3/20/2025, 12:29:27 AM | GET /67db43588119364bed58b352 | Status: 200 | 5ms
_______________________
3/20/2025, 12:29:27 AM | GET /67db43588119364bed58b352 | Status: 200 | 6ms
_______________________
3/20/2025, 12:31:39 AM | GET /67db43588119364bed58b352 | Status: 200 | 4ms
_______________________
3/20/2025, 12:31:39 AM | GET /67db43588119364bed58b352 | Status: 200 | 4ms
_______________________
3/20/2025, 12:31:58 AM | GET /67db43588119364bed58b352 | Status: 200 | 4ms
_______________________
3/20/2025, 12:31:58 AM | GET /67db43588119364bed58b352 | Status: 200 | 4ms
_______________________
3/20/2025, 12:32:04 AM | GET /67db43588119364bed58b352 | Status: 200 | 4ms
_______________________
3/20/2025, 12:32:04 AM | GET /67db43588119364bed58b352 | Status: 200 | 4ms
_______________________
3/20/2025, 12:32:30 AM | GET /67db43588119364bed58b352 | Status: 200 | 3ms
_______________________
3/20/2025, 12:32:30 AM | GET /67db43588119364bed58b352 | Status: 200 | 4ms
_______________________
3/20/2025, 12:34:30 AM | GET /67db43588119364bed58b352 | Status: 200 | 3ms
_______________________
3/20/2025, 12:34:30 AM | GET /67db43588119364bed58b352 | Status: 200 | 4ms
_______________________
3/20/2025, 12:34:46 AM | GET /67db43588119364bed58b352 | Status: 200 | 4ms
_______________________
3/20/2025, 12:34:46 AM | GET /67db43588119364bed58b352 | Status: 200 | 4ms
_______________________
3/20/2025, 12:35:01 AM | GET /67db43588119364bed58b352 | Status: 200 | 3ms
_______________________
3/20/2025, 12:35:01 AM | GET /67db43588119364bed58b352 | Status: 200 | 3ms
_______________________
3/20/2025, 12:35:09 AM | GET /67db43588119364bed58b352 | Status: 200 | 3ms
_______________________
3/20/2025, 12:35:09 AM | GET /67db43588119364bed58b352 | Status: 200 | 3ms
_______________________
3/20/2025, 12:35:57 AM | GET /67db43588119364bed58b352 | Status: 200 | 4ms
_______________________
3/20/2025, 12:35:57 AM | GET /67db43588119364bed58b352 | Status: 200 | 5ms
_______________________
3/20/2025, 12:37:20 AM | GET /67db43588119364bed58b352 | Status: 200 | 4ms
_______________________
3/20/2025, 12:37:20 AM | GET /67db43588119364bed58b352 | Status: 200 | 4ms
_______________________
3/20/2025, 12:38:34 AM | GET /67db43588119364bed58b352 | Status: 200 | 4ms
_______________________
3/20/2025, 12:38:34 AM | GET /67db43588119364bed58b352 | Status: 200 | 4ms
_______________________
3/20/2025, 12:48:32 AM | GET /67db43588119364bed58b352 | Status: 200 | 39ms
_______________________
3/20/2025, 12:48:32 AM | GET /67db43588119364bed58b352 | Status: 200 | 42ms
_______________________
3/20/2025, 12:48:36 AM | GET /67db43588119364bed58b352 | Status: 200 | 6ms
_______________________
3/20/2025, 12:48:36 AM | GET /67db43588119364bed58b352 | Status: 200 | 6ms
_______________________
3/20/2025, 12:49:47 AM | GET /67db43588119364bed58b352 | Status: 200 | 6ms
_______________________
3/20/2025, 12:49:47 AM | GET /67db43588119364bed58b352 | Status: 200 | 6ms
_______________________
3/20/2025, 12:50:03 AM | GET /67db43588119364bed58b352 | Status: 200 | 5ms
_______________________
3/20/2025, 12:50:03 AM | GET /67db43588119364bed58b352 | Status: 200 | 5ms
_______________________
3/20/2025, 12:50:32 AM | GET /67db43588119364bed58b352 | Status: 200 | 6ms
_______________________
3/20/2025, 12:50:32 AM | GET /67db43588119364bed58b352 | Status: 200 | 6ms
_______________________
3/20/2025, 12:52:25 AM | GET /67db43588119364bed58b352 | Status: 200 | 37ms
_______________________
3/20/2025, 12:52:25 AM | GET /67db43588119364bed58b352 | Status: 200 | 39ms
_______________________
3/20/2025, 12:52:46 AM | GET /67db43588119364bed58b352 | Status: 200 | 29ms
_______________________
3/20/2025, 12:52:46 AM | GET /67db43588119364bed58b352 | Status: 200 | 31ms
_______________________
3/20/2025, 12:59:26 AM | GET /67db43588119364bed58b352 | Status: 200 | 22ms
_______________________
3/20/2025, 12:59:26 AM | GET /67db43588119364bed58b352 | Status: 200 | 24ms
_______________________
3/20/2025, 1:10:09 AM | GET /67db43588119364bed58b352 | Status: 200 | 29ms
_______________________
3/20/2025, 1:10:09 AM | GET /67db43588119364bed58b352 | Status: 200 | 32ms
_______________________
3/20/2025, 1:13:02 AM | PUT /67db43588119364bed58b352 | Status: 200 | 22ms
_______________________
3/20/2025, 1:13:02 AM | PUT /67db43588119364bed58b352 | Status: 200 | 23ms
_______________________
3/20/2025, 1:13:10 AM | GET /67db43588119364bed58b352 | Status: 200 | 8ms
_______________________
3/20/2025, 1:13:10 AM | GET /67db43588119364bed58b352 | Status: 200 | 8ms
_______________________
3/20/2025, 1:13:26 AM | GET /67db43588119364bed58b352 | Status: 200 | 4ms
_______________________
3/20/2025, 1:13:26 AM | GET /67db43588119364bed58b352 | Status: 200 | 5ms
_______________________
3/20/2025, 1:13:28 AM | GET /?page=1&limit=10 | Status: 200 | 16ms
_______________________
3/20/2025, 1:13:28 AM | GET /?page=1&limit=10 | Status: 200 | 18ms
_______________________
3/20/2025, 1:13:45 AM | PUT /67db43588119364bed58b352 | Status: 200 | 6ms
_______________________
3/20/2025, 1:13:45 AM | PUT /67db43588119364bed58b352 | Status: 200 | 6ms
_______________________
3/20/2025, 1:13:49 AM | GET /?page=1&limit=10 | Status: 200 | 9ms
_______________________
3/20/2025, 1:13:49 AM | GET /?page=1&limit=10 | Status: 200 | 11ms
_______________________
3/20/2025, 1:13:58 AM | GET /67db39638119364bed58b238 | Status: 200 | 4ms
_______________________
3/20/2025, 1:13:58 AM | GET /67db39638119364bed58b238 | Status: 200 | 5ms
_______________________
3/20/2025, 1:14:14 AM | PUT /67db39638119364bed58b238 | Status: 200 | 5ms
_______________________
3/20/2025, 1:14:14 AM | PUT /67db39638119364bed58b238 | Status: 200 | 5ms
_______________________
3/20/2025, 1:14:23 AM | GET /67db39638119364bed58b238 | Status: 200 | 7ms
_______________________
3/20/2025, 1:14:23 AM | GET /67db39638119364bed58b238 | Status: 200 | 7ms
_______________________
3/20/2025, 1:14:25 AM | GET /?page=1&limit=10 | Status: 200 | 8ms
_______________________
3/20/2025, 1:14:25 AM | GET /?page=1&limit=10 | Status: 200 | 10ms
_______________________
3/20/2025, 1:14:48 AM | GET /67db39638119364bed58b238 | Status: 200 | 6ms
_______________________
3/20/2025, 1:14:48 AM | GET /67db39638119364bed58b238 | Status: 200 | 6ms
_______________________
3/20/2025, 1:15:05 AM | GET /67db39638119364bed58b238 | Status: 200 | 7ms
_______________________
3/20/2025, 1:15:05 AM | GET /67db39638119364bed58b238 | Status: 200 | 7ms
_______________________
3/20/2025, 1:15:06 AM | GET /?page=1&limit=10 | Status: 200 | 11ms
_______________________
3/20/2025, 1:15:06 AM | GET /?page=1&limit=10 | Status: 200 | 9ms
_______________________
3/20/2025, 1:15:21 AM | PUT /67db39638119364bed58b238 | Status: 200 | 5ms
_______________________
3/20/2025, 1:15:21 AM | PUT /67db39638119364bed58b238 | Status: 200 | 5ms
_______________________
3/20/2025, 1:16:20 AM | GET /67db39638119364bed58b238 | Status: 200 | 34ms
_______________________
3/20/2025, 1:16:20 AM | GET /67db39638119364bed58b238 | Status: 200 | 31ms
_______________________
3/20/2025, 1:16:32 AM | GET /67db39638119364bed58b238 | Status: 200 | 8ms
_______________________
3/20/2025, 1:16:32 AM | GET /67db39638119364bed58b238 | Status: 200 | 9ms
_______________________
3/20/2025, 1:16:35 AM | GET /?page=1&limit=10 | Status: 200 | 17ms
_______________________
3/20/2025, 1:16:35 AM | GET /?page=1&limit=10 | Status: 200 | 19ms
_______________________
3/20/2025, 1:16:36 AM | GET /67cb92d8f57a16c0e822ce86 | Status: 200 | 5ms
_______________________
3/20/2025, 1:16:36 AM | GET /67cb92d8f57a16c0e822ce86 | Status: 200 | 5ms
_______________________
3/20/2025, 1:16:42 AM | GET /67cb92d8f57a16c0e822ce86 | Status: 200 | 7ms
_______________________
3/20/2025, 1:16:42 AM | GET /67cb92d8f57a16c0e822ce86 | Status: 200 | 7ms
_______________________
3/20/2025, 1:22:25 AM | PUT /67db39638119364bed58b238 | Status: 200 | 29ms
_______________________
3/20/2025, 1:22:25 AM | PUT /67db39638119364bed58b238 | Status: 200 | 31ms
_______________________
3/20/2025, 1:22:28 AM | PUT /67db39638119364bed58b238 | Status: 200 | 8ms
_______________________
3/20/2025, 1:22:28 AM | PUT /67db39638119364bed58b238 | Status: 200 | 9ms
_______________________
3/20/2025, 1:22:29 AM | PUT /67db39638119364bed58b238 | Status: 200 | 6ms
_______________________
3/20/2025, 1:22:29 AM | PUT /67db39638119364bed58b238 | Status: 200 | 6ms
_______________________
3/20/2025, 1:22:30 AM | PUT /67db39638119364bed58b238 | Status: 200 | 6ms
_______________________
3/20/2025, 1:22:30 AM | PUT /67db39638119364bed58b238 | Status: 200 | 6ms
_______________________
3/20/2025, 1:22:32 AM | PUT /67db39638119364bed58b238 | Status: 200 | 6ms
_______________________
3/20/2025, 1:22:32 AM | PUT /67db39638119364bed58b238 | Status: 200 | 6ms
_______________________
3/20/2025, 1:23:00 AM | PUT /67db39638119364bed58b238 | Status: 200 | 5ms
_______________________
3/20/2025, 1:23:00 AM | PUT /67db39638119364bed58b238 | Status: 200 | 5ms
_______________________
3/20/2025, 1:23:03 AM | PUT /67db39638119364bed58b238 | Status: 200 | 4ms
_______________________
3/20/2025, 1:23:03 AM | PUT /67db39638119364bed58b238 | Status: 200 | 5ms
_______________________
3/20/2025, 1:23:25 AM | GET /67cb92d8f57a16c0e822ce86 | Status: 200 | 6ms
_______________________
3/20/2025, 1:23:25 AM | GET /67cb92d8f57a16c0e822ce86 | Status: 200 | 6ms
_______________________
3/20/2025, 1:23:43 AM | GET /?page=1&limit=10 | Status: 200 | 15ms
_______________________
3/20/2025, 1:23:43 AM | GET /?page=1&limit=10 | Status: 200 | 17ms
_______________________
3/20/2025, 1:23:45 AM | GET /67db39a78119364bed58b281 | Status: 200 | 6ms
_______________________
3/20/2025, 1:23:45 AM | GET /67db39a78119364bed58b281 | Status: 200 | 6ms
_______________________
3/20/2025, 1:24:23 AM | GET /67db39a78119364bed58b281 | Status: 200 | 26ms
_______________________
3/20/2025, 1:24:23 AM | GET /67db39a78119364bed58b281 | Status: 200 | 28ms
_______________________
3/20/2025, 1:24:30 AM | PUT /67db39a78119364bed58b281 | Status: 200 | 13ms
_______________________
3/20/2025, 1:24:30 AM | PUT /67db39a78119364bed58b281 | Status: 200 | 14ms
_______________________
3/20/2025, 1:24:34 AM | GET /67db39a78119364bed58b281 | Status: 200 | 7ms
_______________________
3/20/2025, 1:24:34 AM | GET /67db39a78119364bed58b281 | Status: 200 | 9ms
_______________________
3/20/2025, 1:24:41 AM | PUT /67db39a78119364bed58b281 | Status: 200 | 6ms
_______________________
3/20/2025, 1:24:41 AM | PUT /67db39a78119364bed58b281 | Status: 200 | 6ms
_______________________
3/20/2025, 1:24:45 AM | GET /67db39a78119364bed58b281 | Status: 200 | 6ms
_______________________
3/20/2025, 1:24:45 AM | GET /67db39a78119364bed58b281 | Status: 200 | 6ms
_______________________
3/20/2025, 1:24:52 AM | PUT /67db39a78119364bed58b281 | Status: 200 | 6ms
_______________________
3/20/2025, 1:24:52 AM | PUT /67db39a78119364bed58b281 | Status: 200 | 6ms
_______________________
3/20/2025, 1:24:54 AM | GET /67db39a78119364bed58b281 | Status: 200 | 7ms
_______________________
3/20/2025, 1:24:54 AM | GET /67db39a78119364bed58b281 | Status: 200 | 7ms
_______________________
3/20/2025, 1:25:10 AM | PUT /67db39a78119364bed58b281 | Status: 200 | 5ms
_______________________
3/20/2025, 1:25:10 AM | PUT /67db39a78119364bed58b281 | Status: 200 | 6ms
_______________________
3/20/2025, 1:25:33 AM | PUT /67db39a78119364bed58b281 | Status: 200 | 7ms
_______________________
3/20/2025, 1:25:33 AM | PUT /67db39a78119364bed58b281 | Status: 200 | 7ms
_______________________
3/20/2025, 1:25:51 AM | PUT /67db39a78119364bed58b281 | Status: 200 | 6ms
_______________________
3/20/2025, 1:25:51 AM | PUT /67db39a78119364bed58b281 | Status: 200 | 7ms
_______________________
3/20/2025, 1:25:53 AM | PUT /67db39a78119364bed58b281 | Status: 200 | 5ms
_______________________
3/20/2025, 1:25:53 AM | PUT /67db39a78119364bed58b281 | Status: 200 | 5ms
_______________________
3/20/2025, 1:25:56 AM | GET /67db39a78119364bed58b281 | Status: 200 | 4ms
_______________________
3/20/2025, 1:25:56 AM | GET /67db39a78119364bed58b281 | Status: 200 | 4ms
_______________________
3/20/2025, 1:25:57 AM | GET /67db39a78119364bed58b281 | Status: 200 | 4ms
_______________________
3/20/2025, 1:25:57 AM | GET /67db39a78119364bed58b281 | Status: 200 | 4ms
_______________________
3/20/2025, 1:26:10 AM | GET /67db39a78119364bed58b281 | Status: 200 | 22ms
_______________________
3/20/2025, 1:26:10 AM | GET /67db39a78119364bed58b281 | Status: 200 | 24ms
_______________________
3/20/2025, 1:26:13 AM | PUT /67db39a78119364bed58b281 | Status: 200 | 11ms
_______________________
3/20/2025, 1:26:13 AM | PUT /67db39a78119364bed58b281 | Status: 200 | 11ms
_______________________
3/20/2025, 1:26:14 AM | PUT /67db39a78119364bed58b281 | Status: 200 | 6ms
_______________________
3/20/2025, 1:26:14 AM | PUT /67db39a78119364bed58b281 | Status: 200 | 6ms
_______________________
3/20/2025, 1:27:40 AM | GET /67db39a78119364bed58b281 | Status: 200 | 25ms
_______________________
3/20/2025, 1:27:40 AM | GET /67db39a78119364bed58b281 | Status: 200 | 28ms
_______________________
3/20/2025, 1:27:45 AM | PUT /67db39a78119364bed58b281 | Status: 200 | 19ms
_______________________
3/20/2025, 1:27:45 AM | PUT /67db39a78119364bed58b281 | Status: 200 | 19ms
_______________________
3/20/2025, 1:27:47 AM | GET /67db39a78119364bed58b281 | Status: 200 | 7ms
_______________________
3/20/2025, 1:27:47 AM | GET /67db39a78119364bed58b281 | Status: 200 | 8ms
_______________________
3/20/2025, 1:27:48 AM | GET /?page=1&limit=10 | Status: 200 | 19ms
_______________________
3/20/2025, 1:27:48 AM | GET /?page=1&limit=10 | Status: 200 | 16ms
_______________________
3/20/2025, 1:27:56 AM | GET /67db39a78119364bed58b281 | Status: 200 | 4ms
_______________________
3/20/2025, 1:27:56 AM | GET /67db39a78119364bed58b281 | Status: 200 | 5ms
_______________________
3/20/2025, 1:28:05 AM | PUT /67db39a78119364bed58b281 | Status: 200 | 7ms
_______________________
3/20/2025, 1:28:05 AM | PUT /67db39a78119364bed58b281 | Status: 200 | 8ms
_______________________
3/20/2025, 1:28:09 AM | GET /?page=1&limit=10 | Status: 200 | 13ms
_______________________
3/20/2025, 1:28:09 AM | GET /?page=1&limit=10 | Status: 200 | 14ms
_______________________
3/20/2025, 1:28:13 AM | GET /67db396a8119364bed58b23c | Status: 200 | 5ms
_______________________
3/20/2025, 1:28:13 AM | GET /67db396a8119364bed58b23c | Status: 200 | 5ms
_______________________
3/20/2025, 1:28:41 AM | GET /?page=1&limit=10 | Status: 200 | 11ms
_______________________
3/20/2025, 1:28:41 AM | GET /?page=1&limit=10 | Status: 200 | 13ms
_______________________
3/20/2025, 1:28:43 AM | GET /67db39a78119364bed58b281 | Status: 200 | 5ms
_______________________
3/20/2025, 1:28:43 AM | GET /67db39a78119364bed58b281 | Status: 200 | 6ms
_______________________
3/20/2025, 1:30:27 AM | GET /67db39a78119364bed58b281 | Status: 200 | 6ms
_______________________
3/20/2025, 1:30:27 AM | GET /67db39a78119364bed58b281 | Status: 200 | 6ms
_______________________
3/20/2025, 1:30:27 AM | GET /?page=1&limit=10 | Status: 200 | 9ms
_______________________
3/20/2025, 1:30:27 AM | GET /?page=1&limit=10 | Status: 200 | 11ms
_______________________
3/20/2025, 1:31:47 AM | GET /?page=1&limit=10 | Status: 200 | 12ms
_______________________
3/20/2025, 1:31:47 AM | GET /?page=1&limit=10 | Status: 200 | 14ms
_______________________
3/20/2025, 1:33:14 AM | GET /?page=1&limit=10 | Status: 200 | 9ms
_______________________
3/20/2025, 1:33:14 AM | GET /?page=1&limit=10 | Status: 200 | 11ms
_______________________
3/20/2025, 1:34:37 AM | GET /?page=1&limit=10 | Status: 200 | 8ms
_______________________
3/20/2025, 1:34:37 AM | GET /?page=1&limit=10 | Status: 200 | 9ms
_______________________
3/20/2025, 1:34:38 AM | GET /?page=1&limit=10 | Status: 200 | 8ms
_______________________
3/20/2025, 1:34:38 AM | GET /?page=1&limit=10 | Status: 200 | 10ms
_______________________
3/20/2025, 1:34:40 AM | GET /?page=1&limit=10 | Status: 200 | 9ms
_______________________
3/20/2025, 1:34:40 AM | GET /?page=1&limit=10 | Status: 200 | 11ms
_______________________
3/20/2025, 1:34:42 AM | GET /?page=1&limit=10 | Status: 200 | 8ms
_______________________
3/20/2025, 1:34:42 AM | GET /?page=1&limit=10 | Status: 200 | 9ms
_______________________
3/20/2025, 1:34:43 AM | GET /?page=1&limit=10 | Status: 200 | 8ms
_______________________
3/20/2025, 1:34:43 AM | GET /?page=1&limit=10 | Status: 200 | 10ms
_______________________
3/20/2025, 1:34:45 AM | GET /?page=1&limit=10 | Status: 200 | 7ms
_______________________
3/20/2025, 1:34:45 AM | GET /?page=1&limit=10 | Status: 200 | 8ms
_______________________
3/20/2025, 1:36:43 AM | GET /?page=1&limit=10 | Status: 200 | 7ms
_______________________
3/20/2025, 1:36:43 AM | GET /?page=1&limit=10 | Status: 200 | 9ms
_______________________
3/20/2025, 1:36:47 AM | GET /?page=1&limit=10 | Status: 200 | 9ms
_______________________
3/20/2025, 1:36:47 AM | GET /?page=1&limit=10 | Status: 200 | 10ms
_______________________
3/20/2025, 1:38:19 AM | GET /?page=1&limit=10 | Status: 200 | 7ms
_______________________
3/20/2025, 1:38:19 AM | GET /?page=1&limit=10 | Status: 200 | 9ms
_______________________
3/20/2025, 1:38:21 AM | GET /?page=1&limit=10 | Status: 200 | 7ms
_______________________
3/20/2025, 1:38:21 AM | GET /?page=1&limit=10 | Status: 200 | 8ms
_______________________
3/20/2025, 1:38:24 AM | GET /?page=1&limit=10 | Status: 200 | 7ms
_______________________
3/20/2025, 1:38:24 AM | GET /?page=1&limit=10 | Status: 200 | 9ms
_______________________
3/20/2025, 1:38:29 AM | GET /?page=1&limit=10 | Status: 200 | 9ms
_______________________
3/20/2025, 1:38:29 AM | GET /?page=1&limit=10 | Status: 200 | 10ms
_______________________
3/20/2025, 1:38:45 AM | GET /?page=1&limit=10 | Status: 200 | 7ms
_______________________
3/20/2025, 1:38:45 AM | GET /?page=1&limit=10 | Status: 200 | 9ms
_______________________
3/20/2025, 1:38:48 AM | GET /67db396a8119364bed58b23c | Status: 200 | 5ms
_______________________
3/20/2025, 1:38:48 AM | GET /67db396a8119364bed58b23c | Status: 200 | 6ms
_______________________
3/20/2025, 1:38:58 AM | PUT /67db396a8119364bed58b23c | Status: 200 | 5ms
_______________________
3/20/2025, 1:38:58 AM | PUT /67db396a8119364bed58b23c | Status: 200 | 5ms
_______________________
3/20/2025, 1:39:02 AM | GET /?page=1&limit=10 | Status: 200 | 7ms
_______________________
3/20/2025, 1:39:02 AM | GET /?page=1&limit=10 | Status: 200 | 8ms
_______________________
3/20/2025, 1:39:06 AM | GET /67db396f8119364bed58b244 | Status: 200 | 6ms
_______________________
3/20/2025, 1:39:06 AM | GET /67db396f8119364bed58b244 | Status: 200 | 6ms
_______________________
3/20/2025, 1:39:24 AM | PUT /67db396f8119364bed58b244 | Status: 200 | 6ms
_______________________
3/20/2025, 1:39:24 AM | PUT /67db396f8119364bed58b244 | Status: 200 | 6ms
_______________________
3/20/2025, 1:39:26 AM | GET /?page=1&limit=10 | Status: 200 | 8ms
_______________________
3/20/2025, 1:39:26 AM | GET /?page=1&limit=10 | Status: 200 | 9ms
_______________________
3/20/2025, 1:39:29 AM | GET /67db39638119364bed58b238 | Status: 200 | 4ms
_______________________
3/20/2025, 1:39:29 AM | GET /67db39638119364bed58b238 | Status: 200 | 5ms
_______________________
3/20/2025, 1:39:32 AM | PUT /67db39638119364bed58b238 | Status: 200 | 5ms
_______________________
3/20/2025, 1:39:32 AM | PUT /67db39638119364bed58b238 | Status: 200 | 5ms
_______________________
3/20/2025, 1:39:44 AM | GET /?page=1&limit=10 | Status: 200 | 8ms
_______________________
3/20/2025, 1:39:44 AM | GET /?page=1&limit=10 | Status: 200 | 7ms
_______________________
3/20/2025, 1:39:47 AM | GET /67db39758119364bed58b24c | Status: 200 | 5ms
_______________________
3/20/2025, 1:39:47 AM | GET /67db39758119364bed58b24c | Status: 200 | 5ms
_______________________
3/20/2025, 1:39:51 AM | PUT /67db39758119364bed58b24c | Status: 200 | 5ms
_______________________
3/20/2025, 1:39:51 AM | PUT /67db39758119364bed58b24c | Status: 200 | 5ms
_______________________
3/20/2025, 1:39:53 AM | GET /?page=1&limit=10 | Status: 200 | 8ms
_______________________
3/20/2025, 1:39:53 AM | GET /?page=1&limit=10 | Status: 200 | 10ms
_______________________
3/20/2025, 1:39:56 AM | GET /67db39638119364bed58b238 | Status: 200 | 4ms
_______________________
3/20/2025, 1:39:56 AM | GET /67db39638119364bed58b238 | Status: 200 | 4ms
_______________________
3/20/2025, 1:42:44 AM | GET /?page=1&limit=10 | Status: 200 | 8ms
_______________________
3/20/2025, 1:42:44 AM | GET /?page=1&limit=10 | Status: 200 | 10ms
_______________________
3/20/2025, 1:46:36 AM | GET /?page=1&limit=10 | Status: 200 | 8ms
_______________________
3/20/2025, 1:46:36 AM | GET /?page=1&limit=10 | Status: 200 | 9ms
_______________________
3/20/2025, 1:46:51 AM | GET /67db39c88119364bed58b2b1 | Status: 200 | 3ms
_______________________
3/20/2025, 1:46:51 AM | GET /67db39c88119364bed58b2b1 | Status: 200 | 3ms
_______________________
3/20/2025, 1:46:59 AM | GET /67db39c88119364bed58b2b1 | Status: 200 | 3ms
_______________________
3/20/2025, 1:46:59 AM | GET /67db39c88119364bed58b2b1 | Status: 200 | 3ms
_______________________
3/20/2025, 1:47:04 AM | GET /67db39c88119364bed58b2b1 | Status: 200 | 4ms
_______________________
3/20/2025, 1:47:04 AM | GET /67db39c88119364bed58b2b1 | Status: 200 | 5ms
_______________________
3/20/2025, 1:47:07 AM | GET /?page=1&limit=10 | Status: 200 | 6ms
_______________________
3/20/2025, 1:47:07 AM | GET /?page=1&limit=10 | Status: 200 | 9ms
_______________________
3/20/2025, 1:47:09 AM | GET /67db39638119364bed58b238 | Status: 200 | 5ms
_______________________
3/20/2025, 1:47:09 AM | GET /67db39638119364bed58b238 | Status: 200 | 5ms
_______________________
3/20/2025, 1:47:13 AM | GET /67db39638119364bed58b238 | Status: 200 | 3ms
_______________________
3/20/2025, 1:47:13 AM | GET /67db39638119364bed58b238 | Status: 200 | 3ms
_______________________
3/20/2025, 1:47:17 AM | GET /67db39638119364bed58b238 | Status: 200 | 4ms
_______________________
3/20/2025, 1:47:17 AM | GET /67db39638119364bed58b238 | Status: 200 | 4ms
_______________________
3/20/2025, 1:47:19 AM | GET /67db39638119364bed58b238 | Status: 200 | 4ms
_______________________
3/20/2025, 1:47:19 AM | GET /67db39638119364bed58b238 | Status: 200 | 4ms
_______________________
3/20/2025, 1:47:23 AM | GET /67db39638119364bed58b238 | Status: 200 | 3ms
_______________________
3/20/2025, 1:47:23 AM | GET /67db39638119364bed58b238 | Status: 200 | 3ms
_______________________
3/20/2025, 1:47:31 AM | GET /67db39638119364bed58b238 | Status: 200 | 63ms
_______________________
3/20/2025, 1:47:31 AM | GET /67db39638119364bed58b238 | Status: 200 | 65ms
_______________________
3/20/2025, 1:47:58 AM | GET /67db39638119364bed58b238 | Status: 200 | 8ms
_______________________
3/20/2025, 1:47:58 AM | GET /67db39638119364bed58b238 | Status: 200 | 9ms
_______________________
3/20/2025, 1:48:00 AM | GET /67db39638119364bed58b238 | Status: 200 | 5ms
_______________________
3/20/2025, 1:48:00 AM | GET /67db39638119364bed58b238 | Status: 200 | 6ms
_______________________
3/20/2025, 1:48:08 AM | GET /67db39638119364bed58b238 | Status: 200 | 5ms
_______________________
3/20/2025, 1:48:08 AM | GET /67db39638119364bed58b238 | Status: 200 | 6ms
_______________________
3/20/2025, 1:48:09 AM | GET /67db39638119364bed58b238 | Status: 200 | 5ms
_______________________
3/20/2025, 1:48:09 AM | GET /67db39638119364bed58b238 | Status: 200 | 5ms
_______________________
3/20/2025, 1:48:10 AM | GET /67db39638119364bed58b238 | Status: 200 | 6ms
_______________________
3/20/2025, 1:48:10 AM | GET /67db39638119364bed58b238 | Status: 200 | 6ms
_______________________
3/20/2025, 1:48:41 AM | GET /67db39638119364bed58b238 | Status: 200 | 9ms
_______________________
3/20/2025, 1:48:41 AM | GET /67db39638119364bed58b238 | Status: 200 | 10ms
_______________________
3/20/2025, 1:49:29 AM | GET /?page=1&limit=10 | Status: 200 | 14ms
_______________________
3/20/2025, 1:49:29 AM | GET /?page=1&limit=10 | Status: 200 | 17ms
_______________________
3/20/2025, 1:52:54 AM | GET /?page=1&limit=10 | Status: 200 | 9ms
_______________________
3/20/2025, 1:52:54 AM | GET /?page=1&limit=10 | Status: 200 | 10ms
_______________________
3/20/2025, 1:53:08 AM | GET /?page=1&limit=10 | Status: 200 | 8ms
_______________________
3/20/2025, 1:53:08 AM | GET /?page=1&limit=10 | Status: 200 | 10ms
_______________________
3/20/2025, 1:53:10 AM | GET /?page=1&limit=10 | Status: 200 | 8ms
_______________________
3/20/2025, 1:53:10 AM | GET /?page=1&limit=10 | Status: 200 | 10ms
_______________________
3/20/2025, 1:53:59 AM | GET /?page=1&limit=10 | Status: 200 | 11ms
_______________________
3/20/2025, 1:53:59 AM | GET /?page=1&limit=10 | Status: 200 | 10ms
_______________________
3/20/2025, 1:54:18 AM | GET /67db396c8119364bed58b240 | Status: 200 | 4ms
_______________________
3/20/2025, 1:54:18 AM | GET /67db396c8119364bed58b240 | Status: 200 | 5ms
_______________________
3/20/2025, 1:54:45 AM | GET /?page=1&limit=10 | Status: 200 | 9ms
_______________________
3/20/2025, 1:54:45 AM | GET /?page=1&limit=10 | Status: 200 | 10ms
_______________________
3/20/2025, 1:57:44 AM | GET /?page=1&limit=10 | Status: 200 | 8ms
_______________________
3/20/2025, 1:57:44 AM | GET /?page=1&limit=10 | Status: 200 | 10ms
_______________________
3/20/2025, 1:57:46 AM | GET /?page=1&limit=10 | Status: 200 | 7ms
_______________________
3/20/2025, 1:57:46 AM | GET /?page=1&limit=10 | Status: 200 | 8ms
_______________________
3/20/2025, 1:57:53 AM | GET /?page=1&limit=10 | Status: 200 | 8ms
_______________________
3/20/2025, 1:57:53 AM | GET /?page=1&limit=10 | Status: 200 | 9ms
_______________________
3/20/2025, 1:58:38 AM | GET /?page=1&limit=10 | Status: 200 | 7ms
_______________________
3/20/2025, 1:58:38 AM | GET /?page=1&limit=10 | Status: 200 | 8ms
_______________________
3/20/2025, 1:58:45 AM | GET /?page=1&limit=10 | Status: 200 | 7ms
_______________________
3/20/2025, 1:58:45 AM | GET /?page=1&limit=10 | Status: 200 | 8ms
_______________________
3/20/2025, 1:58:48 AM | GET /?page=1&limit=10 | Status: 200 | 7ms
_______________________
3/20/2025, 1:58:48 AM | GET /?page=1&limit=10 | Status: 200 | 8ms
_______________________
3/20/2025, 1:59:17 AM | GET /?page=1&limit=10 | Status: 200 | 8ms
_______________________
3/20/2025, 1:59:17 AM | GET /?page=1&limit=10 | Status: 200 | 9ms
_______________________
3/20/2025, 1:59:18 AM | GET /?page=1&limit=10 | Status: 200 | 8ms
_______________________
3/20/2025, 1:59:18 AM | GET /?page=1&limit=10 | Status: 200 | 9ms
_______________________
3/20/2025, 1:59:21 AM | GET /?page=1&limit=10 | Status: 200 | 9ms
_______________________
3/20/2025, 1:59:21 AM | GET /?page=1&limit=10 | Status: 200 | 10ms
_______________________
3/20/2025, 1:59:32 AM | GET /?page=1&limit=10 | Status: 200 | 9ms
_______________________
3/20/2025, 1:59:33 AM | GET /?page=1&limit=10 | Status: 200 | 11ms
_______________________
3/20/2025, 1:59:35 AM | GET /?page=1&limit=10 | Status: 200 | 8ms
_______________________
3/20/2025, 1:59:35 AM | GET /?page=1&limit=10 | Status: 200 | 10ms
_______________________
