3/18/2025, 10:13:17 PM | GET / | Status: 200 | 5ms
_______________________
3/18/2025, 10:13:17 PM | GET / | Status: 200 | 7ms
_______________________
3/18/2025, 10:13:17 PM | GET / | Status: 200 | 6ms
_______________________
3/18/2025, 10:13:17 PM | GET / | Status: 200 | 8ms
_______________________
3/18/2025, 10:13:31 PM | GET / | Status: 200 | 6ms
_______________________
3/18/2025, 10:13:31 PM | GET / | Status: 200 | 7ms
_______________________
3/18/2025, 10:13:31 PM | GET / | Status: 200 | 7ms
_______________________
3/18/2025, 10:13:31 PM | GET / | Status: 200 | 9ms
_______________________
3/18/2025, 10:13:31 PM | GET / | Status: 200 | 6ms
_______________________
3/18/2025, 10:13:31 PM | GET / | Status: 200 | 7ms
_______________________
3/18/2025, 10:13:31 PM | GET / | Status: 200 | 12ms
_______________________
3/18/2025, 10:13:31 PM | GET / | Status: 200 | 13ms
_______________________
3/18/2025, 10:13:47 PM | GET / | Status: 200 | 5ms
_______________________
3/18/2025, 10:13:47 PM | GET / | Status: 200 | 7ms
_______________________
3/18/2025, 10:13:47 PM | GET / | Status: 200 | 6ms
_______________________
3/18/2025, 10:13:47 PM | GET / | Status: 200 | 7ms
_______________________
3/18/2025, 10:13:48 PM | GET / | Status: 200 | 7ms
_______________________
3/18/2025, 10:13:48 PM | GET / | Status: 200 | 6ms
_______________________
3/18/2025, 10:13:48 PM | GET / | Status: 200 | 6ms
_______________________
3/18/2025, 10:13:48 PM | GET / | Status: 200 | 7ms
_______________________
3/18/2025, 10:13:48 PM | GET / | Status: 200 | 6ms
_______________________
3/18/2025, 10:13:48 PM | GET / | Status: 200 | 8ms
_______________________
3/18/2025, 10:13:48 PM | GET / | Status: 200 | 7ms
_______________________
3/18/2025, 10:13:48 PM | GET / | Status: 200 | 9ms
_______________________
3/18/2025, 10:14:12 PM | GET / | Status: 200 | 6ms
_______________________
3/18/2025, 10:14:12 PM | GET / | Status: 200 | 7ms
_______________________
3/18/2025, 10:14:12 PM | GET / | Status: 200 | 7ms
_______________________
3/18/2025, 10:14:12 PM | GET / | Status: 200 | 9ms
_______________________
3/18/2025, 10:14:28 PM | GET / | Status: 200 | 5ms
_______________________
3/18/2025, 10:14:28 PM | GET / | Status: 200 | 7ms
_______________________
3/18/2025, 10:14:28 PM | GET / | Status: 200 | 7ms
_______________________
3/18/2025, 10:14:28 PM | GET / | Status: 200 | 8ms
_______________________
3/18/2025, 10:14:32 PM | GET / | Status: 200 | 7ms
_______________________
3/18/2025, 10:14:32 PM | GET / | Status: 200 | 9ms
_______________________
3/18/2025, 10:14:32 PM | GET / | Status: 200 | 5ms
_______________________
3/18/2025, 10:14:32 PM | GET / | Status: 200 | 6ms
_______________________
3/18/2025, 10:14:37 PM | GET / | Status: 200 | 5ms
_______________________
3/18/2025, 10:14:37 PM | GET / | Status: 200 | 6ms
_______________________
3/18/2025, 10:14:37 PM | GET / | Status: 200 | 5ms
_______________________
3/18/2025, 10:14:37 PM | GET / | Status: 200 | 6ms
_______________________
3/18/2025, 10:14:39 PM | GET / | Status: 200 | 6ms
_______________________
3/18/2025, 10:14:39 PM | GET / | Status: 200 | 5ms
_______________________
3/18/2025, 10:14:39 PM | GET / | Status: 200 | 7ms
_______________________
3/18/2025, 10:14:39 PM | GET / | Status: 200 | 8ms
_______________________
3/18/2025, 10:14:53 PM | GET / | Status: 200 | 4ms
_______________________
3/18/2025, 10:14:53 PM | GET / | Status: 200 | 6ms
_______________________
3/18/2025, 10:14:53 PM | GET / | Status: 200 | 17ms
_______________________
3/18/2025, 10:14:53 PM | GET / | Status: 200 | 18ms
_______________________
3/18/2025, 10:14:56 PM | GET / | Status: 200 | 5ms
_______________________
3/18/2025, 10:14:56 PM | GET / | Status: 200 | 6ms
_______________________
3/18/2025, 10:14:56 PM | GET / | Status: 200 | 11ms
_______________________
3/18/2025, 10:14:56 PM | GET / | Status: 200 | 12ms
_______________________
3/18/2025, 10:15:08 PM | GET / | Status: 200 | 5ms
_______________________
3/18/2025, 10:15:08 PM | GET / | Status: 200 | 6ms
_______________________
3/18/2025, 10:15:08 PM | GET / | Status: 200 | 5ms
_______________________
3/18/2025, 10:15:08 PM | GET / | Status: 200 | 7ms
_______________________
3/18/2025, 10:15:22 PM | GET / | Status: 200 | 4ms
_______________________
3/18/2025, 10:15:22 PM | GET / | Status: 200 | 6ms
_______________________
3/18/2025, 10:15:22 PM | GET / | Status: 200 | 5ms
_______________________
3/18/2025, 10:15:22 PM | GET / | Status: 200 | 6ms
_______________________
3/18/2025, 10:15:25 PM | GET / | Status: 200 | 5ms
_______________________
3/18/2025, 10:15:25 PM | GET / | Status: 200 | 6ms
_______________________
3/18/2025, 10:15:25 PM | GET / | Status: 200 | 5ms
_______________________
3/18/2025, 10:15:25 PM | GET / | Status: 200 | 6ms
_______________________
3/18/2025, 10:15:27 PM | GET / | Status: 200 | 5ms
_______________________
3/18/2025, 10:15:27 PM | GET / | Status: 200 | 7ms
_______________________
3/18/2025, 10:15:27 PM | GET / | Status: 200 | 7ms
_______________________
3/18/2025, 10:15:27 PM | GET / | Status: 200 | 8ms
_______________________
3/18/2025, 10:37:48 PM | GET / | Status: 200 | 4ms
_______________________
3/18/2025, 10:37:48 PM | GET / | Status: 200 | 5ms
_______________________
3/18/2025, 10:37:48 PM | GET / | Status: 200 | 8ms
_______________________
3/18/2025, 10:37:48 PM | GET / | Status: 200 | 9ms
_______________________
3/18/2025, 10:38:18 PM | POST /login | Status: 200 | 98ms
_______________________
3/18/2025, 10:38:20 PM | GET / | Status: 200 | 32ms
_______________________
3/18/2025, 10:38:20 PM | GET / | Status: 200 | 36ms
_______________________
3/18/2025, 10:38:20 PM | GET / | Status: 200 | 16ms
_______________________
3/18/2025, 10:38:20 PM | GET / | Status: 200 | 18ms
_______________________
3/18/2025, 10:38:49 PM | GET /?likes=67cb92d8f57a16c0e822ce86 | Status: 200 | 12ms
_______________________
3/18/2025, 10:38:49 PM | GET /?likes=67cb92d8f57a16c0e822ce86 | Status: 200 | 14ms
_______________________
3/18/2025, 10:38:54 PM | GET / | Status: 200 | 9ms
_______________________
3/18/2025, 10:38:54 PM | GET / | Status: 200 | 11ms
_______________________
3/18/2025, 10:38:54 PM | GET / | Status: 200 | 8ms
_______________________
3/18/2025, 10:38:54 PM | GET / | Status: 200 | 10ms
_______________________
3/18/2025, 10:39:11 PM | GET / | Status: 200 | 7ms
_______________________
3/18/2025, 10:39:11 PM | GET / | Status: 200 | 9ms
_______________________
3/18/2025, 10:39:11 PM | GET / | Status: 200 | 7ms
_______________________
3/18/2025, 10:39:11 PM | GET / | Status: 200 | 9ms
_______________________
3/18/2025, 10:39:42 PM | GET / | Status: 200 | 7ms
_______________________
3/18/2025, 10:39:42 PM | GET / | Status: 200 | 9ms
_______________________
3/18/2025, 10:39:42 PM | GET / | Status: 200 | 8ms
_______________________
3/18/2025, 10:39:42 PM | GET / | Status: 200 | 9ms
_______________________
3/18/2025, 10:40:29 PM | GET / | Status: 200 | 8ms
_______________________
3/18/2025, 10:40:29 PM | GET / | Status: 200 | 9ms
_______________________
3/18/2025, 10:40:30 PM | GET / | Status: 200 | 9ms
_______________________
3/18/2025, 10:40:30 PM | GET / | Status: 200 | 10ms
_______________________
3/18/2025, 10:40:34 PM | GET / | Status: 200 | 8ms
_______________________
3/18/2025, 10:40:34 PM | GET / | Status: 200 | 9ms
_______________________
3/18/2025, 10:40:34 PM | GET / | Status: 200 | 9ms
_______________________
3/18/2025, 10:40:34 PM | GET / | Status: 200 | 10ms
_______________________
3/18/2025, 10:41:26 PM | GET / | Status: 200 | 7ms
_______________________
3/18/2025, 10:41:26 PM | GET / | Status: 200 | 9ms
_______________________
3/18/2025, 10:41:26 PM | GET / | Status: 200 | 7ms
_______________________
3/18/2025, 10:41:26 PM | GET / | Status: 200 | 9ms
_______________________
3/18/2025, 10:43:21 PM | GET / | Status: 200 | 7ms
_______________________
3/18/2025, 10:43:21 PM | GET / | Status: 200 | 9ms
_______________________
3/18/2025, 10:43:33 PM | GET / | Status: 200 | 7ms
_______________________
3/18/2025, 10:43:33 PM | GET / | Status: 200 | 10ms
_______________________
3/18/2025, 10:43:35 PM | GET / | Status: 200 | 13ms
_______________________
3/18/2025, 10:43:35 PM | GET / | Status: 200 | 14ms
_______________________
3/18/2025, 10:43:35 PM | GET /67cb92d8f57a16c0e822ce86 | Status: 200 | 8ms
_______________________
3/18/2025, 10:43:35 PM | GET /67cb92d8f57a16c0e822ce86 | Status: 200 | 8ms
_______________________
3/18/2025, 10:43:56 PM | GET / | Status: 200 | 9ms
_______________________
3/18/2025, 10:43:56 PM | GET / | Status: 200 | 6ms
_______________________
3/18/2025, 10:44:56 PM | GET / | Status: 200 | 8ms
_______________________
3/18/2025, 10:44:56 PM | GET / | Status: 200 | 10ms
_______________________
3/18/2025, 10:45:03 PM | GET / | Status: 200 | 7ms
_______________________
3/18/2025, 10:45:03 PM | GET / | Status: 200 | 9ms
_______________________
3/18/2025, 10:45:20 PM | GET /my-cards | Status: 200 | 4ms
_______________________
3/18/2025, 10:45:20 PM | GET /my-cards | Status: 200 | 4ms
_______________________
3/18/2025, 10:45:21 PM | GET / | Status: 200 | 9ms
_______________________
3/18/2025, 10:45:21 PM | GET / | Status: 200 | 7ms
_______________________
3/18/2025, 10:45:22 PM | GET /my-cards | Status: 200 | 5ms
_______________________
3/18/2025, 10:45:22 PM | GET /my-cards | Status: 200 | 5ms
_______________________
3/18/2025, 10:48:39 PM | GET /my-cards | Status: 200 | 5ms
_______________________
3/18/2025, 10:48:39 PM | GET /my-cards | Status: 200 | 5ms
_______________________
3/18/2025, 10:49:56 PM | GET /my-cards | Status: 200 | 5ms
_______________________
3/18/2025, 10:49:56 PM | GET /my-cards | Status: 200 | 6ms
_______________________
3/18/2025, 10:50:06 PM | GET / | Status: 200 | 8ms
_______________________
3/18/2025, 10:50:06 PM | GET / | Status: 200 | 9ms
_______________________
3/18/2025, 10:50:09 PM | GET /my-cards | Status: 200 | 6ms
_______________________
3/18/2025, 10:50:09 PM | GET /my-cards | Status: 200 | 6ms
_______________________
3/18/2025, 10:50:11 PM | GET /?page=1&limit=50 | Status: 200 | 6ms
_______________________
3/18/2025, 10:50:11 PM | GET /?page=1&limit=50 | Status: 200 | 5ms
_______________________
3/18/2025, 10:50:41 PM | GET /?page=1&limit=50 | Status: 200 | 5ms
_______________________
3/18/2025, 10:50:41 PM | GET /?page=1&limit=50 | Status: 200 | 6ms
_______________________
3/18/2025, 10:50:46 PM | GET /?page=1&limit=50 | Status: 200 | 5ms
_______________________
3/18/2025, 10:50:46 PM | GET /?page=1&limit=50 | Status: 200 | 5ms
_______________________
3/18/2025, 10:51:01 PM | GET /?page=1&limit=50 | Status: 200 | 5ms
_______________________
3/18/2025, 10:51:01 PM | GET /?page=1&limit=50 | Status: 200 | 5ms
_______________________
3/18/2025, 10:51:27 PM | GET /?page=1&limit=50 | Status: 200 | 5ms
_______________________
3/18/2025, 10:51:27 PM | GET /?page=1&limit=50 | Status: 200 | 6ms
_______________________
3/18/2025, 10:51:32 PM | GET /?page=1&limit=50 | Status: 200 | 5ms
_______________________
3/18/2025, 10:51:32 PM | GET /?page=1&limit=50 | Status: 200 | 6ms
_______________________
3/18/2025, 10:51:34 PM | GET /?page=1&limit=50 | Status: 200 | 6ms
_______________________
3/18/2025, 10:51:34 PM | GET /?page=1&limit=50 | Status: 200 | 7ms
_______________________
3/18/2025, 10:51:37 PM | GET /?page=1&limit=50 | Status: 200 | 5ms
_______________________
3/18/2025, 10:51:37 PM | GET /?page=1&limit=50 | Status: 200 | 5ms
_______________________
3/18/2025, 10:51:42 PM | GET /?page=1&limit=50 | Status: 200 | 4ms
_______________________
3/18/2025, 10:51:42 PM | GET /?page=1&limit=50 | Status: 200 | 5ms
_______________________
3/18/2025, 10:52:02 PM | GET /?page=1&limit=50 | Status: 200 | 6ms
_______________________
3/18/2025, 10:52:02 PM | GET /?page=1&limit=50 | Status: 200 | 6ms
_______________________
3/18/2025, 10:52:04 PM | GET /?page=1&limit=50 | Status: 200 | 5ms
_______________________
3/18/2025, 10:52:04 PM | GET /?page=1&limit=50 | Status: 200 | 5ms
_______________________
3/18/2025, 10:52:09 PM | GET /?page=1&limit=50 | Status: 200 | 4ms
_______________________
3/18/2025, 10:52:09 PM | GET /?page=1&limit=50 | Status: 200 | 5ms
_______________________
3/18/2025, 10:52:29 PM | GET / | Status: 200 | 7ms
_______________________
3/18/2025, 10:52:29 PM | GET / | Status: 200 | 9ms
_______________________
3/18/2025, 10:52:31 PM | GET / | Status: 200 | 7ms
_______________________
3/18/2025, 10:52:31 PM | GET / | Status: 200 | 9ms
_______________________
3/18/2025, 10:52:31 PM | GET / | Status: 200 | 9ms
_______________________
3/18/2025, 10:52:31 PM | GET / | Status: 200 | 10ms
_______________________
3/18/2025, 10:52:31 PM | GET /67d9c4a6f74d082918ae4751 | Status: 200 | 10ms
_______________________
3/18/2025, 10:52:31 PM | GET /67d9c4a6f74d082918ae4751 | Status: 200 | 10ms
_______________________
3/18/2025, 10:52:31 PM | GET /67d9c4a6f74d082918ae4751 | Status: 200 | 2ms
_______________________
3/18/2025, 10:52:31 PM | GET /67d9c4a6f74d082918ae4751 | Status: 200 | 2ms
_______________________
3/18/2025, 10:52:41 PM | GET / | Status: 200 | 7ms
_______________________
3/18/2025, 10:52:41 PM | GET / | Status: 200 | 8ms
_______________________
3/18/2025, 10:52:41 PM | GET / | Status: 200 | 5ms
_______________________
3/18/2025, 10:52:41 PM | GET / | Status: 200 | 6ms
_______________________
3/18/2025, 10:52:41 PM | GET /67d9c4a6f74d082918ae4751 | Status: 200 | 39ms
_______________________
3/18/2025, 10:52:41 PM | GET /67d9c4a6f74d082918ae4751 | Status: 200 | 39ms
_______________________
3/18/2025, 10:52:45 PM | GET / | Status: 200 | 5ms
_______________________
3/18/2025, 10:52:45 PM | GET / | Status: 200 | 7ms
_______________________
3/18/2025, 10:52:45 PM | GET / | Status: 200 | 7ms
_______________________
3/18/2025, 10:52:45 PM | GET / | Status: 200 | 8ms
_______________________
3/18/2025, 10:52:45 PM | GET /67d9c4a6f74d082918ae4751 | Status: 200 | 2ms
_______________________
3/18/2025, 10:52:45 PM | GET /67d9c4a6f74d082918ae4751 | Status: 200 | 3ms
_______________________
3/18/2025, 10:52:47 PM | GET / | Status: 200 | 5ms
_______________________
3/18/2025, 10:52:47 PM | GET / | Status: 200 | 6ms
_______________________
3/18/2025, 10:52:47 PM | GET / | Status: 200 | 7ms
_______________________
3/18/2025, 10:52:47 PM | GET /67d9c4a6f74d082918ae4751 | Status: 200 | 9ms
_______________________
3/18/2025, 10:52:47 PM | GET / | Status: 200 | 9ms
_______________________
3/18/2025, 10:52:47 PM | GET /67d9c4a6f74d082918ae4751 | Status: 200 | 9ms
_______________________
3/18/2025, 10:52:53 PM | GET / | Status: 200 | 5ms
_______________________
3/18/2025, 10:52:53 PM | GET / | Status: 200 | 6ms
_______________________
3/18/2025, 10:52:53 PM | GET / | Status: 200 | 6ms
_______________________
3/18/2025, 10:52:53 PM | GET / | Status: 200 | 8ms
_______________________
3/18/2025, 10:52:53 PM | GET /67d9c4a6f74d082918ae4751 | Status: 200 | 3ms
_______________________
3/18/2025, 10:52:53 PM | GET /67d9c4a6f74d082918ae4751 | Status: 200 | 3ms
_______________________
3/18/2025, 10:53:04 PM | GET / | Status: 200 | 5ms
_______________________
3/18/2025, 10:53:04 PM | GET / | Status: 200 | 7ms
_______________________
3/18/2025, 10:54:18 PM | GET / | Status: 200 | 5ms
_______________________
3/18/2025, 10:54:18 PM | GET / | Status: 200 | 7ms
_______________________
3/18/2025, 10:54:20 PM | GET / | Status: 200 | 7ms
_______________________
3/18/2025, 10:54:20 PM | GET / | Status: 200 | 9ms
_______________________
3/18/2025, 10:54:20 PM | GET / | Status: 200 | 6ms
_______________________
3/18/2025, 10:54:20 PM | GET / | Status: 200 | 7ms
_______________________
3/18/2025, 10:54:20 PM | GET /67d9c4a6f74d082918ae4751 | Status: 200 | 3ms
_______________________
3/18/2025, 10:54:20 PM | GET /67d9c4a6f74d082918ae4751 | Status: 200 | 3ms
_______________________
3/18/2025, 10:54:20 PM | GET /67d9c4a6f74d082918ae4751 | Status: 200 | 4ms
_______________________
3/18/2025, 10:54:20 PM | GET /67d9c4a6f74d082918ae4751 | Status: 200 | 4ms
_______________________
3/18/2025, 10:54:33 PM | GET / | Status: 200 | 5ms
_______________________
3/18/2025, 10:54:33 PM | GET / | Status: 200 | 7ms
_______________________
3/18/2025, 10:54:33 PM | GET / | Status: 200 | 6ms
_______________________
3/18/2025, 10:54:33 PM | GET / | Status: 200 | 7ms
_______________________
3/18/2025, 10:54:34 PM | GET /67d9c4a6f74d082918ae4751 | Status: 200 | 3ms
_______________________
3/18/2025, 10:54:34 PM | GET /67d9c4a6f74d082918ae4751 | Status: 200 | 3ms
_______________________
3/18/2025, 10:54:38 PM | GET / | Status: 200 | 9ms
_______________________
3/18/2025, 10:54:38 PM | GET / | Status: 200 | 11ms
_______________________
3/18/2025, 10:54:38 PM | GET / | Status: 200 | 6ms
_______________________
3/18/2025, 10:54:38 PM | GET / | Status: 200 | 7ms
_______________________
3/18/2025, 10:54:38 PM | GET /67d9c4a6f74d082918ae4751 | Status: 200 | 2ms
_______________________
3/18/2025, 10:54:38 PM | GET /67d9c4a6f74d082918ae4751 | Status: 200 | 3ms
_______________________
3/18/2025, 10:54:49 PM | GET / | Status: 200 | 6ms
_______________________
3/18/2025, 10:54:49 PM | GET / | Status: 200 | 7ms
_______________________
3/18/2025, 10:54:49 PM | GET / | Status: 200 | 4ms
_______________________
3/18/2025, 10:54:49 PM | GET / | Status: 200 | 5ms
_______________________
3/18/2025, 10:54:49 PM | GET /67d9c4a6f74d082918ae4751 | Status: 200 | 3ms
_______________________
3/18/2025, 10:54:49 PM | GET /67d9c4a6f74d082918ae4751 | Status: 200 | 3ms
_______________________
3/18/2025, 10:55:26 PM | GET / | Status: 200 | 5ms
_______________________
3/18/2025, 10:55:26 PM | GET / | Status: 200 | 7ms
_______________________
3/18/2025, 10:55:26 PM | GET / | Status: 200 | 5ms
_______________________
3/18/2025, 10:55:26 PM | GET / | Status: 200 | 6ms
_______________________
3/18/2025, 10:55:26 PM | GET /67d9c4a6f74d082918ae4751 | Status: 200 | 2ms
_______________________
3/18/2025, 10:55:26 PM | GET /67d9c4a6f74d082918ae4751 | Status: 200 | 2ms
_______________________
3/18/2025, 10:55:26 PM | GET /67d9c4a6f74d082918ae4751 | Status: 200 | 2ms
_______________________
3/18/2025, 10:55:26 PM | GET /67d9c4a6f74d082918ae4751 | Status: 200 | 3ms
_______________________
3/18/2025, 10:55:50 PM | GET / | Status: 200 | 6ms
_______________________
3/18/2025, 10:55:50 PM | GET / | Status: 200 | 7ms
_______________________
3/18/2025, 10:55:50 PM | GET / | Status: 200 | 6ms
_______________________
3/18/2025, 10:55:50 PM | GET / | Status: 200 | 7ms
_______________________
3/18/2025, 10:55:50 PM | GET /67d9c4a6f74d082918ae4751 | Status: 200 | 2ms
_______________________
3/18/2025, 10:55:50 PM | GET /67d9c4a6f74d082918ae4751 | Status: 200 | 2ms
_______________________
3/18/2025, 10:56:06 PM | GET / | Status: 200 | 6ms
_______________________
3/18/2025, 10:56:06 PM | GET / | Status: 200 | 7ms
_______________________
3/18/2025, 10:56:06 PM | GET / | Status: 200 | 8ms
_______________________
3/18/2025, 10:56:06 PM | GET / | Status: 200 | 9ms
_______________________
3/18/2025, 10:56:06 PM | GET /67d9c4a6f74d082918ae4751 | Status: 200 | 3ms
_______________________
3/18/2025, 10:56:06 PM | GET /67d9c4a6f74d082918ae4751 | Status: 200 | 3ms
_______________________
3/18/2025, 10:56:10 PM | GET / | Status: 200 | 5ms
_______________________
3/18/2025, 10:56:10 PM | GET / | Status: 200 | 7ms
_______________________
3/18/2025, 10:56:10 PM | GET / | Status: 200 | 6ms
_______________________
3/18/2025, 10:56:10 PM | GET / | Status: 200 | 7ms
_______________________
3/18/2025, 10:56:10 PM | GET /67d9c4a6f74d082918ae4751 | Status: 200 | 3ms
_______________________
3/18/2025, 10:56:10 PM | GET /67d9c4a6f74d082918ae4751 | Status: 200 | 3ms
_______________________
3/18/2025, 10:56:13 PM | GET / | Status: 200 | 5ms
_______________________
3/18/2025, 10:56:13 PM | GET / | Status: 200 | 6ms
_______________________
3/18/2025, 10:56:13 PM | GET / | Status: 200 | 6ms
_______________________
3/18/2025, 10:56:13 PM | GET / | Status: 200 | 7ms
_______________________
3/18/2025, 10:56:14 PM | GET /67d9c4a6f74d082918ae4751 | Status: 200 | 2ms
_______________________
3/18/2025, 10:56:14 PM | GET /67d9c4a6f74d082918ae4751 | Status: 200 | 2ms
_______________________
3/18/2025, 10:56:15 PM | GET / | Status: 200 | 5ms
_______________________
3/18/2025, 10:56:15 PM | GET / | Status: 200 | 6ms
_______________________
3/18/2025, 10:56:15 PM | GET / | Status: 200 | 6ms
_______________________
3/18/2025, 10:56:15 PM | GET / | Status: 200 | 8ms
_______________________
3/18/2025, 10:56:15 PM | GET /67d9c4a6f74d082918ae4751 | Status: 200 | 3ms
_______________________
3/18/2025, 10:56:15 PM | GET /67d9c4a6f74d082918ae4751 | Status: 200 | 3ms
_______________________
3/18/2025, 10:56:19 PM | GET / | Status: 200 | 5ms
_______________________
3/18/2025, 10:56:19 PM | GET / | Status: 200 | 6ms
_______________________
3/18/2025, 10:56:19 PM | GET / | Status: 200 | 6ms
_______________________
3/18/2025, 10:56:19 PM | GET / | Status: 200 | 7ms
_______________________
3/18/2025, 10:56:19 PM | GET /67d9c4a6f74d082918ae4751 | Status: 200 | 2ms
_______________________
3/18/2025, 10:56:19 PM | GET /67d9c4a6f74d082918ae4751 | Status: 200 | 2ms
_______________________
3/18/2025, 10:56:22 PM | GET / | Status: 200 | 5ms
_______________________
3/18/2025, 10:56:22 PM | GET / | Status: 200 | 7ms
_______________________
3/18/2025, 10:56:23 PM | GET /my-cards | Status: 200 | 3ms
_______________________
3/18/2025, 10:56:23 PM | GET /my-cards | Status: 200 | 4ms
_______________________
3/18/2025, 10:56:24 PM | GET / | Status: 200 | 5ms
_______________________
3/18/2025, 10:56:24 PM | GET / | Status: 200 | 7ms
_______________________
3/18/2025, 10:56:48 PM | GET / | Status: 200 | 6ms
_______________________
3/18/2025, 10:56:48 PM | GET / | Status: 200 | 7ms
_______________________
3/18/2025, 10:56:49 PM | GET / | Status: 200 | 5ms
_______________________
3/18/2025, 10:56:49 PM | GET / | Status: 200 | 6ms
_______________________
3/18/2025, 10:56:57 PM | GET / | Status: 200 | 6ms
_______________________
3/18/2025, 10:56:57 PM | GET / | Status: 200 | 7ms
_______________________
3/18/2025, 10:57:06 PM | GET / | Status: 200 | 6ms
_______________________
3/18/2025, 10:57:06 PM | GET / | Status: 200 | 7ms
_______________________
3/18/2025, 10:57:09 PM | GET / | Status: 200 | 5ms
_______________________
3/18/2025, 10:57:09 PM | GET / | Status: 200 | 6ms
_______________________
3/18/2025, 10:57:12 PM | GET / | Status: 200 | 5ms
_______________________
3/18/2025, 10:57:12 PM | GET / | Status: 200 | 6ms
_______________________
3/18/2025, 10:57:17 PM | GET / | Status: 200 | 6ms
_______________________
3/18/2025, 10:57:17 PM | GET / | Status: 200 | 5ms
_______________________
3/18/2025, 10:57:18 PM | GET / | Status: 200 | 5ms
_______________________
3/18/2025, 10:57:18 PM | GET / | Status: 200 | 6ms
_______________________
3/18/2025, 10:57:20 PM | GET / | Status: 200 | 4ms
_______________________
3/18/2025, 10:57:20 PM | GET / | Status: 200 | 6ms
_______________________
3/18/2025, 10:57:21 PM | GET / | Status: 200 | 5ms
_______________________
3/18/2025, 10:57:21 PM | GET / | Status: 200 | 6ms
_______________________
3/18/2025, 10:57:42 PM | GET / | Status: 200 | 5ms
_______________________
3/18/2025, 10:57:42 PM | GET / | Status: 200 | 6ms
_______________________
3/18/2025, 10:57:43 PM | GET / | Status: 200 | 6ms
_______________________
3/18/2025, 10:57:43 PM | GET / | Status: 200 | 7ms
_______________________
3/18/2025, 10:57:43 PM | GET / | Status: 200 | 7ms
_______________________
3/18/2025, 10:57:43 PM | GET / | Status: 200 | 8ms
_______________________
3/18/2025, 10:57:43 PM | GET /67d9c4a6f74d082918ae4751 | Status: 200 | 8ms
_______________________
3/18/2025, 10:57:43 PM | GET /67d9c4a6f74d082918ae4751 | Status: 200 | 8ms
_______________________
3/18/2025, 10:57:43 PM | GET /67d9c4a6f74d082918ae4751 | Status: 200 | 3ms
_______________________
3/18/2025, 10:57:43 PM | GET /67d9c4a6f74d082918ae4751 | Status: 200 | 3ms
_______________________
3/18/2025, 10:57:56 PM | GET / | Status: 200 | 5ms
_______________________
3/18/2025, 10:57:56 PM | GET / | Status: 200 | 6ms
_______________________
3/18/2025, 10:58:03 PM | GET /?page=1&limit=50 | Status: 200 | 6ms
_______________________
3/18/2025, 10:58:03 PM | GET /?page=1&limit=50 | Status: 200 | 5ms
_______________________
3/18/2025, 10:58:14 PM | GET /?page=1&limit=50 | Status: 200 | 4ms
_______________________
3/18/2025, 10:58:14 PM | GET /?page=1&limit=50 | Status: 200 | 5ms
_______________________
3/18/2025, 10:58:19 PM | GET /?page=1&limit=50 | Status: 200 | 4ms
_______________________
3/18/2025, 10:58:19 PM | GET /?page=1&limit=50 | Status: 200 | 5ms
_______________________
3/18/2025, 10:58:27 PM | GET /67cb92d8f57a16c0e822ce86 | Status: 200 | 4ms
_______________________
3/18/2025, 10:58:27 PM | GET /67cb92d8f57a16c0e822ce86 | Status: 200 | 4ms
_______________________
3/18/2025, 10:58:45 PM | GET /67cb92d8f57a16c0e822ce86 | Status: 200 | 4ms
_______________________
3/18/2025, 10:58:45 PM | GET /67cb92d8f57a16c0e822ce86 | Status: 200 | 4ms
_______________________
3/18/2025, 10:58:51 PM | GET /67cb92d8f57a16c0e822ce86 | Status: 200 | 4ms
_______________________
3/18/2025, 10:58:51 PM | GET /67cb92d8f57a16c0e822ce86 | Status: 200 | 4ms
_______________________
3/18/2025, 10:59:01 PM | GET /67cb92d8f57a16c0e822ce86 | Status: 200 | 4ms
_______________________
3/18/2025, 10:59:01 PM | GET /67cb92d8f57a16c0e822ce86 | Status: 200 | 4ms
_______________________
3/18/2025, 10:59:17 PM | GET /67cb92d8f57a16c0e822ce86 | Status: 200 | 3ms
_______________________
3/18/2025, 10:59:17 PM | GET /67cb92d8f57a16c0e822ce86 | Status: 200 | 3ms
_______________________
3/18/2025, 10:59:36 PM | GET /67cb92d8f57a16c0e822ce86 | Status: 200 | 4ms
_______________________
3/18/2025, 10:59:36 PM | GET /67cb92d8f57a16c0e822ce86 | Status: 200 | 4ms
_______________________
3/18/2025, 10:59:38 PM | GET /67cb92d8f57a16c0e822ce86 | Status: 200 | 3ms
_______________________
3/18/2025, 10:59:38 PM | GET /67cb92d8f57a16c0e822ce86 | Status: 200 | 3ms
_______________________
3/18/2025, 10:59:45 PM | GET /67cb92d8f57a16c0e822ce86 | Status: 200 | 4ms
_______________________
3/18/2025, 10:59:45 PM | GET /67cb92d8f57a16c0e822ce86 | Status: 200 | 4ms
_______________________
3/18/2025, 11:00:22 PM | GET /67cb92d8f57a16c0e822ce86 | Status: 200 | 3ms
_______________________
3/18/2025, 11:00:22 PM | GET /67cb92d8f57a16c0e822ce86 | Status: 200 | 4ms
_______________________
3/18/2025, 11:00:29 PM | GET /67cb92d8f57a16c0e822ce86 | Status: 200 | 5ms
_______________________
3/18/2025, 11:00:29 PM | GET /67cb92d8f57a16c0e822ce86 | Status: 200 | 5ms
_______________________
3/18/2025, 11:00:43 PM | GET /67cb92d8f57a16c0e822ce86 | Status: 200 | 4ms
_______________________
3/18/2025, 11:00:43 PM | GET /67cb92d8f57a16c0e822ce86 | Status: 200 | 4ms
_______________________
3/18/2025, 11:00:53 PM | GET /67cb92d8f57a16c0e822ce86 | Status: 200 | 28ms
_______________________
3/18/2025, 11:00:53 PM | GET /67cb92d8f57a16c0e822ce86 | Status: 200 | 30ms
_______________________
3/18/2025, 11:01:17 PM | GET /67cb92d8f57a16c0e822ce86 | Status: 200 | 8ms
_______________________
3/18/2025, 11:01:17 PM | GET /67cb92d8f57a16c0e822ce86 | Status: 200 | 9ms
_______________________
3/18/2025, 11:01:50 PM | GET /67cb92d8f57a16c0e822ce86 | Status: 200 | 6ms
_______________________
3/18/2025, 11:01:50 PM | GET /67cb92d8f57a16c0e822ce86 | Status: 200 | 7ms
_______________________
3/18/2025, 11:02:46 PM | GET /67cb92d8f57a16c0e822ce86 | Status: 200 | 4ms
_______________________
3/18/2025, 11:02:46 PM | GET /67cb92d8f57a16c0e822ce86 | Status: 200 | 4ms
_______________________
3/18/2025, 11:02:50 PM | GET / | Status: 200 | 16ms
_______________________
3/18/2025, 11:02:50 PM | GET / | Status: 200 | 19ms
_______________________
3/18/2025, 11:02:51 PM | GET / | Status: 200 | 10ms
_______________________
3/18/2025, 11:02:51 PM | GET / | Status: 200 | 12ms
_______________________
3/18/2025, 11:02:52 PM | GET / | Status: 200 | 12ms
_______________________
3/18/2025, 11:02:52 PM | GET / | Status: 200 | 13ms
_______________________
3/18/2025, 11:02:52 PM | GET /67d9c4a6f74d082918ae4751 | Status: 200 | 13ms
_______________________
3/18/2025, 11:02:52 PM | GET /67d9c4a6f74d082918ae4751 | Status: 200 | 13ms
_______________________
3/18/2025, 11:02:52 PM | GET /67d9c4a6f74d082918ae4751 | Status: 200 | 4ms
_______________________
3/18/2025, 11:02:52 PM | GET /67d9c4a6f74d082918ae4751 | Status: 200 | 4ms
_______________________
3/18/2025, 11:02:53 PM | GET / | Status: 200 | 10ms
_______________________
3/18/2025, 11:02:53 PM | GET / | Status: 200 | 12ms
_______________________
3/18/2025, 11:02:55 PM | GET / | Status: 200 | 7ms
_______________________
3/18/2025, 11:02:55 PM | GET / | Status: 200 | 8ms
_______________________
3/18/2025, 11:02:55 PM | GET /67cb92d8f57a16c0e822ce86 | Status: 200 | 6ms
_______________________
3/18/2025, 11:02:55 PM | GET /67cb92d8f57a16c0e822ce86 | Status: 200 | 6ms
_______________________
3/18/2025, 11:03:12 PM | GET /?likes=67cb92d8f57a16c0e822ce86 | Status: 200 | 9ms
_______________________
3/18/2025, 11:03:12 PM | GET /?likes=67cb92d8f57a16c0e822ce86 | Status: 200 | 11ms
_______________________
3/18/2025, 11:03:15 PM | GET / | Status: 200 | 7ms
_______________________
3/18/2025, 11:03:15 PM | GET / | Status: 200 | 8ms
_______________________
3/18/2025, 11:03:15 PM | GET /67cb92d8f57a16c0e822ce86 | Status: 200 | 5ms
_______________________
3/18/2025, 11:03:15 PM | GET /67cb92d8f57a16c0e822ce86 | Status: 200 | 5ms
_______________________
3/18/2025, 11:03:16 PM | GET / | Status: 200 | 7ms
_______________________
3/18/2025, 11:03:16 PM | GET / | Status: 200 | 9ms
_______________________
3/18/2025, 11:04:56 PM | GET / | Status: 200 | 7ms
_______________________
3/18/2025, 11:04:56 PM | GET / | Status: 200 | 9ms
_______________________
3/18/2025, 11:06:11 PM | GET /?likes=67cb92d8f57a16c0e822ce86 | Status: 200 | 9ms
_______________________
3/18/2025, 11:06:11 PM | GET /?likes=67cb92d8f57a16c0e822ce86 | Status: 200 | 10ms
_______________________
3/18/2025, 11:06:23 PM | GET /?likes=67cb92d8f57a16c0e822ce86 | Status: 200 | 8ms
_______________________
3/18/2025, 11:06:23 PM | GET /?likes=67cb92d8f57a16c0e822ce86 | Status: 200 | 9ms
_______________________
3/18/2025, 11:06:29 PM | GET /?likes=67cb92d8f57a16c0e822ce86 | Status: 200 | 8ms
_______________________
3/18/2025, 11:06:29 PM | GET /?likes=67cb92d8f57a16c0e822ce86 | Status: 200 | 7ms
_______________________
3/18/2025, 11:06:34 PM | GET /?likes=67cb92d8f57a16c0e822ce86 | Status: 200 | 7ms
_______________________
3/18/2025, 11:06:34 PM | GET /?likes=67cb92d8f57a16c0e822ce86 | Status: 200 | 8ms
_______________________
3/18/2025, 11:06:36 PM | GET /?likes=67cb92d8f57a16c0e822ce86 | Status: 200 | 7ms
_______________________
3/18/2025, 11:06:36 PM | GET /?likes=67cb92d8f57a16c0e822ce86 | Status: 200 | 9ms
_______________________
3/18/2025, 11:06:38 PM | GET /?likes=67cb92d8f57a16c0e822ce86 | Status: 200 | 7ms
_______________________
3/18/2025, 11:06:38 PM | GET /?likes=67cb92d8f57a16c0e822ce86 | Status: 200 | 8ms
_______________________
3/18/2025, 11:06:40 PM | GET /?likes=67cb92d8f57a16c0e822ce86 | Status: 200 | 8ms
_______________________
3/18/2025, 11:06:40 PM | GET /?likes=67cb92d8f57a16c0e822ce86 | Status: 200 | 9ms
_______________________
3/18/2025, 11:06:41 PM | GET /?likes=67cb92d8f57a16c0e822ce86 | Status: 200 | 6ms
_______________________
3/18/2025, 11:06:41 PM | GET /?likes=67cb92d8f57a16c0e822ce86 | Status: 200 | 8ms
_______________________
3/18/2025, 11:06:43 PM | GET /?likes=67cb92d8f57a16c0e822ce86 | Status: 200 | 7ms
_______________________
3/18/2025, 11:06:43 PM | GET /?likes=67cb92d8f57a16c0e822ce86 | Status: 200 | 8ms
_______________________
3/18/2025, 11:06:54 PM | GET /?likes=67cb92d8f57a16c0e822ce86 | Status: 200 | 8ms
_______________________
3/18/2025, 11:06:54 PM | GET /?likes=67cb92d8f57a16c0e822ce86 | Status: 200 | 9ms
_______________________
3/18/2025, 11:06:57 PM | GET /?likes=67cb92d8f57a16c0e822ce86 | Status: 200 | 8ms
_______________________
3/18/2025, 11:06:57 PM | GET /?likes=67cb92d8f57a16c0e822ce86 | Status: 200 | 9ms
_______________________
3/18/2025, 11:07:05 PM | GET /?likes=67cb92d8f57a16c0e822ce86 | Status: 200 | 6ms
_______________________
3/18/2025, 11:07:05 PM | GET /?likes=67cb92d8f57a16c0e822ce86 | Status: 200 | 7ms
_______________________
3/18/2025, 11:07:06 PM | GET /?likes=67cb92d8f57a16c0e822ce86 | Status: 200 | 7ms
_______________________
3/18/2025, 11:07:06 PM | GET /?likes=67cb92d8f57a16c0e822ce86 | Status: 200 | 9ms
_______________________
3/18/2025, 11:07:21 PM | GET /?likes=67cb92d8f57a16c0e822ce86 | Status: 200 | 6ms
_______________________
3/18/2025, 11:07:21 PM | GET /?likes=67cb92d8f57a16c0e822ce86 | Status: 200 | 8ms
_______________________
3/18/2025, 11:07:30 PM | GET /?likes=67cb92d8f57a16c0e822ce86 | Status: 200 | 7ms
_______________________
3/18/2025, 11:07:30 PM | GET /?likes=67cb92d8f57a16c0e822ce86 | Status: 200 | 8ms
_______________________
3/18/2025, 11:07:35 PM | GET /?likes=67cb92d8f57a16c0e822ce86 | Status: 200 | 7ms
_______________________
3/18/2025, 11:07:35 PM | GET /?likes=67cb92d8f57a16c0e822ce86 | Status: 200 | 9ms
_______________________
3/18/2025, 11:07:36 PM | GET / | Status: 200 | 6ms
_______________________
3/18/2025, 11:07:36 PM | GET / | Status: 200 | 7ms
_______________________
3/18/2025, 11:08:04 PM | GET / | Status: 200 | 6ms
_______________________
3/18/2025, 11:08:04 PM | GET / | Status: 200 | 7ms
_______________________
3/18/2025, 11:08:07 PM | GET / | Status: 200 | 9ms
_______________________
3/18/2025, 11:08:07 PM | GET / | Status: 200 | 10ms
_______________________
3/18/2025, 11:08:11 PM | GET /my-cards | Status: 200 | 4ms
_______________________
3/18/2025, 11:08:11 PM | GET /my-cards | Status: 200 | 5ms
_______________________
3/18/2025, 11:08:52 PM | GET /my-cards | Status: 200 | 5ms
_______________________
3/18/2025, 11:08:52 PM | GET /my-cards | Status: 200 | 6ms
_______________________
3/18/2025, 11:08:57 PM | GET /my-cards | Status: 200 | 4ms
_______________________
3/18/2025, 11:08:57 PM | GET /my-cards | Status: 200 | 4ms
_______________________
3/18/2025, 11:09:01 PM | GET /my-cards | Status: 200 | 4ms
_______________________
3/18/2025, 11:09:01 PM | GET /my-cards | Status: 200 | 4ms
_______________________
3/18/2025, 11:09:04 PM | GET /my-cards | Status: 200 | 3ms
_______________________
3/18/2025, 11:09:04 PM | GET /my-cards | Status: 200 | 4ms
_______________________
3/18/2025, 11:09:07 PM | GET /my-cards | Status: 200 | 5ms
_______________________
3/18/2025, 11:09:07 PM | GET /my-cards | Status: 200 | 5ms
_______________________
3/18/2025, 11:09:10 PM | GET /my-cards | Status: 200 | 5ms
_______________________
3/18/2025, 11:09:10 PM | GET /my-cards | Status: 200 | 5ms
_______________________
3/18/2025, 11:09:12 PM | GET /my-cards | Status: 200 | 3ms
_______________________
3/18/2025, 11:09:12 PM | GET /my-cards | Status: 200 | 4ms
_______________________
3/18/2025, 11:09:14 PM | GET /my-cards | Status: 200 | 3ms
_______________________
3/18/2025, 11:09:14 PM | GET /my-cards | Status: 200 | 3ms
_______________________
3/18/2025, 11:09:41 PM | GET / | Status: 200 | 7ms
_______________________
3/18/2025, 11:09:41 PM | GET / | Status: 200 | 8ms
_______________________
3/18/2025, 11:09:57 PM | GET / | Status: 200 | 7ms
_______________________
3/18/2025, 11:09:57 PM | GET / | Status: 200 | 8ms
_______________________
3/18/2025, 11:10:00 PM | GET / | Status: 200 | 6ms
_______________________
3/18/2025, 11:10:00 PM | GET / | Status: 200 | 7ms
_______________________
3/18/2025, 11:10:03 PM | GET / | Status: 200 | 5ms
_______________________
3/18/2025, 11:10:03 PM | GET / | Status: 200 | 6ms
_______________________
3/18/2025, 11:10:07 PM | GET / | Status: 200 | 5ms
_______________________
3/18/2025, 11:10:07 PM | GET / | Status: 200 | 7ms
_______________________
3/18/2025, 11:10:11 PM | GET / | Status: 200 | 6ms
_______________________
3/18/2025, 11:10:11 PM | GET / | Status: 200 | 7ms
_______________________
3/18/2025, 11:10:16 PM | GET / | Status: 200 | 7ms
_______________________
3/18/2025, 11:10:16 PM | GET / | Status: 200 | 8ms
_______________________
3/18/2025, 11:10:17 PM | GET / | Status: 200 | 6ms
_______________________
3/18/2025, 11:10:17 PM | GET / | Status: 200 | 7ms
_______________________
3/18/2025, 11:10:37 PM | GET / | Status: 200 | 7ms
_______________________
3/18/2025, 11:10:37 PM | GET / | Status: 200 | 9ms
_______________________
3/18/2025, 11:10:49 PM | GET / | Status: 200 | 6ms
_______________________
3/18/2025, 11:10:49 PM | GET / | Status: 200 | 7ms
_______________________
3/18/2025, 11:10:54 PM | GET / | Status: 200 | 6ms
_______________________
3/18/2025, 11:10:54 PM | GET / | Status: 200 | 7ms
_______________________
3/18/2025, 11:10:55 PM | GET / | Status: 200 | 5ms
_______________________
3/18/2025, 11:10:55 PM | GET / | Status: 200 | 8ms
_______________________
3/18/2025, 11:11:03 PM | GET / | Status: 200 | 4ms
_______________________
3/18/2025, 11:11:03 PM | GET / | Status: 200 | 7ms
_______________________
3/18/2025, 11:12:06 PM | GET / | Status: 200 | 6ms
_______________________
3/18/2025, 11:12:06 PM | GET / | Status: 200 | 8ms
_______________________
3/18/2025, 11:13:33 PM | GET / | Status: 200 | 5ms
_______________________
3/18/2025, 11:13:33 PM | GET / | Status: 200 | 6ms
_______________________
3/18/2025, 11:14:05 PM | GET / | Status: 200 | 7ms
_______________________
3/18/2025, 11:14:05 PM | GET / | Status: 200 | 8ms
_______________________
3/18/2025, 11:14:05 PM | GET / | Status: 200 | 6ms
_______________________
3/18/2025, 11:14:05 PM | GET / | Status: 200 | 7ms
_______________________
3/18/2025, 11:14:25 PM | GET / | Status: 200 | 5ms
_______________________
3/18/2025, 11:14:25 PM | GET / | Status: 200 | 7ms
_______________________
3/18/2025, 11:26:29 PM | GET / | Status: 200 | 33ms
_______________________
3/18/2025, 11:26:29 PM | GET / | Status: 200 | 39ms
_______________________
3/18/2025, 11:27:32 PM | GET / | Status: 200 | 34ms
_______________________
3/18/2025, 11:27:32 PM | GET / | Status: 200 | 38ms
_______________________
3/18/2025, 11:28:01 PM | GET / | Status: 200 | 10ms
_______________________
3/18/2025, 11:28:01 PM | GET / | Status: 200 | 11ms
_______________________
3/18/2025, 11:29:10 PM | GET / | Status: 200 | 8ms
_______________________
3/18/2025, 11:29:10 PM | GET / | Status: 200 | 10ms
_______________________
3/18/2025, 11:29:12 PM | GET / | Status: 200 | 7ms
_______________________
3/18/2025, 11:29:12 PM | GET / | Status: 200 | 9ms
_______________________
3/19/2025, 12:14:41 AM | GET / | Status: 200 | 277ms
_______________________
3/19/2025, 12:14:41 AM | GET / | Status: 200 | 282ms
_______________________
3/19/2025, 12:17:17 AM | GET / | Status: 200 | 275ms
_______________________
3/19/2025, 12:17:18 AM | GET / | Status: 200 | 281ms
_______________________
3/19/2025, 12:17:53 AM | GET / | Status: 200 | 255ms
_______________________
3/19/2025, 12:17:53 AM | GET / | Status: 200 | 257ms
_______________________
3/19/2025, 12:18:10 AM | GET / | Status: 200 | 273ms
_______________________
3/19/2025, 12:18:10 AM | GET / | Status: 200 | 278ms
_______________________
3/19/2025, 12:18:22 AM | GET / | Status: 200 | 41ms
_______________________
3/19/2025, 12:18:22 AM | GET / | Status: 200 | 48ms
_______________________
3/19/2025, 12:18:24 AM | GET / | Status: 200 | 14ms
_______________________
3/19/2025, 12:18:24 AM | GET / | Status: 200 | 16ms
_______________________
3/19/2025, 12:19:09 AM | GET / | Status: 200 | 32ms
_______________________
3/19/2025, 12:19:09 AM | GET / | Status: 200 | 36ms
_______________________
3/19/2025, 12:19:26 AM | GET / | Status: 200 | 275ms
_______________________
3/19/2025, 12:19:26 AM | GET / | Status: 200 | 282ms
_______________________
