3/14/2025, 2:38:24 PM - Status Code: 404 - Error: User not found
3/14/2025, 2:38:39 PM - Status Code: 404 - Error: User not found
3/14/2025, 2:39:10 PM - Status Code: 404 - Error: User not found
3/14/2025, 2:39:15 PM - Status Code: 404 - Error: User not found
3/14/2025, 2:41:23 PM - Status Code: 404 - Error: User not found
3/14/2025, 2:42:45 PM - Status Code: 401 - Error: You do not have permission to delete this user
3/14/2025, 2:43:44 PM - Status Code: 400 - Error: "isBusiness" is required
3/14/2025, 2:43:48 PM - Status Code: 400 - Error: "isBusiness" is required
3/14/2025, 2:43:49 PM - Status Code: 400 - Error: "isBusiness" is required
3/14/2025, 2:44:01 PM - Status Code: 404 - Error: wrong email or password
3/14/2025, 2:44:11 PM - Status Code: 404 - Error: wrong email or password
3/14/2025, 2:44:36 PM - Status Code: 404 - Error: wrong email or password
3/14/2025, 2:44:42 PM - Status Code: 404 - Error: wrong email or password
3/14/2025, 2:44:51 PM - Status Code: 404 - Error: wrong email or password
3/14/2025, 2:46:37 PM - Status Code: 404 - Error: User not found
3/14/2025, 2:49:48 PM - Status Code: 404 - Error: User not found
3/14/2025, 2:50:42 PM - Status Code: 409 - Error: The card already exists
3/14/2025, 2:51:29 PM - Status Code: 404 - Error: Card not found
3/14/2025, 2:54:23 PM - Status Code: 409 - Error: The card already exists
3/14/2025, 3:00:04 PM - Status Code: 409 - Error: The card already exists
3/14/2025, 3:08:57 PM - Status Code: 409 - Error: The card already exists
3/14/2025, 8:25:58 PM - Status Code: 400 - Error: "isBusiness" is required
3/14/2025, 8:36:33 PM - Status Code: 409 - Error: The card already exists
3/14/2025, 8:41:46 PM - Status Code: 409 - Error: The card already exists
3/14/2025, 8:46:01 PM - Status Code: 404 - Error: User not found
3/14/2025, 8:48:12 PM - Status Code: 409 - Error: The card already exists
3/14/2025, 8:50:23 PM - Status Code: 404 - Error: User not found
3/14/2025, 8:50:43 PM - Status Code: 404 - Error: User not found
3/14/2025, 8:50:55 PM - Status Code: 400 - Error: Cannot read properties of null (reading 'deletedCount')
3/14/2025, 8:51:08 PM - Status Code: 404 - Error: User not found
