2025-03-07T00:14:32.371Z - Status Code: 400 - Error: "name.middle" is not allowed to be empty
2025-03-07T00:17:54.451Z - Status Code: 400 - Error: "image.url" is not allowed to be empty
2025-03-07T00:18:44.107Z - Status Code: 400 - Error: invalid email or password
2025-03-07T00:25:44.531Z - Status Code: 400 - Error: Invalid email or password
2025-03-07T00:39:04.013Z - Status Code: 401 - Error: access denied. no token provided
2025-03-07T00:39:21.955Z - Status Code: 401 - Error: access denied. no token provided
2025-03-07T00:39:36.925Z - Status Code: 401 - Error: access denied. no token provided
2025-03-07T00:43:48.281Z - Status Code: 401 - Error: access denied. no token provided
2025-03-07T00:48:30.786Z - Status Code: 400 - Error: "image.url" is not allowed to be empty
2025-03-07T00:49:36.408Z - Status Code: 400 - Error: "image.url" is not allowed to be empty
2025-03-07T00:50:46.785Z - Status Code: 400 - Error: "image.url" is not allowed to be empty
2025-03-07T00:51:40.008Z - Status Code: 400 - Error: "image.url" is not allowed to be empty
2025-03-07T00:53:21.569Z - Status Code: 400 - Error: The phone number must be an Israeli phone number starting with 05 and max digits is 9-10 
2025-03-07T00:57:55.361Z - Status Code: 400 - Error: "image.url" is not allowed to be empty
2025-03-07T01:00:52.622Z - Status Code: 400 - Error: "image.url" is not allowed to be empty
2025-03-07T01:02:13.440Z - Status Code: 400 - Error: "image.url" is not allowed to be empty
2025-03-07T01:03:09.577Z - Status Code: 400 - Error: "image.url" is not allowed to be empty
2025-03-07T01:10:43.055Z - Status Code: 400 - Error: "image.url" is not allowed to be empty
2025-03-07T01:16:22.642Z - Status Code: 400 - Error: "image.url" is not allowed to be empty
2025-03-07T01:19:43.077Z - Status Code: 400 - Error: "image.url" is not allowed to be empty
2025-03-07T01:21:58.523Z - Status Code: 400 - Error: "image.url" is not allowed to be empty
2025-03-07T01:25:54.757Z - Status Code: 400 - Error: "image.url" is not allowed to be empty
2025-03-07T01:28:02.089Z - Status Code: 400 - Error: "image.url" is not allowed to be empty
2025-03-07T01:33:08.583Z - Status Code: 400 - Error: "image.url" is not allowed to be empty
2025-03-07T02:21:25.587Z - Status Code: 400 - Error: JsonWebTokenError: invalid token
2025-03-07T02:21:25.588Z - Status Code: 400 - Error: {"name":"JsonWebTokenError","message":"invalid token"}
2025-03-07T02:22:42.930Z - Status Code: 400 - Error: JsonWebTokenError: invalid token
2025-03-07T02:22:42.931Z - Status Code: 400 - Error: {"name":"JsonWebTokenError","message":"invalid token"}
2025-03-07T02:23:48.877Z - Status Code: 400 - Error: JsonWebTokenError: invalid token
2025-03-07T02:23:48.878Z - Status Code: 400 - Error: {"name":"JsonWebTokenError","message":"invalid token"}
2025-03-07T02:24:11.150Z - Status Code: 400 - Error: JsonWebTokenError: invalid token
2025-03-07T02:24:11.150Z - Status Code: 400 - Error: {"name":"JsonWebTokenError","message":"invalid token"}
2025-03-07T02:24:12.552Z - Status Code: 400 - Error: JsonWebTokenError: invalid token
2025-03-07T02:24:12.552Z - Status Code: 400 - Error: {"name":"JsonWebTokenError","message":"invalid token"}
2025-03-07T02:24:19.671Z - Status Code: 400 - Error: JsonWebTokenError: invalid token
2025-03-07T02:24:19.672Z - Status Code: 400 - Error: {"name":"JsonWebTokenError","message":"invalid token"}
2025-03-07T02:25:53.821Z - Status Code: 400 - Error: JsonWebTokenError: invalid token
2025-03-07T02:25:53.821Z - Status Code: 400 - Error: {"name":"JsonWebTokenError","message":"invalid token"}
2025-03-07T02:26:34.423Z - Status Code: 400 - Error: JsonWebTokenError: invalid token
2025-03-07T02:26:34.424Z - Status Code: 400 - Error: {"name":"JsonWebTokenError","message":"invalid token"}
2025-03-07T02:27:53.607Z - Status Code: 400 - Error: JsonWebTokenError: invalid token
2025-03-07T02:27:53.608Z - Status Code: 400 - Error: {"name":"JsonWebTokenError","message":"invalid token"}
2025-03-07T02:27:54.076Z - Status Code: 400 - Error: JsonWebTokenError: invalid token
2025-03-07T02:27:54.077Z - Status Code: 400 - Error: {"name":"JsonWebTokenError","message":"invalid token"}
2025-03-07T02:28:19.760Z - Status Code: 400 - Error: JsonWebTokenError: invalid token
2025-03-07T02:28:19.761Z - Status Code: 400 - Error: {"name":"JsonWebTokenError","message":"invalid token"}
2025-03-07T02:30:07.083Z - Status Code: 400 - Error: JsonWebTokenError: invalid token
2025-03-07T02:30:07.084Z - Status Code: 400 - Error: {"name":"JsonWebTokenError","message":"invalid token"}
2025-03-07T02:30:18.475Z - Status Code: 400 - Error: JsonWebTokenError: invalid token
2025-03-07T02:30:18.475Z - Status Code: 400 - Error: {"name":"JsonWebTokenError","message":"invalid token"}
2025-03-07T02:30:40.047Z - Status Code: 400 - Error: JsonWebTokenError: invalid token
2025-03-07T02:30:40.048Z - Status Code: 400 - Error: {"name":"JsonWebTokenError","message":"invalid token"}
2025-03-07T02:31:32.065Z - Status Code: 400 - Error: JsonWebTokenError: invalid token
2025-03-07T02:31:32.066Z - Status Code: 400 - Error: {"name":"JsonWebTokenError","message":"invalid token"}
2025-03-07T02:31:40.577Z - Status Code: 400 - Error: JsonWebTokenError: invalid token
2025-03-07T02:31:40.577Z - Status Code: 400 - Error: {"name":"JsonWebTokenError","message":"invalid token"}
2025-03-07T02:31:53.251Z - Status Code: 400 - Error: JsonWebTokenError: invalid token
2025-03-07T02:31:53.252Z - Status Code: 400 - Error: {"name":"JsonWebTokenError","message":"invalid token"}
2025-03-07T02:32:36.079Z - Status Code: 400 - Error: JsonWebTokenError: invalid token
2025-03-07T02:32:36.080Z - Status Code: 400 - Error: {"name":"JsonWebTokenError","message":"invalid token"}
2025-03-07T02:32:48.260Z - Status Code: 400 - Error: JsonWebTokenError: invalid token
2025-03-07T02:32:48.260Z - Status Code: 400 - Error: {"name":"JsonWebTokenError","message":"invalid token"}
2025-03-07T02:33:14.930Z - Status Code: 400 - Error: JsonWebTokenError: invalid token
2025-03-07T02:33:14.931Z - Status Code: 400 - Error: {"name":"JsonWebTokenError","message":"invalid token"}
2025-03-07T02:33:21.840Z - Status Code: 400 - Error: JsonWebTokenError: invalid token
2025-03-07T02:33:21.840Z - Status Code: 400 - Error: {"name":"JsonWebTokenError","message":"invalid token"}
2025-03-07T02:33:29.500Z - Status Code: 400 - Error: JsonWebTokenError: invalid token
2025-03-07T02:33:29.501Z - Status Code: 400 - Error: {"name":"JsonWebTokenError","message":"invalid token"}
2025-03-07T02:33:30.638Z - Status Code: 400 - Error: JsonWebTokenError: invalid token
2025-03-07T02:33:30.639Z - Status Code: 400 - Error: {"name":"JsonWebTokenError","message":"invalid token"}
2025-03-07T02:34:02.863Z - Status Code: 400 - Error: JsonWebTokenError: invalid token
2025-03-07T02:34:02.864Z - Status Code: 400 - Error: {"name":"JsonWebTokenError","message":"invalid token"}
2025-03-07T02:34:03.335Z - Status Code: 400 - Error: JsonWebTokenError: invalid token
2025-03-07T02:34:03.336Z - Status Code: 400 - Error: {"name":"JsonWebTokenError","message":"invalid token"}
2025-03-07T02:35:40.267Z - Status Code: 400 - Error: JsonWebTokenError: invalid token
2025-03-07T02:35:40.267Z - Status Code: 400 - Error: {"name":"JsonWebTokenError","message":"invalid token"}
2025-03-07T02:40:23.374Z - Status Code: 400 - Error: JsonWebTokenError: invalid token
2025-03-07T02:40:23.374Z - Status Code: 400 - Error: {"name":"JsonWebTokenError","message":"invalid token"}
2025-03-07T02:41:21.574Z - Status Code: 400 - Error: JsonWebTokenError: invalid token
2025-03-07T02:41:21.574Z - Status Code: 400 - Error: {"name":"JsonWebTokenError","message":"invalid token"}
2025-03-07T02:42:06.781Z - Status Code: 400 - Error: JsonWebTokenError: invalid token
2025-03-07T02:42:06.781Z - Status Code: 400 - Error: {"name":"JsonWebTokenError","message":"invalid token"}
2025-03-07T02:42:13.255Z - Status Code: 400 - Error: JsonWebTokenError: invalid token
2025-03-07T02:42:13.255Z - Status Code: 400 - Error: {"name":"JsonWebTokenError","message":"invalid token"}
2025-03-07T02:43:23.994Z - Status Code: 400 - Error: JsonWebTokenError: invalid token
2025-03-07T02:43:23.994Z - Status Code: 400 - Error: {"name":"JsonWebTokenError","message":"invalid token"}
2025-03-07T02:43:53.574Z - Status Code: 400 - Error: JsonWebTokenError: invalid token
2025-03-07T02:43:53.574Z - Status Code: 400 - Error: {"name":"JsonWebTokenError","message":"invalid token"}
2025-03-07T02:55:02.805Z - Status Code: 400 - Error: JsonWebTokenError: invalid token
2025-03-07T02:55:02.805Z - Status Code: 400 - Error: {"name":"JsonWebTokenError","message":"invalid token"}
2025-03-07T02:55:09.786Z - Status Code: 400 - Error: JsonWebTokenError: invalid token
2025-03-07T02:55:09.786Z - Status Code: 400 - Error: {"name":"JsonWebTokenError","message":"invalid token"}
2025-03-07T02:55:43.074Z - Status Code: 400 - Error: JsonWebTokenError: invalid token
2025-03-07T02:55:43.075Z - Status Code: 400 - Error: {"name":"JsonWebTokenError","message":"invalid token"}
2025-03-07T02:55:49.937Z - Status Code: 400 - Error: JsonWebTokenError: invalid token
2025-03-07T02:55:49.937Z - Status Code: 400 - Error: {"name":"JsonWebTokenError","message":"invalid token"}
2025-03-07T03:09:17.712Z - Status Code: 400 - Error: JsonWebTokenError: invalid token
2025-03-07T03:09:17.712Z - Status Code: 400 - Error: {"name":"JsonWebTokenError","message":"invalid token"}
2025-03-07T03:09:40.914Z - Status Code: 400 - Error: JsonWebTokenError: invalid token
2025-03-07T03:09:40.914Z - Status Code: 400 - Error: {"name":"JsonWebTokenError","message":"invalid token"}
2025-03-07T03:09:57.659Z - Status Code: 400 - Error: JsonWebTokenError: invalid token
2025-03-07T03:09:57.660Z - Status Code: 400 - Error: {"name":"JsonWebTokenError","message":"invalid token"}
2025-03-07T03:09:59.886Z - Status Code: 400 - Error: JsonWebTokenError: invalid token
2025-03-07T03:09:59.886Z - Status Code: 400 - Error: {"name":"JsonWebTokenError","message":"invalid token"}
2025-03-07T03:10:05.400Z - Status Code: 400 - Error: JsonWebTokenError: invalid token
2025-03-07T03:10:05.400Z - Status Code: 400 - Error: {"name":"JsonWebTokenError","message":"invalid token"}
2025-03-07T03:10:07.205Z - Status Code: 400 - Error: JsonWebTokenError: invalid token
2025-03-07T03:10:07.205Z - Status Code: 400 - Error: {"name":"JsonWebTokenError","message":"invalid token"}
2025-03-07T03:10:16.792Z - Status Code: 400 - Error: JsonWebTokenError: invalid token
2025-03-07T03:10:16.792Z - Status Code: 400 - Error: {"name":"JsonWebTokenError","message":"invalid token"}
2025-03-07T03:10:24.207Z - Status Code: 400 - Error: JsonWebTokenError: invalid token
2025-03-07T03:10:24.207Z - Status Code: 400 - Error: {"name":"JsonWebTokenError","message":"invalid token"}
2025-03-07T03:10:31.134Z - Status Code: 400 - Error: JsonWebTokenError: invalid token
2025-03-07T03:10:31.135Z - Status Code: 400 - Error: {"name":"JsonWebTokenError","message":"invalid token"}
2025-03-07T03:10:32.592Z - Status Code: 400 - Error: JsonWebTokenError: invalid token
2025-03-07T03:10:32.592Z - Status Code: 400 - Error: {"name":"JsonWebTokenError","message":"invalid token"}
2025-03-07T03:10:59.349Z - Status Code: 400 - Error: JsonWebTokenError: invalid token
2025-03-07T03:10:59.349Z - Status Code: 400 - Error: {"name":"JsonWebTokenError","message":"invalid token"}
2025-03-07T03:11:00.610Z - Status Code: 400 - Error: JsonWebTokenError: invalid token
2025-03-07T03:11:00.610Z - Status Code: 400 - Error: {"name":"JsonWebTokenError","message":"invalid token"}
2025-03-07T03:11:01.952Z - Status Code: 400 - Error: JsonWebTokenError: invalid token
2025-03-07T03:11:01.952Z - Status Code: 400 - Error: {"name":"JsonWebTokenError","message":"invalid token"}
2025-03-07T03:11:04.983Z - Status Code: 400 - Error: JsonWebTokenError: invalid token
2025-03-07T03:11:04.983Z - Status Code: 400 - Error: {"name":"JsonWebTokenError","message":"invalid token"}
2025-03-07T03:11:06.738Z - Status Code: 400 - Error: {"name":"JsonWebTokenError","message":"invalid token"}
2025-03-07T03:11:06.738Z - Status Code: 400 - Error: JsonWebTokenError: invalid token
2025-03-07T03:11:08.650Z - Status Code: 400 - Error: {"name":"JsonWebTokenError","message":"invalid token"}
2025-03-07T03:11:08.650Z - Status Code: 400 - Error: JsonWebTokenError: invalid token
2025-03-07T03:11:09.961Z - Status Code: 400 - Error: JsonWebTokenError: invalid token
2025-03-07T03:11:09.962Z - Status Code: 400 - Error: {"name":"JsonWebTokenError","message":"invalid token"}
2025-03-07T03:11:12.515Z - Status Code: 400 - Error: JsonWebTokenError: invalid token
2025-03-07T03:11:12.515Z - Status Code: 400 - Error: {"name":"JsonWebTokenError","message":"invalid token"}
2025-03-07T03:11:18.170Z - Status Code: 400 - Error: JsonWebTokenError: invalid token
2025-03-07T03:11:18.170Z - Status Code: 400 - Error: {"name":"JsonWebTokenError","message":"invalid token"}
2025-03-07T03:11:34.866Z - Status Code: 400 - Error: JsonWebTokenError: invalid token
2025-03-07T03:11:34.866Z - Status Code: 400 - Error: {"name":"JsonWebTokenError","message":"invalid token"}
2025-03-07T03:11:38.861Z - Status Code: 400 - Error: JsonWebTokenError: invalid token
2025-03-07T03:11:38.862Z - Status Code: 400 - Error: {"name":"JsonWebTokenError","message":"invalid token"}
2025-03-07T03:11:41.137Z - Status Code: 400 - Error: JsonWebTokenError: invalid token
2025-03-07T03:11:41.137Z - Status Code: 400 - Error: {"name":"JsonWebTokenError","message":"invalid token"}
2025-03-07T03:11:43.329Z - Status Code: 400 - Error: JsonWebTokenError: invalid token
2025-03-07T03:11:43.329Z - Status Code: 400 - Error: {"name":"JsonWebTokenError","message":"invalid token"}
2025-03-07T03:11:52.989Z - Status Code: 400 - Error: JsonWebTokenError: invalid token
2025-03-07T03:11:52.990Z - Status Code: 400 - Error: {"name":"JsonWebTokenError","message":"invalid token"}
2025-03-07T03:11:59.527Z - Status Code: 400 - Error: JsonWebTokenError: invalid token
2025-03-07T03:11:59.527Z - Status Code: 400 - Error: {"name":"JsonWebTokenError","message":"invalid token"}
2025-03-07T03:12:33.048Z - Status Code: 400 - Error: JsonWebTokenError: invalid token
2025-03-07T03:12:33.049Z - Status Code: 400 - Error: {"name":"JsonWebTokenError","message":"invalid token"}
2025-03-07T03:12:48.585Z - Status Code: 400 - Error: JsonWebTokenError: invalid token
2025-03-07T03:12:48.586Z - Status Code: 400 - Error: {"name":"JsonWebTokenError","message":"invalid token"}
2025-03-07T03:13:14.676Z - Status Code: 400 - Error: JsonWebTokenError: invalid token
2025-03-07T03:13:14.676Z - Status Code: 400 - Error: {"name":"JsonWebTokenError","message":"invalid token"}
2025-03-07T03:16:49.010Z - Status Code: 401 - Error: Access denied. You are not authorized to access this user's data
2025-03-07T03:17:06.689Z - Status Code: 401 - Error: Access denied. You are not authorized to access this user's data
2025-03-07T03:17:18.421Z - Status Code: 401 - Error: Access denied. You are not authorized to access this user's data
2025-03-07T03:17:20.593Z - Status Code: 401 - Error: Access denied. You are not authorized to access this user's data
2025-03-07T03:17:46.375Z - Status Code: 401 - Error: Access denied. You are not authorized to access this user's data
2025-03-07T03:17:53.385Z - Status Code: 401 - Error: Access denied. You are not authorized to access this user's data
2025-03-07T03:18:01.512Z - Status Code: 401 - Error: Access denied. You are not authorized to access this user's data
2025-03-07T03:18:02.673Z - Status Code: 401 - Error: Access denied. You are not authorized to access this user's data
2025-03-07T03:18:04.349Z - Status Code: 401 - Error: Access denied. You are not authorized to access this user's data
2025-03-07T03:18:04.816Z - Status Code: 401 - Error: Access denied. You are not authorized to access this user's data
2025-03-07T03:18:05.229Z - Status Code: 401 - Error: Access denied. You are not authorized to access this user's data
2025-03-07T03:18:34.224Z - Status Code: 401 - Error: Access denied. You are not authorized to access this user's data
2025-03-07T03:18:39.157Z - Status Code: 401 - Error: Access denied. You are not authorized to access this user's data
2025-03-07T03:18:43.350Z - Status Code: 401 - Error: Access denied. You are not authorized to access this user's data
2025-03-07T03:20:17.536Z - Status Code: 401 - Error: Access denied. You are not authorized to access this user's data
2025-03-07T03:20:18.398Z - Status Code: 401 - Error: Access denied. You are not authorized to access this user's data
2025-03-07T03:20:46.142Z - Status Code: 401 - Error: Access denied. You are not authorized to access this user's data
2025-03-07T03:21:06.130Z - Status Code: 401 - Error: Access denied. You are not authorized to access this user's data
2025-03-07T03:21:07.214Z - Status Code: 401 - Error: Access denied. You are not authorized to access this user's data
2025-03-07T03:21:47.674Z - Status Code: 401 - Error: Access denied. You are not authorized to access this user's data
2025-03-07T03:21:52.476Z - Status Code: 401 - Error: Access denied. You are not authorized to access this user's data
2025-03-07T03:22:46.498Z - Status Code: 401 - Error: Access denied. You are not authorized to access this user's data
2025-03-07T03:23:00.946Z - Status Code: 401 - Error: Access denied. You are not authorized to access this user's data
2025-03-07T03:23:17.384Z - Status Code: 401 - Error: Access denied. You are not authorized to access this user's data
2025-03-07T03:23:25.204Z - Status Code: 401 - Error: Access denied. You are not authorized to access this user's data
2025-03-07T03:23:29.339Z - Status Code: 401 - Error: Access denied. You are not authorized to access this user's data
2025-03-07T03:23:31.432Z - Status Code: 401 - Error: Access denied. You are not authorized to access this user's data
2025-03-07T03:23:33.536Z - Status Code: 401 - Error: Access denied. You are not authorized to access this user's data
2025-03-07T03:23:34.214Z - Status Code: 401 - Error: Access denied. You are not authorized to access this user's data
2025-03-07T03:23:34.488Z - Status Code: 401 - Error: Access denied. You are not authorized to access this user's data
2025-03-07T03:23:34.745Z - Status Code: 401 - Error: Access denied. You are not authorized to access this user's data
2025-03-07T03:23:58.863Z - Status Code: 401 - Error: Access denied. You are not authorized to access this user's data
2025-03-07T03:24:05.812Z - Status Code: 401 - Error: Access denied. You are not authorized to access this user's data
2025-03-07T03:24:24.066Z - Status Code: 401 - Error: Access denied. You are not authorized to access this user's data
2025-03-07T03:24:25.060Z - Status Code: 401 - Error: Access denied. You are not authorized to access this user's data
2025-03-07T03:24:53.331Z - Status Code: 401 - Error: Access denied. You are not authorized to access this user's data
2025-03-07T03:25:05.331Z - Status Code: 401 - Error: Access denied. You are not authorized to access this user's data
2025-03-07T03:25:12.179Z - Status Code: 401 - Error: Access denied. You are not authorized to access this user's data
2025-03-07T03:25:28.943Z - Status Code: 401 - Error: Access denied. You are not authorized to access this user's data
2025-03-07T03:25:49.526Z - Status Code: 401 - Error: Access denied. You are not authorized to access this user's data
2025-03-07T03:25:49.877Z - Status Code: 401 - Error: Access denied. You are not authorized to access this user's data
2025-03-07T03:26:30.085Z - Status Code: 401 - Error: Access denied. You are not authorized to access this user's data
2025-03-07T03:26:56.964Z - Status Code: 401 - Error: Access denied. You are not authorized to access this user's data
2025-03-07T03:27:14.090Z - Status Code: 401 - Error: Access denied. You are not authorized to access this user's data
2025-03-07T03:35:38.703Z - Status Code: 401 - Error: Access denied. You are not authorized to access this user's data
2025-03-07T03:36:51.420Z - Status Code: 401 - Error: Access denied. You are not authorized to access this user's data
2025-03-07T03:37:21.230Z - Status Code: 401 - Error: Access denied. You are not authorized to access this user's data
2025-03-07T03:38:11.101Z - Status Code: 401 - Error: Access denied. You are not authorized to access this user's data
2025-03-07T03:38:31.134Z - Status Code: 401 - Error: Access denied. You are not authorized to access this user's data
2025-03-07T03:39:09.428Z - Status Code: 401 - Error: Access denied. You are not authorized to access this user's data
2025-03-07T03:39:15.869Z - Status Code: 401 - Error: Access denied. You are not authorized to access this user's data
2025-03-07T03:39:37.076Z - Status Code: 401 - Error: Access denied. You are not authorized to access this user's data
2025-03-07T03:39:37.936Z - Status Code: 401 - Error: Access denied. You are not authorized to access this user's data
2025-03-07T03:39:42.067Z - Status Code: 401 - Error: access denied. no token provided
2025-03-07T03:39:50.090Z - Status Code: 401 - Error: access denied. no token provided
2025-03-07T03:41:02.409Z - Status Code: 401 - Error: You have to login to see your cards
2025-03-07T03:41:02.415Z - Status Code: 401 - Error: You have to login to see your cards
2025-03-07T03:41:02.770Z - Status Code: 401 - Error: You have to login to see your cards
2025-03-07T03:41:03.216Z - Status Code: 401 - Error: You have to login to see your cards
2025-03-07T03:41:41.911Z - Status Code: 401 - Error: You have to login to see your cards
2025-03-07T03:41:41.918Z - Status Code: 401 - Error: You have to login to see your cards
2025-03-07T03:41:42.295Z - Status Code: 401 - Error: You have to login to see your cards
2025-03-07T03:42:16.120Z - Status Code: 401 - Error: access denied. no token provided
2025-03-07T03:42:18.412Z - Status Code: 401 - Error: access denied. no token provided
2025-03-07T03:42:25.889Z - Status Code: 401 - Error: access denied. no token provided
2025-03-07T03:42:25.896Z - Status Code: 401 - Error: access denied. no token provided
2025-03-07T03:42:26.220Z - Status Code: 401 - Error: access denied. no token provided
2025-03-07T03:42:39.074Z - Status Code: 401 - Error: You have to login to see your cards
2025-03-07T03:42:41.687Z - Status Code: 401 - Error: You have to login to see your cards
2025-03-07T03:42:50.482Z - Status Code: 401 - Error: You have to login to see your cards
2025-03-07T03:42:50.486Z - Status Code: 401 - Error: You have to login to see your cards
2025-03-07T03:42:50.753Z - Status Code: 401 - Error: You have to login to see your cards
2025-03-07T03:42:53.810Z - Status Code: 401 - Error: You have to login to see your cards
2025-03-07T03:42:53.818Z - Status Code: 401 - Error: You have to login to see your cards
2025-03-07T03:42:54.125Z - Status Code: 401 - Error: You have to login to see your cards
2025-03-07T03:43:02.000Z - Status Code: 401 - Error: You have to login to see your cards
2025-03-07T03:43:13.054Z - Status Code: 401 - Error: You have to login to see your cards
2025-03-07T03:43:18.130Z - Status Code: 401 - Error: You have to login to see your cards
2025-03-07T03:43:19.845Z - Status Code: 401 - Error: You have to login to see your cards
2025-03-07T03:43:19.865Z - Status Code: 401 - Error: You have to login to see your cards
2025-03-07T03:43:20.709Z - Status Code: 401 - Error: You have to login to see your cards
2025-03-07T03:43:23.247Z - Status Code: 401 - Error: You have to login to see your cards
2025-03-07T03:43:23.252Z - Status Code: 401 - Error: You have to login to see your cards
2025-03-07T03:43:23.546Z - Status Code: 401 - Error: You have to login to see your cards
2025-03-07T03:43:47.491Z - Status Code: 401 - Error: You have to login to see your cards
2025-03-07T03:44:36.244Z - Status Code: 400 - Error: Cast to ObjectId failed for value "my-card" (type string) at path "_id" for model "cards"
2025-03-07T03:44:36.247Z - Status Code: 400 - Error: Cast to ObjectId failed for value "my-card" (type string) at path "_id" for model "cards"
2025-03-07T03:44:36.538Z - Status Code: 400 - Error: Cast to ObjectId failed for value "my-card" (type string) at path "_id" for model "cards"
2025-03-07T03:44:38.795Z - Status Code: 400 - Error: Cast to ObjectId failed for value "my-card" (type string) at path "_id" for model "cards"
2025-03-07T03:44:38.800Z - Status Code: 400 - Error: Cast to ObjectId failed for value "my-card" (type string) at path "_id" for model "cards"
2025-03-07T03:44:39.126Z - Status Code: 400 - Error: Cast to ObjectId failed for value "my-card" (type string) at path "_id" for model "cards"
2025-03-07T03:44:40.860Z - Status Code: 400 - Error: Cast to ObjectId failed for value "my-card" (type string) at path "_id" for model "cards"
2025-03-07T03:44:40.864Z - Status Code: 400 - Error: Cast to ObjectId failed for value "my-card" (type string) at path "_id" for model "cards"
2025-03-07T03:44:41.235Z - Status Code: 400 - Error: Cast to ObjectId failed for value "my-card" (type string) at path "_id" for model "cards"
2025-03-07T03:45:47.021Z - Status Code: 401 - Error: You have to login to see your cards
2025-03-07T03:45:47.029Z - Status Code: 401 - Error: You have to login to see your cards
2025-03-07T03:45:47.616Z - Status Code: 401 - Error: You have to login to see your cards
2025-03-07T03:45:48.437Z - Status Code: 401 - Error: You have to login to see your cards
2025-03-07T03:47:11.305Z - Status Code: 401 - Error: You have to login to see your cards
2025-03-07T03:48:14.145Z - Status Code: 401 - Error: You have to login to see your cards
2025-03-07T03:49:07.182Z - Status Code: 401 - Error: You have to login to see your cards
2025-03-07T03:49:38.454Z - Status Code: 401 - Error: access denied. no token provided
2025-03-07T03:50:12.524Z - Status Code: 401 - Error: You have to login to see your cards
2025-03-07T03:50:16.217Z - Status Code: 401 - Error: You have to login to see your cards
2025-03-07T03:50:16.472Z - Status Code: 401 - Error: You have to login to see your cards
2025-03-07T03:50:16.723Z - Status Code: 401 - Error: You have to login to see your cards
2025-03-07T03:50:16.998Z - Status Code: 401 - Error: You have to login to see your cards
2025-03-07T03:50:17.275Z - Status Code: 401 - Error: You have to login to see your cards
2025-03-07T03:50:17.586Z - Status Code: 401 - Error: You have to login to see your cards
2025-03-07T03:50:51.121Z - Status Code: 404 - Error: No cards found for this user
2025-03-07T03:50:58.492Z - Status Code: 404 - Error: No cards found for this user
2025-03-07T03:51:09.913Z - Status Code: 404 - Error: No cards found for this user
2025-03-07T03:51:53.016Z - Status Code: 404 - Error: No cards found for this user
2025-03-07T03:51:53.611Z - Status Code: 404 - Error: No cards found for this user
2025-03-07T03:51:55.534Z - Status Code: 404 - Error: No cards found for this user
2025-03-07T03:51:58.630Z - Status Code: 404 - Error: No cards found for this user
2025-03-07T03:52:42.279Z - Status Code: 404 - Error: No cards found for this user
2025-03-07T03:53:15.184Z - Status Code: 404 - Error: No cards found for this user
2025-03-07T03:53:50.643Z - Status Code: 401 - Error: access denied. no token provided
2025-03-07T03:53:50.672Z - Status Code: 404 - Error: No cards found for this user
2025-03-07T03:53:53.722Z - Status Code: 404 - Error: No cards found for this user
2025-03-07T18:43:10.246Z - Status Code: 404 - Error: No cards found for this user
2025-03-07T18:43:45.148Z - Status Code: 404 - Error: No cards found for this user
2025-03-07T18:44:23.973Z - Status Code: 404 - Error: No cards found for this user
2025-03-07T18:44:24.548Z - Status Code: 404 - Error: No cards found for this user
2025-03-07T18:45:09.469Z - Status Code: 404 - Error: No cards found for this user
2025-03-07T18:47:58.806Z - Status Code: 404 - Error: No cards found for this user
2025-03-07T18:47:59.394Z - Status Code: 404 - Error: No cards found for this user
2025-03-07T18:48:05.754Z - Status Code: 404 - Error: No cards found for this user
2025-03-07T18:48:27.207Z - Status Code: 404 - Error: No cards found for this user
2025-03-07T18:49:02.160Z - Status Code: 404 - Error: No cards found for this user
2025-03-07T18:49:26.950Z - Status Code: 404 - Error: No cards found for this user
2025-03-07T18:51:01.722Z - Status Code: 404 - Error: No cards found for this user
2025-03-07T18:53:07.667Z - Status Code: 404 - Error: No cards found for this user
2025-03-07T18:53:08.727Z - Status Code: 404 - Error: No cards found for this user
2025-03-07T18:53:38.261Z - Status Code: 404 - Error: No cards found for this user
2025-03-07T18:53:50.395Z - Status Code: 404 - Error: No cards found for this user
2025-03-07T18:53:50.975Z - Status Code: 404 - Error: No cards found for this user
2025-03-07T18:54:06.034Z - Status Code: 404 - Error: No cards found for this user
2025-03-07T18:54:07.449Z - Status Code: 404 - Error: No cards found for this user
2025-03-07T18:58:14.392Z - Status Code: 400 - Error: "web" is not allowed to be empty
2025-03-07T19:06:09.681Z - Status Code: 404 - Error: No cards found for this user
2025-03-07T19:06:09.692Z - Status Code: 404 - Error: No cards found for this user
2025-03-07T19:06:10.167Z - Status Code: 404 - Error: No cards found for this user
2025-03-07T19:06:40.881Z - Status Code: 404 - Error: No cards found for this user
2025-03-07T19:08:16.242Z - Status Code: 404 - Error: No cards found for this user
2025-03-07T19:08:24.417Z - Status Code: 404 - Error: No cards found for this user
2025-03-07T19:09:02.185Z - Status Code: 404 - Error: No cards found for this user
2025-03-07T19:11:03.577Z - Status Code: 404 - Error: No cards found for this user
2025-03-07T19:11:56.274Z - Status Code: 404 - Error: No cards found for this user
2025-03-07T19:12:01.582Z - Status Code: 404 - Error: No cards found for this user
2025-03-07T19:12:02.452Z - Status Code: 404 - Error: No cards found for this user
2025-03-07T19:12:16.446Z - Status Code: 404 - Error: No cards found for this user
2025-03-07T19:12:34.102Z - Status Code: 404 - Error: No cards found for this user
2025-03-07T19:14:24.278Z - Status Code: 404 - Error: No cards found for this user
2025-03-07T19:15:31.701Z - Status Code: 404 - Error: No cards found for this user
2025-03-07T19:15:51.996Z - Status Code: 404 - Error: No cards found for this user
2025-03-07T19:16:48.065Z - Status Code: 404 - Error: No cards found for this user
2025-03-07T19:16:48.072Z - Status Code: 404 - Error: No cards found for this user
2025-03-07T19:16:48.508Z - Status Code: 404 - Error: No cards found for this user
2025-03-07T19:16:49.379Z - Status Code: 404 - Error: No cards found for this user
2025-03-07T19:17:10.577Z - Status Code: 404 - Error: No cards found for this user
2025-03-07T19:17:36.467Z - Status Code: 404 - Error: No cards found for this user
2025-03-07T19:17:44.398Z - Status Code: 404 - Error: No cards found for this user
2025-03-07T19:17:59.899Z - Status Code: 404 - Error: No cards found for this user
2025-03-07T19:17:59.916Z - Status Code: 404 - Error: No cards found for this user
2025-03-07T19:18:02.165Z - Status Code: 404 - Error: No cards found for this user
2025-03-07T19:18:02.226Z - Status Code: 404 - Error: No cards found for this user
2025-03-07T19:18:03.023Z - Status Code: 404 - Error: No cards found for this user
2025-03-07T19:18:04.157Z - Status Code: 404 - Error: No cards found for this user
2025-03-07T19:18:05.657Z - Status Code: 404 - Error: No cards found for this user
2025-03-07T19:18:05.664Z - Status Code: 404 - Error: No cards found for this user
2025-03-07T19:18:05.997Z - Status Code: 404 - Error: No cards found for this user
2025-03-07T19:18:07.816Z - Status Code: 404 - Error: No cards found for this user
2025-03-07T19:18:07.821Z - Status Code: 404 - Error: No cards found for this user
2025-03-07T19:18:08.117Z - Status Code: 404 - Error: No cards found for this user
2025-03-07T19:18:11.634Z - Status Code: 404 - Error: No cards found for this user
2025-03-07T19:18:20.192Z - Status Code: 404 - Error: No cards found for this user
2025-03-07T19:18:20.197Z - Status Code: 404 - Error: No cards found for this user
2025-03-07T19:18:20.465Z - Status Code: 404 - Error: No cards found for this user
2025-03-07T19:18:23.540Z - Status Code: 404 - Error: No cards found for this user
2025-03-07T19:18:28.094Z - Status Code: 404 - Error: No cards found for this user
2025-03-07T19:18:29.640Z - Status Code: 404 - Error: No cards found for this user
2025-03-07T19:19:12.447Z - Status Code: 404 - Error: No cards found for this user
2025-03-07T19:19:13.575Z - Status Code: 404 - Error: No cards found for this user
2025-03-07T19:19:14.526Z - Status Code: 404 - Error: No cards found for this user
2025-03-07T19:19:34.278Z - Status Code: 404 - Error: No cards found for this user
2025-03-07T19:19:34.806Z - Status Code: 404 - Error: No cards found for this user
2025-03-07T19:19:36.844Z - Status Code: 404 - Error: No cards found for this user
2025-03-07T19:20:38.355Z - Status Code: 404 - Error: No cards found for this user
2025-03-07T19:21:00.682Z - Status Code: 404 - Error: No cards found for this user
2025-03-07T19:21:01.516Z - Status Code: 404 - Error: No cards found for this user
2025-03-07T19:21:07.651Z - Status Code: 404 - Error: No cards found for this user
2025-03-07T19:21:22.746Z - Status Code: 404 - Error: No cards found for this user
2025-03-07T19:21:46.187Z - Status Code: 404 - Error: No cards found for this user
2025-03-07T19:21:47.470Z - Status Code: 404 - Error: No cards found for this user
2025-03-07T19:21:51.014Z - Status Code: 404 - Error: No cards found for this user
2025-03-07T19:21:57.036Z - Status Code: 404 - Error: No cards found for this user
2025-03-07T19:21:58.314Z - Status Code: 404 - Error: No cards found for this user
2025-03-07T19:22:01.745Z - Status Code: 404 - Error: No cards found for this user
2025-03-07T19:22:07.230Z - Status Code: 404 - Error: No cards found for this user
2025-03-07T19:22:14.676Z - Status Code: 404 - Error: No cards found for this user
2025-03-07T19:22:26.917Z - Status Code: 404 - Error: No cards found for this user
2025-03-07T19:22:27.533Z - Status Code: 404 - Error: No cards found for this user
2025-03-07T19:22:29.332Z - Status Code: 404 - Error: No cards found for this user
2025-03-07T19:22:51.322Z - Status Code: 404 - Error: No cards found for this user
2025-03-07T19:23:13.716Z - Status Code: 404 - Error: No cards found for this user
2025-03-07T19:23:14.190Z - Status Code: 404 - Error: No cards found for this user
2025-03-07T19:23:41.787Z - Status Code: 404 - Error: No cards found for this user
2025-03-07T19:23:42.653Z - Status Code: 404 - Error: No cards found for this user
2025-03-07T19:23:46.551Z - Status Code: 404 - Error: No cards found for this user
2025-03-07T19:23:48.612Z - Status Code: 404 - Error: No cards found for this user
2025-03-07T19:24:06.182Z - Status Code: 404 - Error: No cards found for this user
2025-03-07T19:24:21.127Z - Status Code: 404 - Error: No cards found for this user
2025-03-07T19:24:49.884Z - Status Code: 404 - Error: No cards found for this user
2025-03-07T19:24:50.399Z - Status Code: 404 - Error: No cards found for this user
2025-03-07T19:25:26.174Z - Status Code: 404 - Error: No cards found for this user
2025-03-07T19:25:30.335Z - Status Code: 404 - Error: No cards found for this user
2025-03-07T19:25:48.302Z - Status Code: 404 - Error: No cards found for this user
2025-03-07T19:25:48.894Z - Status Code: 404 - Error: No cards found for this user
2025-03-07T19:25:55.297Z - Status Code: 404 - Error: No cards found for this user
2025-03-07T19:25:56.712Z - Status Code: 404 - Error: No cards found for this user
2025-03-07T19:26:35.326Z - Status Code: 400 - Error: Cast to ObjectId failed for value "my-cards&&user_id=$" (type string) at path "_id" for model "cards"
2025-03-07T19:26:35.332Z - Status Code: 400 - Error: Cast to ObjectId failed for value "my-cards&&user_id=$" (type string) at path "_id" for model "cards"
2025-03-07T19:26:35.814Z - Status Code: 400 - Error: Cast to ObjectId failed for value "my-cards&&user_id=67ca4da5983b5e79d1ee4cb7" (type string) at path "_id" for model "cards"
2025-03-07T19:26:36.942Z - Status Code: 400 - Error: Cast to ObjectId failed for value "my-cards&&user_id=67ca4da5983b5e79d1ee4cb7" (type string) at path "_id" for model "cards"
2025-03-07T19:27:02.305Z - Status Code: 400 - Error: Cast to ObjectId failed for value "my-cards&&user_id=67ca4da5983b5e79d1ee4cb7" (type string) at path "_id" for model "cards"
2025-03-07T19:27:10.094Z - Status Code: 404 - Error: No cards found for this user
2025-03-07T19:27:10.101Z - Status Code: 404 - Error: No cards found for this user
2025-03-07T19:27:10.582Z - Status Code: 404 - Error: No cards found for this user
2025-03-07T19:27:30.935Z - Status Code: 404 - Error: No cards found for this user
2025-03-07T19:27:31.524Z - Status Code: 404 - Error: No cards found for this user
2025-03-07T19:27:52.054Z - Status Code: 404 - Error: No cards found for this user
2025-03-07T19:28:43.443Z - Status Code: 404 - Error: No cards found for this user
2025-03-07T19:29:19.189Z - Status Code: 404 - Error: No cards found for this user
2025-03-07T19:29:32.013Z - Status Code: 404 - Error: 
2025-03-07T19:29:32.014Z - Status Code: 404 - Error: []
2025-03-07T19:31:14.796Z - Status Code: 404 - Error: No cards found for this user
2025-03-07T19:31:18.081Z - Status Code: 404 - Error: No cards found for this user
2025-03-07T19:46:39.798Z - Status Code: 401 - Error: access denied. no token provided
2025-03-07T19:46:42.240Z - Status Code: 401 - Error: access denied. no token provided
2025-03-07T19:53:12.196Z - Status Code: 409 - Error: The card already exists
2025-03-07T19:57:10.216Z - Status Code: 409 - Error: The card already exists
2025-03-07T20:06:16.721Z - Status Code: 400 - Error: "web" is not allowed to be empty
2025-03-07T20:07:32.137Z - Status Code: 400 - Error: "address.zip" must be a string
2025-03-07T20:12:29.758Z - Status Code: 400 - Error: "address.zip" must be a string
2025-03-07T20:13:58.383Z - Status Code: 401 - Error: access denied. no token provided
2025-03-07T20:14:56.568Z - Status Code: 401 - Error: access denied. no token provided
2025-03-07T20:17:01.511Z - Status Code: 400 - Error: "address.zip" must be a string
2025-03-07T20:18:14.119Z - Status Code: 400 - Error: "address.zip" must be a string
2025-03-07T20:19:58.364Z - Status Code: 400 - Error: "address.zip" must be a string
2025-03-07T20:24:52.601Z - Status Code: 400 - Error: "address.zip" must be a string
2025-03-07T20:25:34.303Z - Status Code: 401 - Error: access denied. no token provided
2025-03-07T20:25:35.555Z - Status Code: 401 - Error: access denied. no token provided
2025-03-07T20:26:30.965Z - Status Code: 400 - Error: "address.zip" must be a string
2025-03-07T20:27:49.296Z - Status Code: 400 - Error: "address.zip" must be a string
2025-03-07T20:28:46.891Z - Status Code: 400 - Error: "address.zip" must be a string
