3/10/2025, 2:05:39 AM - Status Code: 401 - Error: access denied. no token provided
3/10/2025, 2:05:41 AM - Status Code: 401 - Error: access denied. no token provided
3/10/2025, 2:07:24 AM - Status Code: 403 - Error: just admin user can access
3/10/2025, 2:12:31 AM - Status Code: 403 - Error: just admin user can access
3/10/2025, 2:12:54 AM - Status Code: 403 - Error: just admin user can access
3/10/2025, 2:13:33 AM - Status Code: 403 - Error: just admin user can access
3/10/2025, 2:13:38 AM - Status Code: 403 - Error: just admin user can access
3/10/2025, 2:14:33 AM - Status Code: 403 - Error: just admin user can access
3/10/2025, 2:14:37 AM - Status Code: 403 - Error: just admin user can access
3/10/2025, 2:14:40 AM - Status Code: 403 - Error: just admin user can access
3/10/2025, 2:14:43 AM - Status Code: 403 - Error: just admin user can access
3/10/2025, 2:14:46 AM - Status Code: 403 - Error: just admin user can access
3/10/2025, 2:14:51 AM - Status Code: 403 - Error: just admin user can access
3/10/2025, 2:14:57 AM - Status Code: 403 - Error: just admin user can access
3/10/2025, 2:14:58 AM - Status Code: 403 - Error: just admin user can access
3/10/2025, 2:15:01 AM - Status Code: 403 - Error: just admin user can access
3/10/2025, 2:15:14 AM - Status Code: 403 - Error: just admin user can access
3/10/2025, 2:15:17 AM - Status Code: 403 - Error: just admin user can access
3/10/2025, 2:15:18 AM - Status Code: 403 - Error: just admin user can access
3/10/2025, 2:15:21 AM - Status Code: 403 - Error: just admin user can access
3/10/2025, 2:15:29 AM - Status Code: 403 - Error: just admin user can access
3/10/2025, 2:15:30 AM - Status Code: 403 - Error: just admin user can access
3/10/2025, 2:15:35 AM - Status Code: 403 - Error: just admin user can access
3/10/2025, 2:15:36 AM - Status Code: 403 - Error: just admin user can access
3/10/2025, 2:15:43 AM - Status Code: 403 - Error: just admin user can access
3/10/2025, 2:15:45 AM - Status Code: 403 - Error: just admin user can access
3/10/2025, 2:15:47 AM - Status Code: 403 - Error: just admin user can access
3/10/2025, 2:15:53 AM - Status Code: 403 - Error: just admin user can access
3/10/2025, 2:15:56 AM - Status Code: 403 - Error: just admin user can access
3/10/2025, 2:15:59 AM - Status Code: 403 - Error: just admin user can access
3/10/2025, 2:16:00 AM - Status Code: 403 - Error: just admin user can access
3/10/2025, 2:16:06 AM - Status Code: 403 - Error: just admin user can access
3/10/2025, 2:16:16 AM - Status Code: 403 - Error: just admin user can access
3/10/2025, 2:16:17 AM - Status Code: 403 - Error: just admin user can access
3/10/2025, 2:17:02 AM - Status Code: 403 - Error: just admin user can access
3/10/2025, 7:48:54 PM - Status Code: 401 - Error: access denied. no token provided
3/10/2025, 7:49:20 PM - Status Code: 401 - Error: access denied. no token provided
3/10/2025, 7:49:22 PM - Status Code: 401 - Error: access denied. no token provided
3/10/2025, 7:49:31 PM - Status Code: 401 - Error: access denied. no token provided
3/10/2025, 7:49:50 PM - Status Code: 401 - Error: access denied. no token provided
3/10/2025, 7:49:55 PM - Status Code: 401 - Error: access denied. no token provided
3/10/2025, 7:53:01 PM - Status Code: 401 - Error: access denied. no token provided
3/10/2025, 8:36:34 PM - Status Code: 400 - Error: invalid email or password
3/10/2025, 10:13:03 PM - Status Code: 403 - Error: just admin user can access
3/10/2025, 10:14:10 PM - Status Code: 403 - Error: just admin user can access
3/10/2025, 10:14:15 PM - Status Code: 403 - Error: just admin user can access
3/10/2025, 10:16:32 PM - Status Code: 403 - Error: just admin user can access
3/10/2025, 10:17:34 PM - Status Code: 403 - Error: just admin user can access
3/10/2025, 10:17:54 PM - Status Code: 403 - Error: just admin user can access
3/10/2025, 10:20:26 PM - Status Code: 403 - Error: just admin user can access
3/10/2025, 10:24:42 PM - Status Code: 404 - Error: No cards found for this user
3/10/2025, 10:27:07 PM - Status Code: 404 - Error: No cards found for this user
3/10/2025, 10:50:15 PM - Status Code: 400 - Error: invalid email or password
3/10/2025, 10:50:27 PM - Status Code: 400 - Error: Invalid email or password
3/10/2025, 10:51:34 PM - Status Code: 400 - Error: Invalid email or password
3/10/2025, 10:52:14 PM - Status Code: 400 - Error: invalid email or password
3/10/2025, 10:53:28 PM - Status Code: 403 - Error: just admin user can access
3/10/2025, 10:54:25 PM - Status Code: 403 - Error: just admin user can access
3/10/2025, 10:56:09 PM - Status Code: 403 - Error: just admin user can access
3/10/2025, 10:56:15 PM - Status Code: 403 - Error: just admin user can access
3/10/2025, 10:57:33 PM - Status Code: 403 - Error: just admin user can access
3/10/2025, 10:58:40 PM - Status Code: 403 - Error: just admin user can access
3/10/2025, 10:59:16 PM - Status Code: 403 - Error: just admin user can access
3/10/2025, 11:00:18 PM - Status Code: 403 - Error: just admin user can access
3/10/2025, 11:00:32 PM - Status Code: 403 - Error: just admin user can access
3/10/2025, 11:00:34 PM - Status Code: 403 - Error: just admin user can access
3/10/2025, 11:00:44 PM - Status Code: 403 - Error: just admin user can access
3/10/2025, 11:00:45 PM - Status Code: 403 - Error: just admin user can access
3/10/2025, 11:00:47 PM - Status Code: 403 - Error: just admin user can access
3/10/2025, 11:01:11 PM - Status Code: 403 - Error: just admin user can access
3/10/2025, 11:01:37 PM - Status Code: 403 - Error: just admin user can access
3/10/2025, 11:01:39 PM - Status Code: 403 - Error: just admin user can access
3/10/2025, 11:02:05 PM - Status Code: 403 - Error: just admin user can access
3/10/2025, 11:02:09 PM - Status Code: 403 - Error: just admin user can access
3/10/2025, 11:03:46 PM - Status Code: 403 - Error: just admin user can access
3/11/2025, 12:14:31 AM - Status Code: 401 - Error: Access denied
3/11/2025, 12:15:49 AM - Status Code: 401 - Error: You do not have permission to delete this
3/11/2025, 12:23:51 AM - Status Code: 401 - Error: You do not have permission to delete this user
3/11/2025, 12:24:32 AM - Status Code: 401 - Error: You do not have permission to delete this user
3/11/2025, 12:25:06 AM - Status Code: 401 - Error: You do not have permission to delete this user
3/11/2025, 12:25:44 AM - Status Code: 401 - Error: You do not have permission to delete this user
3/11/2025, 12:25:53 AM - Status Code: 401 - Error: You do not have permission to delete this user
3/11/2025, 12:26:03 AM - Status Code: 401 - Error: You do not have permission to delete this user
3/11/2025, 12:26:25 AM - Status Code: 401 - Error: You do not have permission to delete this user
3/11/2025, 12:27:43 AM - Status Code: 400 - Error: {}
3/11/2025, 12:28:50 AM - Status Code: 400 - Error: {}
3/11/2025, 12:29:19 AM - Status Code: 400 - Error: {}
3/11/2025, 12:32:53 AM - Status Code: 401 - Error: You do not have permission to delete this user
3/11/2025, 12:33:59 AM - Status Code: 401 - Error: You do not have permission to delete this user
3/11/2025, 12:39:39 AM - Status Code: 401 - Error: access denied. no token provided
3/11/2025, 12:40:11 AM - Status Code: 401 - Error: access denied. no token provided
3/11/2025, 12:40:21 AM - Status Code: 401 - Error: access denied. no token provided
3/11/2025, 12:40:44 AM - Status Code: 401 - Error: access denied. no token provided
3/11/2025, 12:40:59 AM - Status Code: 401 - Error: access denied. no token provided
3/11/2025, 12:41:03 AM - Status Code: 401 - Error: access denied. no token provided
3/11/2025, 12:41:18 AM - Status Code: 401 - Error: access denied. no token provided
3/11/2025, 12:41:23 AM - Status Code: 401 - Error: access denied. no token provided
3/11/2025, 12:41:38 AM - Status Code: 401 - Error: access denied. no token provided
3/11/2025, 12:45:06 AM - Status Code: 401 - Error: access denied. no token provided
3/11/2025, 12:46:06 AM - Status Code: 401 - Error: access denied. no token provided
3/11/2025, 12:48:16 AM - Status Code: 401 - Error: access denied. no token provided
3/11/2025, 12:48:29 AM - Status Code: 401 - Error: access denied. no token provided
3/11/2025, 12:48:46 AM - Status Code: 404 - Error: No cards found for this user
3/11/2025, 12:48:59 AM - Status Code: 404 - Error: No cards found for this user
3/11/2025, 12:51:38 AM - Status Code: 401 - Error: access denied. no token provided
3/11/2025, 12:52:07 AM - Status Code: 401 - Error: access denied. no token provided
3/11/2025, 12:52:40 AM - Status Code: 401 - Error: access denied. no token provided
3/11/2025, 12:54:33 AM - Status Code: 400 - Error: Cannot access 'cardToDelete' before initialization
3/11/2025, 12:54:39 AM - Status Code: 400 - Error: Cannot access 'cardToDelete' before initialization
3/11/2025, 12:55:04 AM - Status Code: 400 - Error: Cannot access 'cardToDelete' before initialization
3/11/2025, 12:55:07 AM - Status Code: 400 - Error: Cannot access 'cardToDelete' before initialization
3/11/2025, 12:55:09 AM - Status Code: 400 - Error: Cannot access 'cardToDelete' before initialization
3/11/2025, 12:55:10 AM - Status Code: 400 - Error: Cannot access 'cardToDelete' before initialization
3/11/2025, 12:55:11 AM - Status Code: 400 - Error: Cannot access 'cardToDelete' before initialization
3/11/2025, 12:55:24 AM - Status Code: 400 - Error: Cannot access 'cardToDelete' before initialization
3/11/2025, 12:55:53 AM - Status Code: 400 - Error: Cannot access 'cardToDelete' before initialization
3/11/2025, 12:57:38 AM - Status Code: 400 - Error: Cannot access 'cardToDelete' before initialization
3/11/2025, 12:58:11 AM - Status Code: 400 - Error: Cannot access 'cardToDelete' before initialization
3/11/2025, 12:59:56 AM - Status Code: 400 - Error: Cannot access 'cardToDelete' before initialization
3/11/2025, 1:00:38 AM - Status Code: 400 - Error: Cannot access 'cardToDelete' before initialization
3/11/2025, 1:02:48 AM - Status Code: 400 - Error: Cannot access 'cardToDelete' before initialization
3/11/2025, 1:05:23 AM - Status Code: 400 - Error: Cannot access 'cardToDelete' before initialization
3/11/2025, 1:10:01 AM - Status Code: 400 - Error: Cannot access 'cardToDelete' before initialization
