2025-03-08T00:36:07.984Z - Status Code: 400 - Error: invalid email or password
2025-03-08T00:40:46.054Z - Status Code: 400 - Error: "name.middle" is not allowed to be empty
2025-03-08T00:59:32.576Z - Status Code: 404 - Error: No cards found for this user
2025-03-08T01:01:32.194Z - Status Code: 404 - Error: No cards found for this user
2025-03-08T01:05:52.697Z - Status Code: 404 - Error: No cards found for this user
2025-03-08T01:05:53.753Z - Status Code: 404 - Error: No cards found for this user
2025-03-08T01:05:54.327Z - Status Code: 404 - Error: No cards found for this user
2025-03-08T01:05:54.946Z - Status Code: 404 - Error: No cards found for this user
2025-03-08T01:23:49.539Z - Status Code: 404 - Error: No cards found for this user
2025-03-08T01:28:38.133Z - Status Code: 404 - Error: No cards found for this user
2025-03-08T21:56:12.918Z - Status Code: 401 - Error: access denied. no token provided
2025-03-08T22:12:30.772Z - Status Code: 401 - Error: Access denied. You are not authorized to access this user's data
2025-03-08T22:12:32.392Z - Status Code: 401 - Error: Access denied. You are not authorized to access this user's data
2025-03-08T22:12:38.519Z - Status Code: 401 - Error: Access denied. You are not authorized to access this user's data
2025-03-08T22:12:54.438Z - Status Code: 401 - Error: Access denied. You are not authorized to access this user's data
2025-03-08T22:13:03.599Z - Status Code: 401 - Error: Access denied. You are not authorized to access this user's data
2025-03-08T22:14:05.221Z - Status Code: 401 - Error: Access denied. You are not authorized to access this user's data
2025-03-08T22:15:56.817Z - Status Code: 401 - Error: Access denied. You are not authorized to access this user's data
2025-03-08T22:16:08.039Z - Status Code: 401 - Error: Access denied. You are not authorized to access this user's data
2025-03-08T22:16:09.053Z - Status Code: 401 - Error: Access denied. You are not authorized to access this user's data
2025-03-08T22:16:40.044Z - Status Code: 404 - Error: No cards found for this user
2025-03-08T22:16:44.142Z - Status Code: 404 - Error: No cards found for this user
2025-03-08T22:16:50.582Z - Status Code: 404 - Error: No cards found for this user
2025-03-08T22:17:13.930Z - Status Code: 404 - Error: No cards found for this user
2025-03-08T22:17:59.776Z - Status Code: 401 - Error: Access denied. You are not authorized to access this user's data
2025-03-08T22:19:48.044Z - Status Code: 401 - Error: Access denied. You are not authorized to access this user's data
2025-03-08T22:21:13.666Z - Status Code: 401 - Error: Access denied. You are not authorized to access this user's data
2025-03-08T22:21:39.225Z - Status Code: 401 - Error: Access denied. You are not authorized to access this user's data
2025-03-08T22:22:20.665Z - Status Code: 401 - Error: Access denied. You are not authorized to access this user's data
2025-03-08T22:22:54.973Z - Status Code: 401 - Error: Access denied. You are not authorized to access this user's data
2025-03-08T22:23:06.708Z - Status Code: 401 - Error: Access denied. You are not authorized to access this user's data
2025-03-08T22:23:25.393Z - Status Code: 401 - Error: Access denied. You are not authorized to access this user's data
2025-03-08T22:24:45.976Z - Status Code: 401 - Error: Access denied. You are not authorized to access this user's data
2025-03-08T22:24:49.533Z - Status Code: 401 - Error: Access denied. You are not authorized to access this user's data
2025-03-08T22:25:34.964Z - Status Code: 401 - Error: Access denied. You are not authorized to access this user's data
2025-03-08T22:25:45.274Z - Status Code: 401 - Error: Access denied. You are not authorized to access this user's data
2025-03-08T22:26:14.276Z - Status Code: 401 - Error: Access denied. You are not authorized to access this user's data
2025-03-08T22:26:52.146Z - Status Code: 401 - Error: Access denied. You are not authorized to access this user's data
2025-03-08T22:27:03.954Z - Status Code: 401 - Error: Access denied. You are not authorized to access this user's data
2025-03-08T22:27:14.360Z - Status Code: 401 - Error: Access denied. You are not authorized to access this user's data
2025-03-08T22:27:21.438Z - Status Code: 401 - Error: Access denied. You are not authorized to access this user's data
2025-03-08T22:28:07.917Z - Status Code: 404 - Error: No cards found for this user
2025-03-08T22:28:36.480Z - Status Code: 403 - Error: just admin user can access
2025-03-08T22:30:01.817Z - Status Code: 404 - Error: No cards found for this user
2025-03-08T22:30:03.931Z - Status Code: 404 - Error: No cards found for this user
2025-03-08T22:30:20.763Z - Status Code: 401 - Error: Access denied. You are not authorized to access this user's data
2025-03-08T22:32:34.030Z - Status Code: 401 - Error: Access denied. You are not authorized to access this user's data
2025-03-08T22:42:42.324Z - Status Code: 404 - Error: No cards found for this user
2025-03-08T22:45:57.540Z - Status Code: 400 - Error: "address.state" is not allowed to be empty
2025-03-08T22:45:57.572Z - Status Code: 404 - Error: No cards found for this user
2025-03-08T22:46:00.723Z - Status Code: 404 - Error: No cards found for this user
2025-03-08T23:21:06.863Z - Status Code: 404 - Error: Card not found
2025-03-08T23:21:45.399Z - Status Code: 404 - Error: Card not found
2025-03-08T23:21:58.018Z - Status Code: 404 - Error: Card not found
2025-03-08T23:25:35.842Z - Status Code: 401 - Error: Only owner or admin users can update the card
2025-03-08T23:26:04.693Z - Status Code: 401 - Error: Only owner or admin users can update the card
2025-03-08T23:26:35.888Z - Status Code: 401 - Error: Only owner or admin users can update the card
2025-03-08T23:28:41.591Z - Status Code: 401 - Error: Only owner or admin users can update the card
2025-03-08T23:28:55.573Z - Status Code: 401 - Error: Only owner or admin users can update the card
2025-03-08T23:29:01.108Z - Status Code: 401 - Error: Only owner or admin users can update the card
2025-03-08T23:29:30.131Z - Status Code: 401 - Error: Only owner or admin users can update the card
2025-03-08T23:30:31.096Z - Status Code: 401 - Error: Only owner or admin users can update the card
2025-03-08T23:30:40.649Z - Status Code: 401 - Error: Only owner or admin users can update the card
2025-03-08T23:31:53.250Z - Status Code: 401 - Error: Only owner or admin users can update the card
2025-03-08T23:32:22.944Z - Status Code: 401 - Error: Only owner or admin users can update the card
2025-03-08T23:34:23.868Z - Status Code: 401 - Error: Only owner or admin users can update the card
2025-03-08T23:34:36.329Z - Status Code: 400 - Error: TypeError: userCardToUpdae.push is not a function
2025-03-08T23:34:36.330Z - Status Code: 400 - Error: {}
2025-03-08T23:34:37.365Z - Status Code: 400 - Error: TypeError: userCardToUpdae.push is not a function
2025-03-08T23:34:37.365Z - Status Code: 400 - Error: {}
2025-03-08T23:35:49.117Z - Status Code: 401 - Error: Only owner or admin users can update the card
3/9/2025, 1:41:49 AM - Status Code: 401 - Error: Only owner or admin users can update the card
3/9/2025, 1:42:24 AM - Status Code: 401 - Error: Only owner or admin users can update the card
3/9/2025, 1:47:11 AM - Status Code: 401 - Error: Only owner or admin users can update the card
3/9/2025, 1:49:44 AM - Status Code: 401 - Error: Only owner or admin users can update the card
3/9/2025, 1:50:10 AM - Status Code: 401 - Error: Only owner or admin users can update the card
3/9/2025, 1:50:18 AM - Status Code: 404 - Error: User not found
3/9/2025, 1:50:59 AM - Status Code: 401 - Error: Only owner or admin users can update the card
3/9/2025, 1:54:16 AM - Status Code: 401 - Error: Only owner or admin users can update the card
3/9/2025, 1:54:23 AM - Status Code: 401 - Error: Only owner or admin users can update the card
3/9/2025, 1:55:33 AM - Status Code: 401 - Error: Only owner or admin users can update the card
